#
# There is insufficient memory for the Java Runtime Environment to continue.
# Native memory allocation (malloc) failed to allocate 1938896 bytes. Error detail: Chunk::new
# Possible reasons:
#   The system is out of physical RAM or swap space
#   This process is running with CompressedOops enabled, and the Java Heap may be blocking the growth of the native heap
# Possible solutions:
#   Reduce memory load on the system
#   Increase physical memory or swap space
#   Check if swap backing store is full
#   Decrease Java heap size (-Xmx/-Xms)
#   Decrease number of Java threads
#   Decrease Java thread stack sizes (-Xss)
#   Set larger code cache with -XX:ReservedCodeCacheSize=
#   JVM is running with Unscaled Compressed Oops mode in which the Java heap is
#     placed in the first 4GB address space. The Java Heap base address is the
#     maximum limit for the native heap growth. Please use -XX:HeapBaseMinAddress
#     to set the Java Heap base and to place the Java Heap above 4GB virtual address.
# This output file may be truncated or incomplete.
#
#  Out of Memory Error (arena.cpp:168), pid=17332, tid=25224
#
# JRE version: OpenJDK Runtime Environment Temurin-21.0.7+6 (21.0.7+6) (build 21.0.7+6-LTS)
# Java VM: OpenJDK 64-Bit Server VM Temurin-21.0.7+6 (21.0.7+6-LTS, mixed mode, sharing, tiered, compressed oops, compressed class ptrs, parallel gc, windows-amd64)
# No core dump will be written. Minidumps are not enabled by default on client versions of Windows
#

---------------  S U M M A R Y ------------

Command Line: --add-modules=ALL-SYSTEM --add-opens=java.base/java.util=ALL-UNNAMED --add-opens=java.base/java.lang=ALL-UNNAMED --add-opens=java.base/sun.nio.fs=ALL-UNNAMED -Declipse.application=org.eclipse.jdt.ls.core.id1 -Dosgi.bundles.defaultStartLevel=4 -Declipse.product=org.eclipse.jdt.ls.core.product -Djava.import.generatesMetadataFilesAtProjectRoot=false -DDetectVMInstallationsJob.disabled=true -Dfile.encoding=utf8 -XX:+UseParallelGC -XX:GCTimeRatio=4 -XX:AdaptiveSizePolicyWeight=90 -Dsun.zip.disableMemoryMapping=true -Xmx1G -Xms100m -Xlog:disable -javaagent:c:\Users\Administrator\.vscode\extensions\redhat.java-1.42.0-win32-x64\lombok\lombok-1.18.36.jar -XX:+HeapDumpOnOutOfMemoryError -XX:HeapDumpPath=c:\Users\Administrator\AppData\Roaming\Code\User\workspaceStorage\321f4ca2a7b99939e1520ab77cd8a172\redhat.java -Daether.dependencyCollector.impl=bf c:\Users\Administrator\.vscode\extensions\redhat.java-1.42.0-win32-x64\server\plugins\org.eclipse.equinox.launcher_1.7.0.v20250424-1814.jar -configuration c:\Users\Administrator\AppData\Roaming\Code\User\globalStorage\redhat.java\1.42.0\config_win -data c:\Users\Administrator\AppData\Roaming\Code\User\workspaceStorage\321f4ca2a7b99939e1520ab77cd8a172\redhat.java\jdt_ws --pipe=\\.\pipe\lsp-8731460c496a77ec75734ede5553463a-sock

Host: AMD Ryzen 5 5500U with Radeon Graphics         , 12 cores, 5G,  Windows 11 , 64 bit Build 22621 (10.0.22621.5262)
Time: Tue May 20 21:51:38 2025 SE Asia Standard Time elapsed time: 41.691151 seconds (0d 0h 0m 41s)

---------------  T H R E A D  ---------------

Current thread (0x000002bafcc87040):  JavaThread "C2 CompilerThread1" daemon [_thread_in_native, id=25224, stack(0x000000dc72100000,0x000000dc72200000) (1024K)]


Current CompileTask:
C2:41691 8859   !   4       org.eclipse.jdt.internal.core.search.indexing.BinaryIndexer::indexDocument (1168 bytes)

Stack: [0x000000dc72100000,0x000000dc72200000]
Native frames: (J=compiled Java code, j=interpreted, Vv=VM code, C=native code)
V  [jvm.dll+0x6ce119]
V  [jvm.dll+0x8a84a1]
V  [jvm.dll+0x8aa9ce]
V  [jvm.dll+0x8ab0b3]
V  [jvm.dll+0x27f8a6]
V  [jvm.dll+0xc507d]
V  [jvm.dll+0xc55b3]
V  [jvm.dll+0x3b68f2]
V  [jvm.dll+0x382aa5]
V  [jvm.dll+0x381f0a]
V  [jvm.dll+0x247af0]
V  [jvm.dll+0x2470cf]
V  [jvm.dll+0x1c760e]
V  [jvm.dll+0x25695a]
V  [jvm.dll+0x254efa]
V  [jvm.dll+0x3f03f6]
V  [jvm.dll+0x851f6b]
V  [jvm.dll+0x6cc7dd]
C  [ucrtbase.dll+0x29333]
C  [KERNEL32.DLL+0x1259d]
C  [ntdll.dll+0x5af58]


---------------  P R O C E S S  ---------------

Threads class SMR info:
_java_thread_list=0x000002bafcb698d0, length=57, elements={
0x000002bade267130, 0x000002baf495e280, 0x000002bae060f8d0, 0x000002bae0612650,
0x000002bae06136c0, 0x000002bae0615c70, 0x000002bae06170b0, 0x000002bae0617ee0,
0x000002bae061cf30, 0x000002baf5e9c540, 0x000002baf619e8b0, 0x000002bafba3db60,
0x000002bafb3c33c0, 0x000002bafb3c9d90, 0x000002bafb3ca3f0, 0x000002bafb7e7690,
0x000002bafb3387e0, 0x000002bafbba1500, 0x000002bafbba07e0, 0x000002bafbb9e080,
0x000002bafbba0150, 0x000002bafbb9e710, 0x000002bafbb9fac0, 0x000002bafbba0e70,
0x000002bafbb9f430, 0x000002bafd5618a0, 0x000002bafd562c50, 0x000002bafd567480,
0x000002bafd565a40, 0x000002bafd5653b0, 0x000002bafd566760, 0x000002bafd5660d0,
0x000002bafd564d20, 0x000002bafd566df0, 0x000002bafd5632e0, 0x000002bafd567b10,
0x000002bafd564000, 0x000002bafd561210, 0x000002bafd560b80, 0x000002bafd563970,
0x000002bafd5681a0, 0x000002bafd561f30, 0x000002bafd5625c0, 0x000002bafd564690,
0x000002bafc275850, 0x000002bafc275ee0, 0x000002bafc277290, 0x000002bafc276c00,
0x000002bafbcb06e0, 0x000002bafbcb1a90, 0x000002bafbcac540, 0x000002bafbcaf330,
0x000002bafbcaf9c0, 0x000002bafbcb27b0, 0x000002bafbcb0050, 0x000002bafcc87040,
0x000002bafcc884b0
}

Java Threads: ( => current thread )
  0x000002bade267130 JavaThread "main"                              [_thread_blocked, id=20752, stack(0x000000dc6db00000,0x000000dc6dc00000) (1024K)]
  0x000002baf495e280 JavaThread "Reference Handler"          daemon [_thread_blocked, id=13996, stack(0x000000dc6df00000,0x000000dc6e000000) (1024K)]
  0x000002bae060f8d0 JavaThread "Finalizer"                  daemon [_thread_blocked, id=14884, stack(0x000000dc6e000000,0x000000dc6e100000) (1024K)]
  0x000002bae0612650 JavaThread "Signal Dispatcher"          daemon [_thread_blocked, id=11800, stack(0x000000dc6e100000,0x000000dc6e200000) (1024K)]
  0x000002bae06136c0 JavaThread "Attach Listener"            daemon [_thread_blocked, id=13000, stack(0x000000dc6e200000,0x000000dc6e300000) (1024K)]
  0x000002bae0615c70 JavaThread "Service Thread"             daemon [_thread_blocked, id=1196, stack(0x000000dc6e300000,0x000000dc6e400000) (1024K)]
  0x000002bae06170b0 JavaThread "Monitor Deflation Thread"   daemon [_thread_blocked, id=9028, stack(0x000000dc6e400000,0x000000dc6e500000) (1024K)]
  0x000002bae0617ee0 JavaThread "C2 CompilerThread0"         daemon [_thread_in_native, id=8740, stack(0x000000dc6e500000,0x000000dc6e600000) (1024K)]
  0x000002bae061cf30 JavaThread "C1 CompilerThread0"         daemon [_thread_blocked, id=14280, stack(0x000000dc6e600000,0x000000dc6e700000) (1024K)]
  0x000002baf5e9c540 JavaThread "Common-Cleaner"             daemon [_thread_blocked, id=19536, stack(0x000000dc6e700000,0x000000dc6e800000) (1024K)]
  0x000002baf619e8b0 JavaThread "Notification Thread"        daemon [_thread_blocked, id=24056, stack(0x000000dc6e800000,0x000000dc6e900000) (1024K)]
  0x000002bafba3db60 JavaThread "Active Thread: Equinox Container: 1da8fe15-c3e6-4644-9c12-c3db09c552bf"        [_thread_blocked, id=12684, stack(0x000000dc6f100000,0x000000dc6f200000) (1024K)]
  0x000002bafb3c33c0 JavaThread "Refresh Thread: Equinox Container: 1da8fe15-c3e6-4644-9c12-c3db09c552bf" daemon [_thread_blocked, id=19496, stack(0x000000dc6ea00000,0x000000dc6eb00000) (1024K)]
  0x000002bafb3c9d90 JavaThread "Framework Event Dispatcher: Equinox Container: 1da8fe15-c3e6-4644-9c12-c3db09c552bf" daemon [_thread_blocked, id=9200, stack(0x000000dc6f200000,0x000000dc6f300000) (1024K)]
  0x000002bafb3ca3f0 JavaThread "Start Level: Equinox Container: 1da8fe15-c3e6-4644-9c12-c3db09c552bf" daemon [_thread_blocked, id=18168, stack(0x000000dc6f300000,0x000000dc6f400000) (1024K)]
  0x000002bafb7e7690 JavaThread "Bundle File Closer"         daemon [_thread_blocked, id=10940, stack(0x000000dc6f600000,0x000000dc6f700000) (1024K)]
  0x000002bafb3387e0 JavaThread "SCR Component Actor"        daemon [_thread_blocked, id=25356, stack(0x000000dc6f700000,0x000000dc6f800000) (1024K)]
  0x000002bafbba1500 JavaThread "Worker-JM"                         [_thread_blocked, id=25424, stack(0x000000dc6f900000,0x000000dc6fa00000) (1024K)]
  0x000002bafbba07e0 JavaThread "JNA Cleaner"                daemon [_thread_blocked, id=25508, stack(0x000000dc6fa00000,0x000000dc6fb00000) (1024K)]
  0x000002bafbb9e080 JavaThread "Worker-0"                          [_thread_blocked, id=25512, stack(0x000000dc6fb00000,0x000000dc6fc00000) (1024K)]
  0x000002bafbba0150 JavaThread "Worker-1: Refreshing workspace"        [_thread_blocked, id=25516, stack(0x000000dc6fc00000,0x000000dc6fd00000) (1024K)]
  0x000002bafbb9e710 JavaThread "Worker-2"                          [_thread_blocked, id=25524, stack(0x000000dc6fd00000,0x000000dc6fe00000) (1024K)]
  0x000002bafbb9fac0 JavaThread "Worker-3: Synchronize Gradle projects with workspace"        [_thread_blocked, id=25080, stack(0x000000dc6fe00000,0x000000dc6ff00000) (1024K)]
  0x000002bafbba0e70 JavaThread "Worker-4: Initialize Workspace"        [_thread_in_Java, id=2116, stack(0x000000dc6ff00000,0x000000dc70000000) (1024K)]
  0x000002bafbb9f430 JavaThread "Java indexing"              daemon [_thread_in_vm, id=25184, stack(0x000000dc70000000,0x000000dc70100000) (1024K)]
  0x000002bafd5618a0 JavaThread "Worker-5"                          [_thread_blocked, id=14456, stack(0x000000dc70100000,0x000000dc70200000) (1024K)]
  0x000002bafd562c50 JavaThread "Worker-6: Updating workspace"        [_thread_blocked, id=8528, stack(0x000000dc70400000,0x000000dc70500000) (1024K)]
  0x000002bafd567480 JavaThread "Worker-7: Java indexing... "        [_thread_blocked, id=9220, stack(0x000000dc70500000,0x000000dc70600000) (1024K)]
  0x000002bafd565a40 JavaThread "Worker-8"                          [_thread_blocked, id=22776, stack(0x000000dc70600000,0x000000dc70700000) (1024K)]
  0x000002bafd5653b0 JavaThread "Thread-2"                   daemon [_thread_in_native, id=10500, stack(0x000000dc70700000,0x000000dc70800000) (1024K)]
  0x000002bafd566760 JavaThread "Thread-3"                   daemon [_thread_in_native, id=25296, stack(0x000000dc70800000,0x000000dc70900000) (1024K)]
  0x000002bafd5660d0 JavaThread "Thread-4"                   daemon [_thread_in_native, id=18368, stack(0x000000dc70900000,0x000000dc70a00000) (1024K)]
  0x000002bafd564d20 JavaThread "Thread-5"                   daemon [_thread_in_native, id=5060, stack(0x000000dc70a00000,0x000000dc70b00000) (1024K)]
  0x000002bafd566df0 JavaThread "Thread-6"                   daemon [_thread_in_native, id=23480, stack(0x000000dc70b00000,0x000000dc70c00000) (1024K)]
  0x000002bafd5632e0 JavaThread "Thread-7"                   daemon [_thread_in_native, id=25304, stack(0x000000dc70c00000,0x000000dc70d00000) (1024K)]
  0x000002bafd567b10 JavaThread "Thread-8"                   daemon [_thread_in_native, id=25312, stack(0x000000dc70d00000,0x000000dc70e00000) (1024K)]
  0x000002bafd564000 JavaThread "Thread-9"                   daemon [_thread_in_native, id=25308, stack(0x000000dc70e00000,0x000000dc70f00000) (1024K)]
  0x000002bafd561210 JavaThread "Thread-10"                  daemon [_thread_in_native, id=25316, stack(0x000000dc70f00000,0x000000dc71000000) (1024K)]
  0x000002bafd560b80 JavaThread "Thread-11"                  daemon [_thread_in_native, id=25320, stack(0x000000dc71000000,0x000000dc71100000) (1024K)]
  0x000002bafd563970 JavaThread "Thread-12"                  daemon [_thread_in_native, id=25324, stack(0x000000dc71100000,0x000000dc71200000) (1024K)]
  0x000002bafd5681a0 JavaThread "Thread-13"                  daemon [_thread_in_native, id=25328, stack(0x000000dc71200000,0x000000dc71300000) (1024K)]
  0x000002bafd561f30 JavaThread "Thread-14"                  daemon [_thread_in_native, id=18404, stack(0x000000dc71300000,0x000000dc71400000) (1024K)]
  0x000002bafd5625c0 JavaThread "pool-2-thread-1"                   [_thread_blocked, id=3240, stack(0x000000dc71400000,0x000000dc71500000) (1024K)]
  0x000002bafd564690 JavaThread "Timer-0"                           [_thread_blocked, id=17184, stack(0x000000dc71500000,0x000000dc71600000) (1024K)]
  0x000002bafc275850 JavaThread "Timer-1"                           [_thread_blocked, id=15156, stack(0x000000dc71600000,0x000000dc71700000) (1024K)]
  0x000002bafc275ee0 JavaThread "WorkspaceEventsHandler"            [_thread_blocked, id=22592, stack(0x000000dc71700000,0x000000dc71800000) (1024K)]
  0x000002bafc277290 JavaThread "pool-1-thread-1"                   [_thread_blocked, id=6764, stack(0x000000dc71800000,0x000000dc71900000) (1024K)]
  0x000002bafc276c00 JavaThread "Timer-2"                           [_thread_blocked, id=25352, stack(0x000000dc6f800000,0x000000dc6f900000) (1024K)]
  0x000002bafbcb06e0 JavaThread "Exec process"                      [_thread_blocked, id=14568, stack(0x000000dc71b00000,0x000000dc71c00000) (1024K)]
  0x000002bafbcb1a90 JavaThread "Exec process Thread 2"             [_thread_blocked, id=25440, stack(0x000000dc71c00000,0x000000dc71d00000) (1024K)]
  0x000002bafbcac540 JavaThread "Exec process Thread 3"             [_thread_blocked, id=25444, stack(0x000000dc71d00000,0x000000dc71e00000) (1024K)]
  0x000002bafbcaf330 JavaThread "Timer-3"                           [_thread_blocked, id=25140, stack(0x000000dc71900000,0x000000dc71a00000) (1024K)]
  0x000002bafbcaf9c0 JavaThread "Timer-4"                           [_thread_blocked, id=25172, stack(0x000000dc71a00000,0x000000dc71b00000) (1024K)]
  0x000002bafbcb27b0 JavaThread "Timer-5"                           [_thread_blocked, id=17428, stack(0x000000dc71e00000,0x000000dc71f00000) (1024K)]
  0x000002bafbcb0050 JavaThread "Keep-Alive-Timer"           daemon [_thread_blocked, id=25240, stack(0x000000dc72000000,0x000000dc72100000) (1024K)]
=>0x000002bafcc87040 JavaThread "C2 CompilerThread1"         daemon [_thread_in_native, id=25224, stack(0x000000dc72100000,0x000000dc72200000) (1024K)]
  0x000002bafcc884b0 JavaThread "C2 CompilerThread2"         daemon [_thread_in_native, id=22476, stack(0x000000dc72200000,0x000000dc72300000) (1024K)]
Total: 57

Other Threads:
  0x000002baf49465b0 VMThread "VM Thread"                           [id=22764, stack(0x000000dc6de00000,0x000000dc6df00000) (1024K)]
  0x000002bae05deb00 WatcherThread "VM Periodic Task Thread"        [id=12552, stack(0x000000dc6dd00000,0x000000dc6de00000) (1024K)]
  0x000002bae058f800 WorkerThread "GC Thread#0"                     [id=23100, stack(0x000000dc6dc00000,0x000000dc6dd00000) (1024K)]
  0x000002bafb26eb00 WorkerThread "GC Thread#1"                     [id=20096, stack(0x000000dc6eb00000,0x000000dc6ec00000) (1024K)]
  0x000002bafb349830 WorkerThread "GC Thread#2"                     [id=13724, stack(0x000000dc6ec00000,0x000000dc6ed00000) (1024K)]
  0x000002bafb5ae730 WorkerThread "GC Thread#3"                     [id=22332, stack(0x000000dc6ed00000,0x000000dc6ee00000) (1024K)]
  0x000002bafb5f2dc0 WorkerThread "GC Thread#4"                     [id=14096, stack(0x000000dc6ee00000,0x000000dc6ef00000) (1024K)]
  0x000002bafb5f3160 WorkerThread "GC Thread#5"                     [id=12940, stack(0x000000dc6ef00000,0x000000dc6f000000) (1024K)]
  0x000002bafb5f3500 WorkerThread "GC Thread#6"                     [id=15224, stack(0x000000dc6f000000,0x000000dc6f100000) (1024K)]
  0x000002bafba0b220 WorkerThread "GC Thread#7"                     [id=19544, stack(0x000000dc6e900000,0x000000dc6ea00000) (1024K)]
  0x000002bafb16c460 WorkerThread "GC Thread#8"                     [id=17280, stack(0x000000dc6f400000,0x000000dc6f500000) (1024K)]
  0x000002bafb7e6440 WorkerThread "GC Thread#9"                     [id=4252, stack(0x000000dc6f500000,0x000000dc6f600000) (1024K)]
Total: 12

Threads with active compile tasks:
C2 CompilerThread0  41765 8895       4       org.eclipse.core.runtime.Path::hashCode (28 bytes)
C2 CompilerThread1  41765 8859   !   4       org.eclipse.jdt.internal.core.search.indexing.BinaryIndexer::indexDocument (1168 bytes)
C2 CompilerThread2  41765 8905   !   4       org.eclipse.core.internal.resources.Resource::filterChildren (234 bytes)
Total: 3

VM state: not at safepoint (normal execution)

VM Mutex/Monitor currently owned by a thread: None

Heap address: 0x00000000c0000000, size: 1024 MB, Compressed Oops mode: 32-bit

CDS archive(s) mapped at: [0x000002ba80000000-0x000002ba80ba0000-0x000002ba80ba0000), size 12189696, SharedBaseAddress: 0x000002ba80000000, ArchiveRelocationMode: 1.
Compressed class space mapped at: 0x000002ba81000000-0x000002bac1000000, reserved size: 1073741824
Narrow klass base: 0x000002ba80000000, Narrow klass shift: 0, Narrow klass range: 0x100000000

GC Precious Log:
 CardTable entry size: 512
 CPUs: 12 total, 12 available
 Memory: 6005M
 Large Page Support: Disabled
 NUMA Support: Disabled
 Compressed Oops: Enabled (32-bit)
 Alignments: Space 512K, Generation 512K, Heap 2M
 Heap Min Capacity: 100M
 Heap Initial Capacity: 100M
 Heap Max Capacity: 1G
 Pre-touch: Disabled
 Parallel Workers: 10

Heap:
 PSYoungGen      total 8192K, used 5117K [0x00000000eab00000, 0x00000000eb480000, 0x0000000100000000)
  eden space 6656K, 60% used [0x00000000eab00000,0x00000000eaefaca0,0x00000000eb180000)
  from space 1536K, 69% used [0x00000000eb300000,0x00000000eb40ca10,0x00000000eb480000)
  to   space 1536K, 0% used [0x00000000eb180000,0x00000000eb180000,0x00000000eb300000)
 ParOldGen       total 157184K, used 157072K [0x00000000c0000000, 0x00000000c9980000, 0x00000000eab00000)
  object space 157184K, 99% used [0x00000000c0000000,0x00000000c9964190,0x00000000c9980000)
 Metaspace       used 62669K, committed 64000K, reserved 1114112K
  class space    used 7166K, committed 7744K, reserved 1048576K

Card table byte_map: [0x000002badff30000,0x000002bae0140000] _byte_map_base: 0x000002badf930000

Marking Bits: (ParMarkBitMap*) 0x00007ffbafe131f0
 Begin Bits: [0x000002baf2760000, 0x000002baf3760000)
 End Bits:   [0x000002baf3760000, 0x000002baf4760000)

Polling page: 0x000002bade220000

Metaspace:

Usage:
  Non-class:     54.20 MB used.
      Class:      7.00 MB used.
       Both:     61.20 MB used.

Virtual space:
  Non-class space:       64.00 MB reserved,      54.94 MB ( 86%) committed,  1 nodes.
      Class space:        1.00 GB reserved,       7.56 MB ( <1%) committed,  1 nodes.
             Both:        1.06 GB reserved,      62.50 MB (  6%) committed. 

Chunk freelists:
   Non-Class:  8.86 MB
       Class:  8.48 MB
        Both:  17.34 MB

MaxMetaspaceSize: unlimited
CompressedClassSpaceSize: 1.00 GB
Initial GC threshold: 21.00 MB
Current GC threshold: 104.19 MB
CDS: on
 - commit_granule_bytes: 65536.
 - commit_granule_words: 8192.
 - virtual_space_node_default_size: 8388608.
 - enlarge_chunks_in_place: 1.
 - use_allocation_guard: 0.


Internal statistics:

num_allocs_failed_limit: 11.
num_arena_births: 1098.
num_arena_deaths: 22.
num_vsnodes_births: 2.
num_vsnodes_deaths: 0.
num_space_committed: 1000.
num_space_uncommitted: 0.
num_chunks_returned_to_freelist: 37.
num_chunks_taken_from_freelist: 3811.
num_chunk_merges: 15.
num_chunk_splits: 2364.
num_chunks_enlarged: 1356.
num_inconsistent_stats: 0.

CodeHeap 'non-profiled nmethods': size=120000Kb used=3045Kb max_used=3205Kb free=116954Kb
 bounds [0x000002baeb230000, 0x000002baeb560000, 0x000002baf2760000]
CodeHeap 'profiled nmethods': size=120000Kb used=13459Kb max_used=15938Kb free=106540Kb
 bounds [0x000002bae3760000, 0x000002bae4700000, 0x000002baeac90000]
CodeHeap 'non-nmethods': size=5760Kb used=1437Kb max_used=1495Kb free=4322Kb
 bounds [0x000002baeac90000, 0x000002baeaf00000, 0x000002baeb230000]
 total_blobs=7891 nmethods=7145 adapters=652
 compilation: enabled
              stopped_count=0, restarted_count=0
 full_count=0

Compilation events (20 events):
Event: 41.459 Thread 0x000002bae0617ee0 nmethod 8873 0x000002baeb492b90 code [0x000002baeb492d20, 0x000002baeb492eb8]
Event: 41.459 Thread 0x000002bae0617ee0 8882       4       jdk.internal.jimage.ImageBufferCache$2::compare (13 bytes)
Event: 41.461 Thread 0x000002bae0617ee0 nmethod 8882 0x000002baeb492690 code [0x000002baeb492820, 0x000002baeb4929d8]
Event: 41.461 Thread 0x000002bae0617ee0 8870       4       org.eclipse.core.runtime.Path::removeLastSegments (85 bytes)
Event: 41.465 Thread 0x000002bae0617ee0 nmethod 8870 0x000002baeb550a90 code [0x000002baeb550c40, 0x000002baeb551100]
Event: 41.465 Thread 0x000002bae0617ee0 7982       4       java.lang.invoke.Invokers$Holder::linkToTargetMethod (9 bytes)
Event: 41.465 Thread 0x000002bae0617ee0 nmethod 7982 0x000002baeb492210 code [0x000002baeb4923a0, 0x000002baeb492498]
Event: 41.465 Thread 0x000002bae0617ee0 7872       4       java.lang.StringLatin1::toChars (16 bytes)
Event: 41.466 Thread 0x000002bae0617ee0 nmethod 7872 0x000002baeb551310 code [0x000002baeb5514a0, 0x000002baeb551668]
Event: 41.466 Thread 0x000002bae0617ee0 7916       4       java.net.URI$Parser::parse (243 bytes)
Event: 41.637 Thread 0x000002bae061cf30 8898       2       java.util.concurrent.atomic.AtomicReference::getAndSet (9 bytes)
Event: 41.638 Thread 0x000002bae061cf30 nmethod 8898 0x000002bae3875a10 code [0x000002bae3875c00, 0x000002bae3876050]
Event: 41.640 Thread 0x000002bae0617ee0 nmethod 7916 0x000002baeb442410 code [0x000002baeb4428e0, 0x000002baeb445450]
Event: 41.641 Thread 0x000002bae0617ee0 8897       4       java.lang.String::<init> (99 bytes)
Event: 41.644 Thread 0x000002bae0617ee0 nmethod 8897 0x000002baeb2bb790 code [0x000002baeb2bb960, 0x000002baeb2bbf10]
Event: 41.644 Thread 0x000002bae0617ee0 7920       4       java.net.URI$Parser::checkChar (14 bytes)
Event: 41.651 Thread 0x000002bae0617ee0 nmethod 7920 0x000002baeb3f9c90 code [0x000002baeb3f9e80, 0x000002baeb3fa548]
Event: 41.651 Thread 0x000002bae0617ee0 8073       4       java.io.File::<init> (47 bytes)
Event: 41.662 Thread 0x000002bae0617ee0 nmethod 8073 0x000002baeb441290 code [0x000002baeb4414c0, 0x000002baeb441bc8]
Event: 41.662 Thread 0x000002bae0617ee0 8903       4       org.eclipse.core.internal.resources.Filter::filterExcludes (158 bytes)

GC Heap History (20 events):
Event: 41.386 GC heap before
{Heap before GC invocations=166 (full 4):
 PSYoungGen      total 3584K, used 3104K [0x00000000eab00000, 0x00000000eb000000, 0x0000000100000000)
  eden space 2560K, 100% used [0x00000000eab00000,0x00000000ead80000,0x00000000ead80000)
  from space 1024K, 53% used [0x00000000ead80000,0x00000000eae08010,0x00000000eae80000)
  to   space 1024K, 0% used [0x00000000eaf00000,0x00000000eaf00000,0x00000000eb000000)
 ParOldGen       total 152576K, used 149931K [0x00000000c0000000, 0x00000000c9500000, 0x00000000eab00000)
  object space 152576K, 98% used [0x00000000c0000000,0x00000000c926ac30,0x00000000c9500000)
 Metaspace       used 62668K, committed 64000K, reserved 1114112K
  class space    used 7166K, committed 7744K, reserved 1048576K
}
Event: 41.389 GC heap after
{Heap after GC invocations=166 (full 4):
 PSYoungGen      total 4096K, used 544K [0x00000000eab00000, 0x00000000eb000000, 0x0000000100000000)
  eden space 3072K, 0% used [0x00000000eab00000,0x00000000eab00000,0x00000000eae00000)
  from space 1024K, 53% used [0x00000000eaf00000,0x00000000eaf88000,0x00000000eb000000)
  to   space 1024K, 0% used [0x00000000eae00000,0x00000000eae00000,0x00000000eaf00000)
 ParOldGen       total 152576K, used 150402K [0x00000000c0000000, 0x00000000c9500000, 0x00000000eab00000)
  object space 152576K, 98% used [0x00000000c0000000,0x00000000c92e0878,0x00000000c9500000)
 Metaspace       used 62668K, committed 64000K, reserved 1114112K
  class space    used 7166K, committed 7744K, reserved 1048576K
}
Event: 41.397 GC heap before
{Heap before GC invocations=167 (full 4):
 PSYoungGen      total 4096K, used 3616K [0x00000000eab00000, 0x00000000eb000000, 0x0000000100000000)
  eden space 3072K, 100% used [0x00000000eab00000,0x00000000eae00000,0x00000000eae00000)
  from space 1024K, 53% used [0x00000000eaf00000,0x00000000eaf88000,0x00000000eb000000)
  to   space 1024K, 0% used [0x00000000eae00000,0x00000000eae00000,0x00000000eaf00000)
 ParOldGen       total 152576K, used 150402K [0x00000000c0000000, 0x00000000c9500000, 0x00000000eab00000)
  object space 152576K, 98% used [0x00000000c0000000,0x00000000c92e0878,0x00000000c9500000)
 Metaspace       used 62668K, committed 64000K, reserved 1114112K
  class space    used 7166K, committed 7744K, reserved 1048576K
}
Event: 41.398 GC heap after
{Heap after GC invocations=167 (full 4):
 PSYoungGen      total 4096K, used 608K [0x00000000eab00000, 0x00000000eb100000, 0x0000000100000000)
  eden space 3072K, 0% used [0x00000000eab00000,0x00000000eab00000,0x00000000eae00000)
  from space 1024K, 59% used [0x00000000eae00000,0x00000000eae98000,0x00000000eaf00000)
  to   space 1024K, 0% used [0x00000000eb000000,0x00000000eb000000,0x00000000eb100000)
 ParOldGen       total 152576K, used 150745K [0x00000000c0000000, 0x00000000c9500000, 0x00000000eab00000)
  object space 152576K, 98% used [0x00000000c0000000,0x00000000c9336648,0x00000000c9500000)
 Metaspace       used 62668K, committed 64000K, reserved 1114112K
  class space    used 7166K, committed 7744K, reserved 1048576K
}
Event: 41.415 GC heap before
{Heap before GC invocations=168 (full 4):
 PSYoungGen      total 4096K, used 3679K [0x00000000eab00000, 0x00000000eb100000, 0x0000000100000000)
  eden space 3072K, 99% used [0x00000000eab00000,0x00000000eadffff0,0x00000000eae00000)
  from space 1024K, 59% used [0x00000000eae00000,0x00000000eae98000,0x00000000eaf00000)
  to   space 1024K, 0% used [0x00000000eb000000,0x00000000eb000000,0x00000000eb100000)
 ParOldGen       total 152576K, used 150745K [0x00000000c0000000, 0x00000000c9500000, 0x00000000eab00000)
  object space 152576K, 98% used [0x00000000c0000000,0x00000000c9336648,0x00000000c9500000)
 Metaspace       used 62668K, committed 64000K, reserved 1114112K
  class space    used 7166K, committed 7744K, reserved 1048576K
}
Event: 41.417 GC heap after
{Heap after GC invocations=168 (full 4):
 PSYoungGen      total 5120K, used 816K [0x00000000eab00000, 0x00000000eb100000, 0x0000000100000000)
  eden space 4096K, 0% used [0x00000000eab00000,0x00000000eab00000,0x00000000eaf00000)
  from space 1024K, 79% used [0x00000000eb000000,0x00000000eb0cc198,0x00000000eb100000)
  to   space 1024K, 0% used [0x00000000eaf00000,0x00000000eaf00000,0x00000000eb000000)
 ParOldGen       total 152576K, used 151207K [0x00000000c0000000, 0x00000000c9500000, 0x00000000eab00000)
  object space 152576K, 99% used [0x00000000c0000000,0x00000000c93a9c00,0x00000000c9500000)
 Metaspace       used 62668K, committed 64000K, reserved 1114112K
  class space    used 7166K, committed 7744K, reserved 1048576K
}
Event: 41.457 GC heap before
{Heap before GC invocations=169 (full 4):
 PSYoungGen      total 5120K, used 4912K [0x00000000eab00000, 0x00000000eb100000, 0x0000000100000000)
  eden space 4096K, 100% used [0x00000000eab00000,0x00000000eaf00000,0x00000000eaf00000)
  from space 1024K, 79% used [0x00000000eb000000,0x00000000eb0cc198,0x00000000eb100000)
  to   space 1024K, 0% used [0x00000000eaf00000,0x00000000eaf00000,0x00000000eb000000)
 ParOldGen       total 152576K, used 151207K [0x00000000c0000000, 0x00000000c9500000, 0x00000000eab00000)
  object space 152576K, 99% used [0x00000000c0000000,0x00000000c93a9c00,0x00000000c9500000)
 Metaspace       used 62668K, committed 64000K, reserved 1114112K
  class space    used 7166K, committed 7744K, reserved 1048576K
}
Event: 41.458 GC heap after
{Heap after GC invocations=169 (full 4):
 PSYoungGen      total 5120K, used 1022K [0x00000000eab00000, 0x00000000eb200000, 0x0000000100000000)
  eden space 4096K, 0% used [0x00000000eab00000,0x00000000eab00000,0x00000000eaf00000)
  from space 1024K, 99% used [0x00000000eaf00000,0x00000000eafff918,0x00000000eb000000)
  to   space 1536K, 0% used [0x00000000eb080000,0x00000000eb080000,0x00000000eb200000)
 ParOldGen       total 152576K, used 151764K [0x00000000c0000000, 0x00000000c9500000, 0x00000000eab00000)
  object space 152576K, 99% used [0x00000000c0000000,0x00000000c94353f8,0x00000000c9500000)
 Metaspace       used 62668K, committed 64000K, reserved 1114112K
  class space    used 7166K, committed 7744K, reserved 1048576K
}
Event: 41.483 GC heap before
{Heap before GC invocations=170 (full 4):
 PSYoungGen      total 5120K, used 5118K [0x00000000eab00000, 0x00000000eb200000, 0x0000000100000000)
  eden space 4096K, 100% used [0x00000000eab00000,0x00000000eaf00000,0x00000000eaf00000)
  from space 1024K, 99% used [0x00000000eaf00000,0x00000000eafff918,0x00000000eb000000)
  to   space 1536K, 0% used [0x00000000eb080000,0x00000000eb080000,0x00000000eb200000)
 ParOldGen       total 152576K, used 151764K [0x00000000c0000000, 0x00000000c9500000, 0x00000000eab00000)
  object space 152576K, 99% used [0x00000000c0000000,0x00000000c94353f8,0x00000000c9500000)
 Metaspace       used 62668K, committed 64000K, reserved 1114112K
  class space    used 7166K, committed 7744K, reserved 1048576K
}
Event: 41.485 GC heap after
{Heap after GC invocations=170 (full 4):
 PSYoungGen      total 5120K, used 775K [0x00000000eab00000, 0x00000000eb180000, 0x0000000100000000)
  eden space 4096K, 0% used [0x00000000eab00000,0x00000000eab00000,0x00000000eaf00000)
  from space 1024K, 75% used [0x00000000eb080000,0x00000000eb141f08,0x00000000eb180000)
  to   space 1024K, 0% used [0x00000000eaf00000,0x00000000eaf00000,0x00000000eb000000)
 ParOldGen       total 152576K, used 152521K [0x00000000c0000000, 0x00000000c9500000, 0x00000000eab00000)
  object space 152576K, 99% used [0x00000000c0000000,0x00000000c94f2758,0x00000000c9500000)
 Metaspace       used 62668K, committed 64000K, reserved 1114112K
  class space    used 7166K, committed 7744K, reserved 1048576K
}
Event: 41.508 GC heap before
{Heap before GC invocations=171 (full 4):
 PSYoungGen      total 5120K, used 4871K [0x00000000eab00000, 0x00000000eb180000, 0x0000000100000000)
  eden space 4096K, 100% used [0x00000000eab00000,0x00000000eaf00000,0x00000000eaf00000)
  from space 1024K, 75% used [0x00000000eb080000,0x00000000eb141f08,0x00000000eb180000)
  to   space 1024K, 0% used [0x00000000eaf00000,0x00000000eaf00000,0x00000000eb000000)
 ParOldGen       total 152576K, used 152521K [0x00000000c0000000, 0x00000000c9500000, 0x00000000eab00000)
  object space 152576K, 99% used [0x00000000c0000000,0x00000000c94f2758,0x00000000c9500000)
 Metaspace       used 62668K, committed 64000K, reserved 1114112K
  class space    used 7166K, committed 7744K, reserved 1048576K
}
Event: 41.510 GC heap after
{Heap after GC invocations=171 (full 4):
 PSYoungGen      total 5120K, used 4871K [0x00000000eab00000, 0x00000000eb180000, 0x0000000100000000)
  eden space 4096K, 100% used [0x00000000eab00000,0x00000000eaf00000,0x00000000eaf00000)
  from space 1024K, 75% used [0x00000000eb080000,0x00000000eb141f08,0x00000000eb180000)
  to   space 1024K, 74% used [0x00000000eaf00000,0x00000000eafbf1e0,0x00000000eb000000)
 ParOldGen       total 153088K, used 153028K [0x00000000c0000000, 0x00000000c9580000, 0x00000000eab00000)
  object space 153088K, 99% used [0x00000000c0000000,0x00000000c9571038,0x00000000c9580000)
 Metaspace       used 62668K, committed 64000K, reserved 1114112K
  class space    used 7166K, committed 7744K, reserved 1048576K
}
Event: 41.510 GC heap before
{Heap before GC invocations=172 (full 5):
 PSYoungGen      total 5120K, used 4871K [0x00000000eab00000, 0x00000000eb180000, 0x0000000100000000)
  eden space 4096K, 100% used [0x00000000eab00000,0x00000000eaf00000,0x00000000eaf00000)
  from space 1024K, 75% used [0x00000000eb080000,0x00000000eb141f08,0x00000000eb180000)
  to   space 1024K, 74% used [0x00000000eaf00000,0x00000000eafbf1e0,0x00000000eb000000)
 ParOldGen       total 153088K, used 153028K [0x00000000c0000000, 0x00000000c9580000, 0x00000000eab00000)
  object space 153088K, 99% used [0x00000000c0000000,0x00000000c9571038,0x00000000c9580000)
 Metaspace       used 62668K, committed 64000K, reserved 1114112K
  class space    used 7166K, committed 7744K, reserved 1048576K
}
Event: 41.637 GC heap after
{Heap after GC invocations=172 (full 5):
 PSYoungGen      total 5120K, used 0K [0x00000000eab00000, 0x00000000eb180000, 0x0000000100000000)
  eden space 4096K, 0% used [0x00000000eab00000,0x00000000eab00000,0x00000000eaf00000)
  from space 1024K, 0% used [0x00000000eaf00000,0x00000000eaf00000,0x00000000eb000000)
  to   space 1024K, 0% used [0x00000000eb080000,0x00000000eb080000,0x00000000eb180000)
 ParOldGen       total 153088K, used 150560K [0x00000000c0000000, 0x00000000c9580000, 0x00000000eab00000)
  object space 153088K, 98% used [0x00000000c0000000,0x00000000c9308040,0x00000000c9580000)
 Metaspace       used 62668K, committed 64000K, reserved 1114112K
  class space    used 7166K, committed 7744K, reserved 1048576K
}
Event: 41.650 GC heap before
{Heap before GC invocations=173 (full 5):
 PSYoungGen      total 5120K, used 4096K [0x00000000eab00000, 0x00000000eb180000, 0x0000000100000000)
  eden space 4096K, 100% used [0x00000000eab00000,0x00000000eaf00000,0x00000000eaf00000)
  from space 1024K, 0% used [0x00000000eaf00000,0x00000000eaf00000,0x00000000eb000000)
  to   space 1024K, 0% used [0x00000000eb080000,0x00000000eb080000,0x00000000eb180000)
 ParOldGen       total 153088K, used 150560K [0x00000000c0000000, 0x00000000c9580000, 0x00000000eab00000)
  object space 153088K, 98% used [0x00000000c0000000,0x00000000c9308040,0x00000000c9580000)
 Metaspace       used 62668K, committed 64000K, reserved 1114112K
  class space    used 7166K, committed 7744K, reserved 1048576K
}
Event: 41.651 GC heap after
{Heap after GC invocations=173 (full 5):
 PSYoungGen      total 5120K, used 780K [0x00000000eab00000, 0x00000000eb180000, 0x0000000100000000)
  eden space 4096K, 0% used [0x00000000eab00000,0x00000000eab00000,0x00000000eaf00000)
  from space 1024K, 76% used [0x00000000eb080000,0x00000000eb143200,0x00000000eb180000)
  to   space 1024K, 0% used [0x00000000eaf00000,0x00000000eaf00000,0x00000000eb000000)
 ParOldGen       total 153088K, used 150560K [0x00000000c0000000, 0x00000000c9580000, 0x00000000eab00000)
  object space 153088K, 98% used [0x00000000c0000000,0x00000000c9308040,0x00000000c9580000)
 Metaspace       used 62668K, committed 64000K, reserved 1114112K
  class space    used 7166K, committed 7744K, reserved 1048576K
}
Event: 41.662 GC heap before
{Heap before GC invocations=174 (full 5):
 PSYoungGen      total 5120K, used 4876K [0x00000000eab00000, 0x00000000eb180000, 0x0000000100000000)
  eden space 4096K, 100% used [0x00000000eab00000,0x00000000eaf00000,0x00000000eaf00000)
  from space 1024K, 76% used [0x00000000eb080000,0x00000000eb143200,0x00000000eb180000)
  to   space 1024K, 0% used [0x00000000eaf00000,0x00000000eaf00000,0x00000000eb000000)
 ParOldGen       total 153088K, used 150560K [0x00000000c0000000, 0x00000000c9580000, 0x00000000eab00000)
  object space 153088K, 98% used [0x00000000c0000000,0x00000000c9308040,0x00000000c9580000)
 Metaspace       used 62668K, committed 64000K, reserved 1114112K
  class space    used 7166K, committed 7744K, reserved 1048576K
}
Event: 41.663 GC heap after
{Heap after GC invocations=174 (full 5):
 PSYoungGen      total 5120K, used 1015K [0x00000000eab00000, 0x00000000eb200000, 0x0000000100000000)
  eden space 4096K, 0% used [0x00000000eab00000,0x00000000eab00000,0x00000000eaf00000)
  from space 1024K, 99% used [0x00000000eaf00000,0x00000000eaffdc18,0x00000000eb000000)
  to   space 1536K, 0% used [0x00000000eb080000,0x00000000eb080000,0x00000000eb200000)
 ParOldGen       total 153088K, used 150880K [0x00000000c0000000, 0x00000000c9580000, 0x00000000eab00000)
  object space 153088K, 98% used [0x00000000c0000000,0x00000000c9358070,0x00000000c9580000)
 Metaspace       used 62668K, committed 64000K, reserved 1114112K
  class space    used 7166K, committed 7744K, reserved 1048576K
}
Event: 41.672 GC heap before
{Heap before GC invocations=175 (full 5):
 PSYoungGen      total 5120K, used 5111K [0x00000000eab00000, 0x00000000eb200000, 0x0000000100000000)
  eden space 4096K, 100% used [0x00000000eab00000,0x00000000eaf00000,0x00000000eaf00000)
  from space 1024K, 99% used [0x00000000eaf00000,0x00000000eaffdc18,0x00000000eb000000)
  to   space 1536K, 0% used [0x00000000eb080000,0x00000000eb080000,0x00000000eb200000)
 ParOldGen       total 153088K, used 150880K [0x00000000c0000000, 0x00000000c9580000, 0x00000000eab00000)
  object space 153088K, 98% used [0x00000000c0000000,0x00000000c9358070,0x00000000c9580000)
 Metaspace       used 62668K, committed 64000K, reserved 1114112K
  class space    used 7166K, committed 7744K, reserved 1048576K
}
Event: 41.673 GC heap after
{Heap after GC invocations=175 (full 5):
 PSYoungGen      total 5632K, used 866K [0x00000000eab00000, 0x00000000eb280000, 0x0000000100000000)
  eden space 4096K, 0% used [0x00000000eab00000,0x00000000eab00000,0x00000000eaf00000)
  from space 1536K, 56% used [0x00000000eb080000,0x00000000eb1589a0,0x00000000eb200000)
  to   space 1536K, 0% used [0x00000000eaf00000,0x00000000eaf00000,0x00000000eb080000)
 ParOldGen       total 153088K, used 151907K [0x00000000c0000000, 0x00000000c9580000, 0x00000000eab00000)
  object space 153088K, 99% used [0x00000000c0000000,0x00000000c9458c78,0x00000000c9580000)
 Metaspace       used 62668K, committed 64000K, reserved 1114112K
  class space    used 7166K, committed 7744K, reserved 1048576K
}

Dll operation events (15 events):
Event: 0.013 Loaded shared library c:\Users\Administrator\.vscode\extensions\redhat.java-1.42.0-win32-x64\jre\21.0.7-win32-x86_64\bin\java.dll
Event: 0.141 Loaded shared library c:\Users\Administrator\.vscode\extensions\redhat.java-1.42.0-win32-x64\jre\21.0.7-win32-x86_64\bin\zip.dll
Event: 0.174 Loaded shared library C:\Users\Administrator\.vscode\extensions\redhat.java-1.42.0-win32-x64\jre\21.0.7-win32-x86_64\bin\instrument.dll
Event: 0.181 Loaded shared library C:\Users\Administrator\.vscode\extensions\redhat.java-1.42.0-win32-x64\jre\21.0.7-win32-x86_64\bin\net.dll
Event: 0.185 Loaded shared library C:\Users\Administrator\.vscode\extensions\redhat.java-1.42.0-win32-x64\jre\21.0.7-win32-x86_64\bin\nio.dll
Event: 0.190 Loaded shared library C:\Users\Administrator\.vscode\extensions\redhat.java-1.42.0-win32-x64\jre\21.0.7-win32-x86_64\bin\zip.dll
Event: 0.221 Loaded shared library C:\Users\Administrator\.vscode\extensions\redhat.java-1.42.0-win32-x64\jre\21.0.7-win32-x86_64\bin\jimage.dll
Event: 0.330 Loaded shared library c:\Users\Administrator\.vscode\extensions\redhat.java-1.42.0-win32-x64\jre\21.0.7-win32-x86_64\bin\verify.dll
Event: 11.366 Loaded shared library C:\Users\Administrator\AppData\Roaming\Code\User\globalStorage\redhat.java\1.42.0\config_win\org.eclipse.equinox.launcher\org.eclipse.equinox.launcher.win32.win32.x86_64_1.2.1300.v20250331-1702\eclipse_11911.dll
Event: 29.542 Loaded shared library C:\Users\Administrator\AppData\Local\Temp\jna-146731693\jna4316662539356078016.dll
Event: 32.903 Loaded shared library C:\Users\Administrator\.vscode\extensions\redhat.java-1.42.0-win32-x64\jre\21.0.7-win32-x86_64\bin\sunmscapi.dll
Event: 34.637 Loaded shared library C:\Users\Administrator\.gradle\native\c067742578af261105cb4f569cf0c3c89f3d7b1fecec35dd04571415982c5e48\windows-amd64\native-platform.dll
Event: 37.618 Loaded shared library C:\Users\Administrator\.vscode\extensions\redhat.java-1.42.0-win32-x64\jre\21.0.7-win32-x86_64\bin\management.dll
Event: 37.624 Loaded shared library C:\Users\Administrator\.vscode\extensions\redhat.java-1.42.0-win32-x64\jre\21.0.7-win32-x86_64\bin\management_ext.dll
Event: 39.446 Loaded shared library C:\Users\Administrator\.vscode\extensions\redhat.java-1.42.0-win32-x64\jre\21.0.7-win32-x86_64\bin\extnet.dll

Deoptimization events (20 events):
Event: 41.022 Thread 0x000002bafbb9f430 Uncommon trap: trap_request=0xffffff6e fr.pc=0x000002baeb28cc70 relative=0x0000000000000730
Event: 41.022 Thread 0x000002bafbb9f430 Uncommon trap: reason=loop_limit_check action=maybe_recompile pc=0x000002baeb28cc70 method=org.eclipse.jdt.internal.compiler.util.HashtableOfObject.rehash()V @ 56 c2
Event: 41.023 Thread 0x000002bafbb9f430 DEOPT PACKING pc=0x000002baeb28cc70 sp=0x000000dc700fe660
Event: 41.023 Thread 0x000002bafbb9f430 DEOPT UNPACKING pc=0x000002baeace3aa2 sp=0x000000dc700fe608 mode 2
Event: 41.043 Thread 0x000002bafbb9f430 DEOPT PACKING pc=0x000002bae447f374 sp=0x000000dc700fe6b0
Event: 41.043 Thread 0x000002bafbb9f430 DEOPT UNPACKING pc=0x000002baeace4242 sp=0x000000dc700fdb28 mode 0
Event: 41.084 Thread 0x000002bafbb9f430 DEOPT PACKING pc=0x000002bae447f374 sp=0x000000dc700fe8c0
Event: 41.085 Thread 0x000002bafbb9f430 DEOPT UNPACKING pc=0x000002baeace4242 sp=0x000000dc700fdd38 mode 0
Event: 41.109 Thread 0x000002bafbb9f430 DEOPT PACKING pc=0x000002bae447f374 sp=0x000000dc700fe8c0
Event: 41.109 Thread 0x000002bafbb9f430 DEOPT UNPACKING pc=0x000002baeace4242 sp=0x000000dc700fdd38 mode 0
Event: 41.138 Thread 0x000002bafbb9f430 DEOPT PACKING pc=0x000002bae447f374 sp=0x000000dc700fe6b0
Event: 41.138 Thread 0x000002bafbb9f430 DEOPT UNPACKING pc=0x000002baeace4242 sp=0x000000dc700fdb28 mode 0
Event: 41.223 Thread 0x000002bafbb9f430 DEOPT PACKING pc=0x000002bae447f374 sp=0x000000dc700fe7c0
Event: 41.223 Thread 0x000002bafbb9f430 DEOPT UNPACKING pc=0x000002baeace4242 sp=0x000000dc700fdc38 mode 0
Event: 41.310 Thread 0x000002bafbb9f430 DEOPT PACKING pc=0x000002bae447f374 sp=0x000000dc700fe790
Event: 41.310 Thread 0x000002bafbb9f430 DEOPT UNPACKING pc=0x000002baeace4242 sp=0x000000dc700fdc08 mode 0
Event: 41.435 Thread 0x000002bafbb9f430 DEOPT PACKING pc=0x000002bae447f374 sp=0x000000dc700fe790
Event: 41.435 Thread 0x000002bafbb9f430 DEOPT UNPACKING pc=0x000002baeace4242 sp=0x000000dc700fdc08 mode 0
Event: 41.667 Thread 0x000002bafbb9f430 DEOPT PACKING pc=0x000002bae447f374 sp=0x000000dc700fe790
Event: 41.667 Thread 0x000002bafbb9f430 DEOPT UNPACKING pc=0x000002baeace4242 sp=0x000000dc700fdc08 mode 0

Classes loaded (20 events):
Event: 40.517 Loading class sun/net/www/http/KeepAliveStream
Event: 40.518 Loading class sun/net/www/http/Hurryable
Event: 40.518 Loading class sun/net/www/http/Hurryable done
Event: 40.518 Loading class sun/net/www/MeteredStream
Event: 40.519 Loading class sun/net/www/MeteredStream done
Event: 40.519 Loading class sun/net/www/http/KeepAliveStream done
Event: 40.519 Loading class sun/net/www/http/KeepAliveStreamCleaner
Event: 40.519 Loading class sun/net/www/http/KeepAliveStreamCleaner done
Event: 40.521 Loading class sun/net/www/http/KeepAliveStreamCleaner$1
Event: 40.522 Loading class sun/net/www/http/KeepAliveStreamCleaner$1 done
Event: 40.522 Loading class sun/net/www/http/KeepAliveStreamCleaner$2
Event: 40.522 Loading class sun/net/www/http/KeepAliveStreamCleaner$2 done
Event: 40.522 Loading class sun/net/www/protocol/http/HttpURLConnection$HttpInputStream
Event: 40.522 Loading class sun/net/www/protocol/http/HttpURLConnection$HttpInputStream done
Event: 40.582 Loading class sun/net/www/http/KeepAliveCache$1
Event: 40.582 Loading class sun/net/www/http/KeepAliveCache$1 done
Event: 40.583 Loading class sun/net/www/http/KeepAliveCache$ClientVector
Event: 40.583 Loading class sun/net/www/http/KeepAliveCache$ClientVector done
Event: 40.587 Loading class sun/net/www/http/KeepAliveEntry
Event: 40.587 Loading class sun/net/www/http/KeepAliveEntry done

Classes unloaded (11 events):
Event: 30.220 Thread 0x000002baf49465b0 Unloading class 0x000002ba811a3c00 'java/lang/invoke/LambdaForm$MH+0x000002ba811a3c00'
Event: 30.220 Thread 0x000002baf49465b0 Unloading class 0x000002ba811a3800 'java/lang/invoke/LambdaForm$MH+0x000002ba811a3800'
Event: 30.220 Thread 0x000002baf49465b0 Unloading class 0x000002ba811a3400 'java/lang/invoke/LambdaForm$MH+0x000002ba811a3400'
Event: 30.220 Thread 0x000002baf49465b0 Unloading class 0x000002ba811a3000 'java/lang/invoke/LambdaForm$MH+0x000002ba811a3000'
Event: 30.220 Thread 0x000002baf49465b0 Unloading class 0x000002ba811a2c00 'java/lang/invoke/LambdaForm$BMH+0x000002ba811a2c00'
Event: 30.220 Thread 0x000002baf49465b0 Unloading class 0x000002ba811a2800 'java/lang/invoke/LambdaForm$DMH+0x000002ba811a2800'
Event: 30.220 Thread 0x000002baf49465b0 Unloading class 0x000002ba811a1400 'java/lang/invoke/LambdaForm$DMH+0x000002ba811a1400'
Event: 32.733 Thread 0x000002baf49465b0 Unloading class 0x000002ba812d7400 'java/lang/invoke/LambdaForm$MH+0x000002ba812d7400'
Event: 32.733 Thread 0x000002baf49465b0 Unloading class 0x000002ba812d6800 'java/lang/invoke/LambdaForm$MH+0x000002ba812d6800'
Event: 32.733 Thread 0x000002baf49465b0 Unloading class 0x000002ba812d6000 'java/lang/invoke/LambdaForm$MH+0x000002ba812d6000'
Event: 32.733 Thread 0x000002baf49465b0 Unloading class 0x000002ba812d5c00 'java/lang/invoke/LambdaForm$MH+0x000002ba812d5c00'

Classes redefined (0 events):
No events

Internal exceptions (20 events):
Event: 35.323 Thread 0x000002bafd5618a0 Exception <a 'sun/nio/fs/WindowsException'{0x00000000eab6e570}> (0x00000000eab6e570) 
thrown [s\src\hotspot\share\prims\jni.cpp, line 520]
Event: 35.417 Thread 0x000002bafd5618a0 Exception <a 'java/io/FileNotFoundException'{0x00000000ebb7e530}> (0x00000000ebb7e530) 
thrown [s\src\hotspot\share\prims\jni.cpp, line 520]
Event: 35.417 Thread 0x000002bafd5618a0 Exception <a 'java/io/FileNotFoundException'{0x00000000ebb7f7e0}> (0x00000000ebb7f7e0) 
thrown [s\src\hotspot\share\prims\jni.cpp, line 520]
Event: 35.492 Thread 0x000002bafbb9f430 Exception <a 'java/lang/NoSuchMethodError'{0x00000000eb29b140}: 'java.lang.Object java.lang.invoke.DelegatingMethodHandle$Holder.reinvoke_L(java.lang.Object, int, long, java.lang.Object, java.lang.Object, int, java.lang.Object)'> (0x00000000eb29b140) 
thrown [s\src\hotspot\share\interpreter\linkResolver.cpp, line 773]
Event: 35.618 Thread 0x000002bafbba0e70 Exception <a 'java/lang/NoSuchMethodError'{0x00000000eaf31fd0}: 'int java.lang.invoke.DirectMethodHandle$Holder.invokeSpecialIFC(java.lang.Object, java.lang.Object, java.lang.Object, java.lang.Object)'> (0x00000000eaf31fd0) 
thrown [s\src\hotspot\share\interpreter\linkResolver.cpp, line 773]
Event: 35.670 Thread 0x000002bafc277290 Exception <a 'java/lang/IncompatibleClassChangeError'{0x00000000eb3df238}: Found class java.lang.Object, but interface was expected> (0x00000000eb3df238) 
thrown [s\src\hotspot\share\interpreter\linkResolver.cpp, line 840]
Event: 35.690 Thread 0x000002bafbba0e70 Exception <a 'java/lang/NoSuchMethodError'{0x00000000eb5da0f8}: 'int java.lang.invoke.DirectMethodHandle$Holder.invokeInterface(java.lang.Object, java.lang.Object)'> (0x00000000eb5da0f8) 
thrown [s\src\hotspot\share\interpreter\linkResolver.cpp, line 773]
Event: 35.691 Thread 0x000002bafbba0e70 Exception <a 'java/lang/IncompatibleClassChangeError'{0x00000000eb5e2d08}: Found class java.lang.Object, but interface was expected> (0x00000000eb5e2d08) 
thrown [s\src\hotspot\share\interpreter\linkResolver.cpp, line 840]
Event: 35.728 Thread 0x000002bafbba0e70 Exception <a 'java/lang/NoSuchMethodError'{0x00000000eb9612a0}: method resolution failed> (0x00000000eb9612a0) 
thrown [s\src\hotspot\share\prims\methodHandles.cpp, line 1144]
Event: 36.542 Thread 0x000002bafbb9f430 Implicit null exception at 0x000002baeb4cebda to 0x000002baeb4cecd8
Event: 37.352 Thread 0x000002bafc276570 Exception <a 'java/lang/NoSuchMethodError'{0x00000000eadc5c98}: 'java.lang.Object java.lang.invoke.DirectMethodHandle$Holder.invokeVirtual(java.lang.Object, java.lang.Object, java.lang.Object, java.lang.Object, java.lang.Object, java.lang.Object)'> (0x00000000eadc5c98) 
thrown [s\src\hotspot\share\interpreter\linkResolver.cpp, line 773]
Event: 37.491 Thread 0x000002bafc276570 Exception <a 'java/lang/NoSuchMethodError'{0x00000000eacfdb78}: 'java.lang.Object java.lang.invoke.DirectMethodHandle$Holder.invokeVirtual(java.lang.Object, java.lang.Object, java.lang.Object, java.lang.Object, java.lang.Object, java.lang.Object, java.lang.Object)'> (0x00000000eacfdb78) 
thrown [s\src\hotspot\share\interpreter\linkResolver.cpp, line 773]
Event: 37.541 Thread 0x000002bafc276570 Exception <a 'java/lang/NoClassDefFoundError'{0x00000000eb540608}: org/slf4j/impl/StaticMarkerBinder> (0x00000000eb540608) 
thrown [s\src\hotspot\share\classfile\systemDictionary.cpp, line 301]
Event: 37.731 Thread 0x000002bafc276570 Exception <a 'java/lang/NoSuchMethodError'{0x00000000eb3c44b0}: 'java.lang.Object java.lang.invoke.DirectMethodHandle$Holder.invokeVirtual(java.lang.Object, java.lang.Object, java.lang.Object, java.lang.Object, java.lang.Object, java.lang.Object, java.lang.Object, java.lang.Object)'> (0x00000000eb3c44b0) 
thrown [s\src\hotspot\share\interpreter\linkResolver.cpp, line 773]
Event: 37.885 Thread 0x000002bafc276570 Exception <a 'java/lang/NoSuchMethodError'{0x00000000eae92040}: 'java.lang.Object java.lang.invoke.DirectMethodHandle$Holder.invokeVirtual(java.lang.Object, java.lang.Object, java.lang.Object, java.lang.Object, java.lang.Object, java.lang.Object, java.lang.Object, java.lang.Object, java.lang.Object, java.lang.Object, java.lang.Object)'> (0x00000000eae92040) 
thrown [s\src\hotspot\share\interpreter\linkResolver.cpp, line 773]
Event: 37.891 Thread 0x000002bafc276570 Exception <a 'java/lang/NoSuchMethodError'{0x00000000eafe1860}: 'java.lang.Object java.lang.invoke.DirectMethodHandle$Holder.invokeStatic(java.lang.Object, java.lang.Object, java.lang.Object, java.lang.Object, java.lang.Object, java.lang.Object, java.lang.Object, java.lang.Object, java.lang.Object, java.lang.Object, java.lang.Object, java.lang.Object, java.lang.Object)'> (0x00000000eafe1860) 
thrown [s\src\hotspot\share\interpreter\linkResolver.cpp, line 773]
Event: 38.397 Thread 0x000002bafbcb06e0 Exception <a 'java/lang/NoSuchMethodError'{0x00000000eb2e4388}: 'void java.lang.invoke.DirectMethodHandle$Holder.invokeStatic(java.lang.Object, long)'> (0x00000000eb2e4388) 
thrown [s\src\hotspot\share\interpreter\linkResolver.cpp, line 773]
Event: 38.816 Thread 0x000002bafbcb06e0 Exception <a 'java/lang/NoSuchMethodError'{0x00000000eb21d040}: 'void java.lang.invoke.DirectMethodHandle$Holder.invokeSpecial(java.lang.Object, java.lang.Object, int)'> (0x00000000eb21d040) 
thrown [s\src\hotspot\share\interpreter\linkResolver.cpp, line 773]
Event: 38.818 Thread 0x000002bafbcb06e0 Exception <a 'java/lang/NoSuchMethodError'{0x00000000eb248ed0}: 'java.lang.Object java.lang.invoke.DirectMethodHandle$Holder.newInvokeSpecial(java.lang.Object, java.lang.Object, int)'> (0x00000000eb248ed0) 
thrown [s\src\hotspot\share\interpreter\linkResolver.cpp, line 773]
Event: 40.631 Thread 0x000002bafd562c50 Exception <a 'java/lang/NoSuchMethodError'{0x00000000eab76570}: 'void java.lang.invoke.DirectMethodHandle$Holder.invokeStaticInit(java.lang.Object, java.lang.Object, java.lang.Object, java.lang.Object)'> (0x00000000eab76570) 
thrown [s\src\hotspot\share\interpreter\linkResolver.cpp, line 773]

ZGC Phase Switch (0 events):
No events

VM Operations (20 events):
Event: 41.377 Executing VM operation: ParallelGCFailedAllocation (Allocation Failure)
Event: 41.380 Executing VM operation: ParallelGCFailedAllocation (Allocation Failure) done
Event: 41.386 Executing VM operation: ParallelGCFailedAllocation (Allocation Failure)
Event: 41.389 Executing VM operation: ParallelGCFailedAllocation (Allocation Failure) done
Event: 41.397 Executing VM operation: ParallelGCFailedAllocation (Allocation Failure)
Event: 41.398 Executing VM operation: ParallelGCFailedAllocation (Allocation Failure) done
Event: 41.415 Executing VM operation: ParallelGCFailedAllocation (Allocation Failure)
Event: 41.417 Executing VM operation: ParallelGCFailedAllocation (Allocation Failure) done
Event: 41.456 Executing VM operation: ParallelGCFailedAllocation (Allocation Failure)
Event: 41.458 Executing VM operation: ParallelGCFailedAllocation (Allocation Failure) done
Event: 41.483 Executing VM operation: ParallelGCFailedAllocation (Allocation Failure)
Event: 41.485 Executing VM operation: ParallelGCFailedAllocation (Allocation Failure) done
Event: 41.508 Executing VM operation: ParallelGCFailedAllocation (Allocation Failure)
Event: 41.637 Executing VM operation: ParallelGCFailedAllocation (Allocation Failure) done
Event: 41.650 Executing VM operation: ParallelGCFailedAllocation (Allocation Failure)
Event: 41.651 Executing VM operation: ParallelGCFailedAllocation (Allocation Failure) done
Event: 41.662 Executing VM operation: ParallelGCFailedAllocation (Allocation Failure)
Event: 41.664 Executing VM operation: ParallelGCFailedAllocation (Allocation Failure) done
Event: 41.672 Executing VM operation: ParallelGCFailedAllocation (Allocation Failure)
Event: 41.673 Executing VM operation: ParallelGCFailedAllocation (Allocation Failure) done

Memory protections (0 events):
No events

Nmethod flushes (20 events):
Event: 41.551 Thread 0x000002baf49465b0 flushing  nmethod 0x000002bae461c210
Event: 41.551 Thread 0x000002baf49465b0 flushing  nmethod 0x000002bae461c790
Event: 41.551 Thread 0x000002baf49465b0 flushing  nmethod 0x000002bae464dd90
Event: 41.551 Thread 0x000002baf49465b0 flushing  nmethod 0x000002bae4669990
Event: 41.551 Thread 0x000002baf49465b0 flushing  nmethod 0x000002bae4670110
Event: 41.551 Thread 0x000002baf49465b0 flushing  nmethod 0x000002bae469a710
Event: 41.551 Thread 0x000002baf49465b0 flushing  nmethod 0x000002bae469ab90
Event: 41.551 Thread 0x000002baf49465b0 flushing  nmethod 0x000002bae469b510
Event: 41.551 Thread 0x000002baf49465b0 flushing osr nmethod 0x000002bae46a9c10
Event: 41.551 Thread 0x000002baf49465b0 flushing  nmethod 0x000002bae46aa590
Event: 41.551 Thread 0x000002baf49465b0 flushing  nmethod 0x000002bae46b0310
Event: 41.551 Thread 0x000002baf49465b0 flushing  nmethod 0x000002bae46b8c90
Event: 41.551 Thread 0x000002baf49465b0 flushing  nmethod 0x000002bae46bae90
Event: 41.551 Thread 0x000002baf49465b0 flushing  nmethod 0x000002bae46bc490
Event: 41.551 Thread 0x000002baf49465b0 flushing  nmethod 0x000002bae46bc810
Event: 41.551 Thread 0x000002baf49465b0 flushing  nmethod 0x000002bae46bcc10
Event: 41.551 Thread 0x000002baf49465b0 flushing  nmethod 0x000002bae46d4410
Event: 41.551 Thread 0x000002baf49465b0 flushing  nmethod 0x000002bae46d4710
Event: 41.551 Thread 0x000002baf49465b0 flushing  nmethod 0x000002bae46df810
Event: 41.551 Thread 0x000002baf49465b0 flushing  nmethod 0x000002bae46e0510

Events (20 events):
Event: 33.227 Thread 0x000002bade267130 Thread added: 0x000002bafc275ee0
Event: 33.228 Thread 0x000002bade267130 Thread added: 0x000002bafc277290
Event: 33.344 Thread 0x000002bafbb9fac0 Thread added: 0x000002bafc276570
Event: 35.206 Thread 0x000002bafb52bf40 Thread exited: 0x000002bafb52bf40
Event: 36.013 Thread 0x000002bafbba0e70 Thread added: 0x000002bafc276c00
Event: 36.015 Thread 0x000002bafbba0e70 Thread added: 0x000002bafc274b30
Event: 38.380 Thread 0x000002bafc276570 Thread added: 0x000002bafbcb06e0
Event: 38.404 Thread 0x000002bafbcb06e0 Thread added: 0x000002bafbcb1a90
Event: 38.404 Thread 0x000002bafbcb06e0 Thread added: 0x000002bafbcac540
Event: 38.889 Thread 0x000002bafc276570 Thread exited: 0x000002bafc276570
Event: 38.892 Thread 0x000002bafc274b30 Thread exited: 0x000002bafc274b30
Event: 38.917 Thread 0x000002bafbb9fac0 Thread added: 0x000002bafbcaf330
Event: 38.918 Thread 0x000002bafbba0e70 Thread added: 0x000002bafbcaf9c0
Event: 38.924 Thread 0x000002bafbba0e70 Thread added: 0x000002bafbcb3b60
Event: 38.957 Thread 0x000002bafbcb3b60 Thread exited: 0x000002bafbcb3b60
Event: 38.968 Thread 0x000002bafbba0e70 Thread added: 0x000002bafbcb27b0
Event: 40.469 Thread 0x000002bafd562c50 Thread added: 0x000002bafbcb2120
Event: 40.469 Thread 0x000002bafbcb2120 Thread exited: 0x000002bafbcb2120
Event: 40.582 Thread 0x000002bafd562c50 Thread added: 0x000002bafbcb0050
Event: 41.003 Thread 0x000002bae061cf30 Thread added: 0x000002bafcc87040


Dynamic libraries:
0x00007ff7ec0e0000 - 0x00007ff7ec0ee000 	c:\Users\Administrator\.vscode\extensions\redhat.java-1.42.0-win32-x64\jre\21.0.7-win32-x86_64\bin\java.exe
0x00007ffc77ff0000 - 0x00007ffc78207000 	C:\WINDOWS\SYSTEM32\ntdll.dll
0x00007ffc77010000 - 0x00007ffc770d4000 	C:\WINDOWS\System32\KERNEL32.DLL
0x00007ffc75340000 - 0x00007ffc75713000 	C:\WINDOWS\System32\KERNELBASE.dll
0x00007ffc75940000 - 0x00007ffc75a51000 	C:\WINDOWS\System32\ucrtbase.dll
0x00007ffc4d7c0000 - 0x00007ffc4d7d8000 	c:\Users\Administrator\.vscode\extensions\redhat.java-1.42.0-win32-x64\jre\21.0.7-win32-x86_64\bin\jli.dll
0x00007ffc4d140000 - 0x00007ffc4d15e000 	c:\Users\Administrator\.vscode\extensions\redhat.java-1.42.0-win32-x64\jre\21.0.7-win32-x86_64\bin\VCRUNTIME140.dll
0x00007ffc779b0000 - 0x00007ffc77b61000 	C:\WINDOWS\System32\USER32.dll
0x00007ffc75720000 - 0x00007ffc75746000 	C:\WINDOWS\System32\win32u.dll
0x00007ffc778c0000 - 0x00007ffc778e9000 	C:\WINDOWS\System32\GDI32.dll
0x00007ffc56b00000 - 0x00007ffc56d9b000 	C:\WINDOWS\WinSxS\amd64_microsoft.windows.common-controls_6595b64144ccf1df_6.0.22621.5262_none_2712bde373830908\COMCTL32.dll
0x00007ffc75d50000 - 0x00007ffc75df7000 	C:\WINDOWS\System32\msvcrt.dll
0x00007ffc75810000 - 0x00007ffc75932000 	C:\WINDOWS\System32\gdi32full.dll
0x00007ffc750e0000 - 0x00007ffc7517a000 	C:\WINDOWS\System32\msvcp_win.dll
0x00007ffc77970000 - 0x00007ffc779a1000 	C:\WINDOWS\System32\IMM32.DLL
0x00007ffc62a00000 - 0x00007ffc62a0c000 	c:\Users\Administrator\.vscode\extensions\redhat.java-1.42.0-win32-x64\jre\21.0.7-win32-x86_64\bin\vcruntime140_1.dll
0x00007ffc2e910000 - 0x00007ffc2e99d000 	c:\Users\Administrator\.vscode\extensions\redhat.java-1.42.0-win32-x64\jre\21.0.7-win32-x86_64\bin\msvcp140.dll
0x00007ffbaf160000 - 0x00007ffbafef0000 	c:\Users\Administrator\.vscode\extensions\redhat.java-1.42.0-win32-x64\jre\21.0.7-win32-x86_64\bin\server\jvm.dll
0x00007ffc76f50000 - 0x00007ffc77001000 	C:\WINDOWS\System32\ADVAPI32.dll
0x00007ffc76e80000 - 0x00007ffc76f27000 	C:\WINDOWS\System32\sechost.dll
0x00007ffc75a60000 - 0x00007ffc75a88000 	C:\WINDOWS\System32\bcrypt.dll
0x00007ffc766a0000 - 0x00007ffc767b4000 	C:\WINDOWS\System32\RPCRT4.dll
0x00007ffc75c80000 - 0x00007ffc75cf1000 	C:\WINDOWS\System32\WS2_32.dll
0x00007ffc74fb0000 - 0x00007ffc74ffd000 	C:\WINDOWS\SYSTEM32\POWRPROF.dll
0x00007ffc6ed90000 - 0x00007ffc6edc4000 	C:\WINDOWS\SYSTEM32\WINMM.dll
0x00007ffc6ae80000 - 0x00007ffc6ae8a000 	C:\WINDOWS\SYSTEM32\VERSION.dll
0x00007ffc74f90000 - 0x00007ffc74fa3000 	C:\WINDOWS\SYSTEM32\UMPDC.dll
0x00007ffc740e0000 - 0x00007ffc740f8000 	C:\WINDOWS\SYSTEM32\kernel.appcore.dll
0x00007ffc61ee0000 - 0x00007ffc61eea000 	c:\Users\Administrator\.vscode\extensions\redhat.java-1.42.0-win32-x64\jre\21.0.7-win32-x86_64\bin\jimage.dll
0x00007ffc72860000 - 0x00007ffc72a92000 	C:\WINDOWS\SYSTEM32\DBGHELP.DLL
0x00007ffc77520000 - 0x00007ffc778b3000 	C:\WINDOWS\System32\combase.dll
0x00007ffc77ec0000 - 0x00007ffc77f97000 	C:\WINDOWS\System32\OLEAUT32.dll
0x00007ffc67f50000 - 0x00007ffc67f82000 	C:\WINDOWS\SYSTEM32\dbgcore.DLL
0x00007ffc75180000 - 0x00007ffc751fb000 	C:\WINDOWS\System32\bcryptPrimitives.dll
0x00007ffc619b0000 - 0x00007ffc619bf000 	c:\Users\Administrator\.vscode\extensions\redhat.java-1.42.0-win32-x64\jre\21.0.7-win32-x86_64\bin\instrument.dll
0x00007ffc4c8c0000 - 0x00007ffc4c8df000 	c:\Users\Administrator\.vscode\extensions\redhat.java-1.42.0-win32-x64\jre\21.0.7-win32-x86_64\bin\java.dll
0x00007ffc75e00000 - 0x00007ffc7669d000 	C:\WINDOWS\System32\SHELL32.dll
0x00007ffc75200000 - 0x00007ffc7533f000 	C:\WINDOWS\System32\wintypes.dll
0x00007ffc72fd0000 - 0x00007ffc738ed000 	C:\WINDOWS\SYSTEM32\windows.storage.dll
0x00007ffc76cf0000 - 0x00007ffc76dfb000 	C:\WINDOWS\System32\SHCORE.dll
0x00007ffc77e50000 - 0x00007ffc77eb6000 	C:\WINDOWS\System32\shlwapi.dll
0x00007ffc75010000 - 0x00007ffc7503b000 	C:\WINDOWS\SYSTEM32\profapi.dll
0x00007ffc4c850000 - 0x00007ffc4c868000 	c:\Users\Administrator\.vscode\extensions\redhat.java-1.42.0-win32-x64\jre\21.0.7-win32-x86_64\bin\zip.dll
0x00007ffc61e60000 - 0x00007ffc61e70000 	C:\Users\Administrator\.vscode\extensions\redhat.java-1.42.0-win32-x64\jre\21.0.7-win32-x86_64\bin\net.dll
0x00007ffc6f680000 - 0x00007ffc6f7ac000 	C:\WINDOWS\SYSTEM32\WINHTTP.dll
0x00007ffc74550000 - 0x00007ffc745ba000 	C:\WINDOWS\system32\mswsock.dll
0x00007ffc4bd40000 - 0x00007ffc4bd56000 	C:\Users\Administrator\.vscode\extensions\redhat.java-1.42.0-win32-x64\jre\21.0.7-win32-x86_64\bin\nio.dll
0x00007ffc614f0000 - 0x00007ffc61500000 	c:\Users\Administrator\.vscode\extensions\redhat.java-1.42.0-win32-x64\jre\21.0.7-win32-x86_64\bin\verify.dll
0x00007ffc33c70000 - 0x00007ffc33cb5000 	C:\Users\Administrator\AppData\Roaming\Code\User\globalStorage\redhat.java\1.42.0\config_win\org.eclipse.equinox.launcher\org.eclipse.equinox.launcher.win32.win32.x86_64_1.2.1300.v20250331-1702\eclipse_11911.dll
0x00007ffc770f0000 - 0x00007ffc77291000 	C:\WINDOWS\System32\ole32.dll
0x00007ffc748a0000 - 0x00007ffc748bb000 	C:\WINDOWS\SYSTEM32\CRYPTSP.dll
0x00007ffc74040000 - 0x00007ffc74077000 	C:\WINDOWS\system32\rsaenh.dll
0x00007ffc745f0000 - 0x00007ffc74618000 	C:\WINDOWS\SYSTEM32\USERENV.dll
0x00007ffc74880000 - 0x00007ffc7488c000 	C:\WINDOWS\SYSTEM32\CRYPTBASE.dll
0x00007ffc73b90000 - 0x00007ffc73bbd000 	C:\WINDOWS\SYSTEM32\IPHLPAPI.DLL
0x00007ffc772a0000 - 0x00007ffc772a9000 	C:\WINDOWS\System32\NSI.dll
0x00007ffbd0730000 - 0x00007ffbd0779000 	C:\Users\Administrator\AppData\Local\Temp\jna-146731693\jna4316662539356078016.dll
0x00007ffc770e0000 - 0x00007ffc770e8000 	C:\WINDOWS\System32\PSAPI.DLL
0x00007ffc6f980000 - 0x00007ffc6f999000 	C:\WINDOWS\SYSTEM32\dhcpcsvc6.DLL
0x00007ffc6f420000 - 0x00007ffc6f43f000 	C:\WINDOWS\SYSTEM32\dhcpcsvc.DLL
0x00007ffc5bfa0000 - 0x00007ffc5bfae000 	C:\Users\Administrator\.vscode\extensions\redhat.java-1.42.0-win32-x64\jre\21.0.7-win32-x86_64\bin\sunmscapi.dll
0x00007ffc75b10000 - 0x00007ffc75c77000 	C:\WINDOWS\System32\CRYPT32.dll
0x00007ffc749b0000 - 0x00007ffc749dd000 	C:\WINDOWS\SYSTEM32\ncrypt.dll
0x00007ffc74970000 - 0x00007ffc749a7000 	C:\WINDOWS\SYSTEM32\NTASN1.dll
0x00007ffc73c10000 - 0x00007ffc73d08000 	C:\WINDOWS\SYSTEM32\DNSAPI.dll
0x00007ffc6e930000 - 0x00007ffc6e93a000 	C:\Windows\System32\rasadhlp.dll
0x00007ffc6f3f0000 - 0x00007ffc6f417000 	C:\Users\Administrator\.gradle\native\c067742578af261105cb4f569cf0c3c89f3d7b1fecec35dd04571415982c5e48\windows-amd64\native-platform.dll
0x00007ffc5f210000 - 0x00007ffc5f21a000 	C:\Users\Administrator\.vscode\extensions\redhat.java-1.42.0-win32-x64\jre\21.0.7-win32-x86_64\bin\management.dll
0x00007ffc5cb00000 - 0x00007ffc5cb0b000 	C:\Users\Administrator\.vscode\extensions\redhat.java-1.42.0-win32-x64\jre\21.0.7-win32-x86_64\bin\management_ext.dll
0x00007ffc6e3f0000 - 0x00007ffc6e473000 	C:\WINDOWS\System32\fwpuclnt.dll
0x00007ffc59ad0000 - 0x00007ffc59ad9000 	C:\Users\Administrator\.vscode\extensions\redhat.java-1.42.0-win32-x64\jre\21.0.7-win32-x86_64\bin\extnet.dll

dbghelp: loaded successfully - version: 4.0.5 - missing functions: none
symbol engine: initialized successfully - sym options: 0x614 - pdb path: .;c:\Users\Administrator\.vscode\extensions\redhat.java-1.42.0-win32-x64\jre\21.0.7-win32-x86_64\bin;C:\WINDOWS\SYSTEM32;C:\WINDOWS\WinSxS\amd64_microsoft.windows.common-controls_6595b64144ccf1df_6.0.22621.5262_none_2712bde373830908;c:\Users\Administrator\.vscode\extensions\redhat.java-1.42.0-win32-x64\jre\21.0.7-win32-x86_64\bin\server;C:\Users\Administrator\AppData\Roaming\Code\User\globalStorage\redhat.java\1.42.0\config_win\org.eclipse.equinox.launcher\org.eclipse.equinox.launcher.win32.win32.x86_64_1.2.1300.v20250331-1702;C:\Users\Administrator\AppData\Local\Temp\jna-146731693;C:\Users\Administrator\.gradle\native\c067742578af261105cb4f569cf0c3c89f3d7b1fecec35dd04571415982c5e48\windows-amd64

VM Arguments:
jvm_args: --add-modules=ALL-SYSTEM --add-opens=java.base/java.util=ALL-UNNAMED --add-opens=java.base/java.lang=ALL-UNNAMED --add-opens=java.base/sun.nio.fs=ALL-UNNAMED -Declipse.application=org.eclipse.jdt.ls.core.id1 -Dosgi.bundles.defaultStartLevel=4 -Declipse.product=org.eclipse.jdt.ls.core.product -Djava.import.generatesMetadataFilesAtProjectRoot=false -DDetectVMInstallationsJob.disabled=true -Dfile.encoding=utf8 -XX:+UseParallelGC -XX:GCTimeRatio=4 -XX:AdaptiveSizePolicyWeight=90 -Dsun.zip.disableMemoryMapping=true -Xmx1G -Xms100m -Xlog:disable -javaagent:c:\Users\Administrator\.vscode\extensions\redhat.java-1.42.0-win32-x64\lombok\lombok-1.18.36.jar -XX:+HeapDumpOnOutOfMemoryError -XX:HeapDumpPath=c:\Users\Administrator\AppData\Roaming\Code\User\workspaceStorage\321f4ca2a7b99939e1520ab77cd8a172\redhat.java -Daether.dependencyCollector.impl=bf 
java_command: c:\Users\Administrator\.vscode\extensions\redhat.java-1.42.0-win32-x64\server\plugins\org.eclipse.equinox.launcher_1.7.0.v20250424-1814.jar -configuration c:\Users\Administrator\AppData\Roaming\Code\User\globalStorage\redhat.java\1.42.0\config_win -data c:\Users\Administrator\AppData\Roaming\Code\User\workspaceStorage\321f4ca2a7b99939e1520ab77cd8a172\redhat.java\jdt_ws --pipe=\\.\pipe\lsp-8731460c496a77ec75734ede5553463a-sock
java_class_path (initial): c:\Users\Administrator\.vscode\extensions\redhat.java-1.42.0-win32-x64\server\plugins\org.eclipse.equinox.launcher_1.7.0.v20250424-1814.jar
Launcher Type: SUN_STANDARD

[Global flags]
    uintx AdaptiveSizePolicyWeight                 = 90                                        {product} {command line}
     intx CICompilerCount                          = 4                                         {product} {ergonomic}
    uintx GCTimeRatio                              = 4                                         {product} {command line}
     bool HeapDumpOnOutOfMemoryError               = true                                   {manageable} {command line}
    ccstr HeapDumpPath                             = c:\Users\Administrator\AppData\Roaming\Code\User\workspaceStorage\321f4ca2a7b99939e1520ab77cd8a172\redhat.java         {manageable} {command line}
   size_t InitialHeapSize                          = 104857600                                 {product} {command line}
   size_t MaxHeapSize                              = 1073741824                                {product} {command line}
   size_t MaxNewSize                               = 357564416                                 {product} {ergonomic}
   size_t MinHeapDeltaBytes                        = 524288                                    {product} {ergonomic}
   size_t MinHeapSize                              = 104857600                                 {product} {command line}
   size_t NewSize                                  = 34603008                                  {product} {ergonomic}
    uintx NonNMethodCodeHeapSize                   = 5839372                                {pd product} {ergonomic}
    uintx NonProfiledCodeHeapSize                  = 122909434                              {pd product} {ergonomic}
   size_t OldSize                                  = 70254592                                  {product} {ergonomic}
    uintx ProfiledCodeHeapSize                     = 122909434                              {pd product} {ergonomic}
    uintx ReservedCodeCacheSize                    = 251658240                              {pd product} {ergonomic}
     bool SegmentedCodeCache                       = true                                      {product} {ergonomic}
   size_t SoftMaxHeapSize                          = 1073741824                             {manageable} {ergonomic}
     bool UseCompressedOops                        = true                           {product lp64_product} {ergonomic}
     bool UseLargePagesIndividualAllocation        = false                                  {pd product} {ergonomic}
     bool UseParallelGC                            = true                                      {product} {command line}

Logging:
Log output configuration:
 #0: stdout all=off uptime,level,tags foldmultilines=false
 #1: stderr all=off uptime,level,tags foldmultilines=false

Environment Variables:
PATH=C:\Program Files\NVIDIA GPU Computing Toolkit\CUDA\v12.8\bin;C:\Program Files\NVIDIA GPU Computing Toolkit\CUDA\v12.8\libnvvp;C:\Program Files\Common Files\Oracle\Java\javapath;C:\Python312\Scripts\;C:\Python312\;C:\WINDOWS\system32;C:\WINDOWS;C:\WINDOWS\System32\Wbem;C:\WINDOWS\System32\WindowsPowerShell\v1.0\;C:\WINDOWS\System32\OpenSSH\;C:\Program Files\Git\cmd;C:\Program Files\Java\jdk-20\bin;C:\ProgramData\chocolatey\bin;C:\Program Files\Docker\Docker\resources\bin;C:\Program Files\Go\bin;C:\Program Files\dotnet\;C:\Program Files\PostgreSQL\17\bin;C:\Users\Administrator\AppData\Roaming\nvm;C:\Program Files\nodejs;C:\Program Files\NVIDIA Corporation\Nsight Compute 2025.1.1\;C:\Program Files (x86)\NVIDIA Corporation\PhysX\Common;C:\Program Files\nodejs\;C:\Users\Administrator\AppData\Local\Microsoft\WindowsApps;C:\Users\Administrator\AppData\Local\Programs\Microsoft VS Code\bin;C:\Users\Administrator\AppData\Local\GitHubDesktop\bin;C:\MinGW\bin;C:\Users\Administrator\go\bin;E:\Intellije\IntelliJ IDEA 2024.1.1\bin;;C:\Users\Administrator\AppData\Roaming\nvm;C:\Program Files\nodejs;C:\Users\Administrator\AppData\Roaming\npm
USERNAME=Administrator
OS=Windows_NT
PROCESSOR_IDENTIFIER=AMD64 Family 23 Model 104 Stepping 1, AuthenticAMD
TMP=C:\Users\ADMINI~1\AppData\Local\Temp
TEMP=C:\Users\ADMINI~1\AppData\Local\Temp




Periodic native trim disabled

---------------  S Y S T E M  ---------------

OS:
 Windows 11 , 64 bit Build 22621 (10.0.22621.5262)
OS uptime: 0 days 8:55 hours
Hyper-V role detected

CPU: total 12 (initial active 12) (12 cores per cpu, 2 threads per core) family 23 model 104 stepping 1 microcode 0x0, cx8, cmov, fxsr, ht, mmx, 3dnowpref, sse, sse2, sse3, ssse3, sse4a, sse4.1, sse4.2, popcnt, lzcnt, tsc, tscinvbit, avx, avx2, aes, clmul, bmi1, bmi2, adx, sha, fma, vzeroupper, clflush, clflushopt, hv, rdtscp, rdpid, f16c
Processor Information for processor 0
  Max Mhz: 2100, Current Mhz: 1988, Mhz Limit: 2100
Processor Information for processor 1
  Max Mhz: 2100, Current Mhz: 1988, Mhz Limit: 2100
Processor Information for processor 2
  Max Mhz: 2100, Current Mhz: 2100, Mhz Limit: 2100
Processor Information for processor 3
  Max Mhz: 2100, Current Mhz: 2100, Mhz Limit: 2100
Processor Information for processor 4
  Max Mhz: 2100, Current Mhz: 2100, Mhz Limit: 2100
Processor Information for processor 5
  Max Mhz: 2100, Current Mhz: 1988, Mhz Limit: 2100
Processor Information for processor 6
  Max Mhz: 2100, Current Mhz: 2100, Mhz Limit: 2100
Processor Information for processor 7
  Max Mhz: 2100, Current Mhz: 2100, Mhz Limit: 2100
Processor Information for processor 8
  Max Mhz: 2100, Current Mhz: 1988, Mhz Limit: 2100
Processor Information for processor 9
  Max Mhz: 2100, Current Mhz: 2100, Mhz Limit: 2100
Processor Information for processor 10
  Max Mhz: 2100, Current Mhz: 1988, Mhz Limit: 2100
Processor Information for processor 11
  Max Mhz: 2100, Current Mhz: 1988, Mhz Limit: 2100

Memory: 4k page, system-wide physical 6005M (778M free)
TotalPageFile size 24437M (AvailPageFile size 236M)
current process WorkingSet (physical memory assigned to process): 400M, peak: 400M
current process commit charge ("private bytes"): 421M, peak: 943M

vm_info: OpenJDK 64-Bit Server VM (21.0.7+6-LTS) for windows-amd64 JRE (21.0.7+6-LTS), built on 2025-04-15T00:00:00Z by "admin" with MS VC++ 17.7 (VS2022)

END.
