#
# There is insufficient memory for the Java Runtime Environment to continue.
# Native memory allocation (malloc) failed to allocate 236912 bytes. Error detail: Chunk::new
# Possible reasons:
#   The system is out of physical RAM or swap space
#   This process is running with CompressedOops enabled, and the Java Heap may be blocking the growth of the native heap
# Possible solutions:
#   Reduce memory load on the system
#   Increase physical memory or swap space
#   Check if swap backing store is full
#   Decrease Java heap size (-Xmx/-Xms)
#   Decrease number of Java threads
#   Decrease Java thread stack sizes (-Xss)
#   Set larger code cache with -XX:ReservedCodeCacheSize=
#   JVM is running with Unscaled Compressed Oops mode in which the Java heap is
#     placed in the first 4GB address space. The Java Heap base address is the
#     maximum limit for the native heap growth. Please use -XX:HeapBaseMinAddress
#     to set the Java Heap base and to place the Java Heap above 4GB virtual address.
# This output file may be truncated or incomplete.
#
#  Out of Memory Error (arena.cpp:168), pid=17740, tid=16068
#
# JRE version: OpenJDK Runtime Environment Temurin-21.0.7+6 (21.0.7+6) (build 21.0.7+6-LTS)
# Java VM: OpenJDK 64-Bit Server VM Temurin-21.0.7+6 (21.0.7+6-LTS, mixed mode, sharing, tiered, compressed oops, compressed class ptrs, parallel gc, windows-amd64)
# No core dump will be written. Minidumps are not enabled by default on client versions of Windows
#

---------------  S U M M A R Y ------------

Command Line: --add-modules=ALL-SYSTEM --add-opens=java.base/java.util=ALL-UNNAMED --add-opens=java.base/java.lang=ALL-UNNAMED --add-opens=java.base/sun.nio.fs=ALL-UNNAMED -Declipse.application=org.eclipse.jdt.ls.core.id1 -Dosgi.bundles.defaultStartLevel=4 -Declipse.product=org.eclipse.jdt.ls.core.product -Djava.import.generatesMetadataFilesAtProjectRoot=false -DDetectVMInstallationsJob.disabled=true -Dfile.encoding=utf8 -XX:+UseParallelGC -XX:GCTimeRatio=4 -XX:AdaptiveSizePolicyWeight=90 -Dsun.zip.disableMemoryMapping=true -Xmx1G -Xms100m -Xlog:disable -javaagent:c:\Users\Administrator\.vscode\extensions\redhat.java-1.42.0-win32-x64\lombok\lombok-1.18.36.jar c:\Users\Administrator\.vscode\extensions\redhat.java-1.42.0-win32-x64\server\plugins\org.eclipse.equinox.launcher_1.7.0.v20250424-1814.jar -configuration c:\Users\Administrator\AppData\Roaming\Code\User\globalStorage\redhat.java\1.42.0\config_ss_win -data c:\Users\Administrator\AppData\Roaming\Code\User\workspaceStorage\321f4ca2a7b99939e1520ab77cd8a172\redhat.java\ss_ws --pipe=\\.\pipe\lsp-66a257025eed2d94d405d46d0fdcbf1b-sock

Host: AMD Ryzen 5 5500U with Radeon Graphics         , 12 cores, 5G,  Windows 11 , 64 bit Build 22621 (10.0.22621.5262)
Time: Tue May 20 21:51:57 2025 SE Asia Standard Time elapsed time: 61.363226 seconds (0d 0h 1m 1s)

---------------  T H R E A D  ---------------

Current thread (0x00000185d0577390):  JavaThread "C2 CompilerThread0" daemon [_thread_in_native, id=16068, stack(0x0000006a23100000,0x0000006a23200000) (1024K)]


Current CompileTask:
C2:61363 3481       4       jdk.internal.org.objectweb.asm.SymbolTable::addConstantUtf8Reference (101 bytes)

Stack: [0x0000006a23100000,0x0000006a23200000]
Native frames: (J=compiled Java code, j=interpreted, Vv=VM code, C=native code)
V  [jvm.dll+0x6ce119]
V  [jvm.dll+0x8a84a1]
V  [jvm.dll+0x8aa9ce]
V  [jvm.dll+0x8ab0b3]
V  [jvm.dll+0x27f8a6]
V  [jvm.dll+0xc507d]
V  [jvm.dll+0xc55b3]
V  [jvm.dll+0x3b692c]
V  [jvm.dll+0x1dfe33]
V  [jvm.dll+0x247c42]
V  [jvm.dll+0x2470cf]
V  [jvm.dll+0x1c760e]
V  [jvm.dll+0x25695a]
V  [jvm.dll+0x254efa]
V  [jvm.dll+0x3f03f6]
V  [jvm.dll+0x851f6b]
V  [jvm.dll+0x6cc7dd]
C  [ucrtbase.dll+0x29333]
C  [KERNEL32.DLL+0x1259d]
C  [ntdll.dll+0x5af58]


---------------  P R O C E S S  ---------------

Threads class SMR info:
_java_thread_list=0x00000185d08383a0, length=38, elements={
0x00000185f909f530, 0x00000185fe48e010, 0x00000185d0564830, 0x00000185d0569d10,
0x00000185d056bde0, 0x00000185d056d290, 0x00000185d05724b0, 0x00000185d0577390,
0x00000185d057d240, 0x00000185d066e2c0, 0x00000185d0917640, 0x00000185d5b21000,
0x00000185d5c066b0, 0x00000185d5f033b0, 0x00000185d061a760, 0x00000185d5094660,
0x00000185d5880850, 0x00000185d5880eb0, 0x00000185d6288950, 0x00000185d6287c30,
0x00000185d62882c0, 0x00000185d6286f10, 0x00000185d62854d0, 0x00000185d62861f0,
0x00000185d6285b60, 0x00000185d6286880, 0x00000185d62875a0, 0x00000185d612ad20,
0x00000185d612e1a0, 0x00000185d612d480, 0x00000185d61292e0, 0x00000185d612db10,
0x00000185d612a000, 0x00000185d612e830, 0x00000185d6128c50, 0x00000185d612b3b0,
0x00000185d612eec0, 0x00000185d612a690
}

Java Threads: ( => current thread )
  0x00000185f909f530 JavaThread "main"                              [_thread_blocked, id=5876, stack(0x0000006a22700000,0x0000006a22800000) (1024K)]
  0x00000185fe48e010 JavaThread "Reference Handler"          daemon [_thread_blocked, id=7820, stack(0x0000006a22b00000,0x0000006a22c00000) (1024K)]
  0x00000185d0564830 JavaThread "Finalizer"                  daemon [_thread_blocked, id=22264, stack(0x0000006a22c00000,0x0000006a22d00000) (1024K)]
  0x00000185d0569d10 JavaThread "Signal Dispatcher"          daemon [_thread_blocked, id=13292, stack(0x0000006a22d00000,0x0000006a22e00000) (1024K)]
  0x00000185d056bde0 JavaThread "Attach Listener"            daemon [_thread_blocked, id=7932, stack(0x0000006a22e00000,0x0000006a22f00000) (1024K)]
  0x00000185d056d290 JavaThread "Service Thread"             daemon [_thread_blocked, id=2160, stack(0x0000006a22f00000,0x0000006a23000000) (1024K)]
  0x00000185d05724b0 JavaThread "Monitor Deflation Thread"   daemon [_thread_blocked, id=10644, stack(0x0000006a23000000,0x0000006a23100000) (1024K)]
=>0x00000185d0577390 JavaThread "C2 CompilerThread0"         daemon [_thread_in_native, id=16068, stack(0x0000006a23100000,0x0000006a23200000) (1024K)]
  0x00000185d057d240 JavaThread "C1 CompilerThread0"         daemon [_thread_blocked, id=17404, stack(0x0000006a23200000,0x0000006a23300000) (1024K)]
  0x00000185d066e2c0 JavaThread "Common-Cleaner"             daemon [_thread_blocked, id=20844, stack(0x0000006a23300000,0x0000006a23400000) (1024K)]
  0x00000185d0917640 JavaThread "Notification Thread"        daemon [_thread_blocked, id=10872, stack(0x0000006a23500000,0x0000006a23600000) (1024K)]
  0x00000185d5b21000 JavaThread "Active Thread: Equinox Container: 75efa0ad-70aa-4f37-99a9-a1ad7f6b23ba"        [_thread_blocked, id=10852, stack(0x0000006a23d00000,0x0000006a23e00000) (1024K)]
  0x00000185d5c066b0 JavaThread "Framework Event Dispatcher: Equinox Container: 75efa0ad-70aa-4f37-99a9-a1ad7f6b23ba" daemon [_thread_blocked, id=14384, stack(0x0000006a23400000,0x0000006a23500000) (1024K)]
  0x00000185d5f033b0 JavaThread "Start Level: Equinox Container: 75efa0ad-70aa-4f37-99a9-a1ad7f6b23ba" daemon [_thread_blocked, id=19512, stack(0x0000006a23c00000,0x0000006a23d00000) (1024K)]
  0x00000185d061a760 JavaThread "SCR Component Actor"        daemon [_thread_blocked, id=2464, stack(0x0000006a23e00000,0x0000006a23f00000) (1024K)]
  0x00000185d5094660 JavaThread "Worker-JM"                         [_thread_blocked, id=3592, stack(0x0000006a24100000,0x0000006a24200000) (1024K)]
  0x00000185d5880850 JavaThread "Worker-0"                          [_thread_blocked, id=10280, stack(0x0000006a24400000,0x0000006a24500000) (1024K)]
  0x00000185d5880eb0 JavaThread "Worker-1: Shutdown..."             [_thread_in_native, id=16716, stack(0x0000006a24500000,0x0000006a24600000) (1024K)]
  0x00000185d6288950 JavaThread "JNA Cleaner"                daemon [_thread_blocked, id=4280, stack(0x0000006a24600000,0x0000006a24700000) (1024K)]
  0x00000185d6287c30 JavaThread "Thread-2"                   daemon [_thread_in_native, id=24564, stack(0x0000006a24900000,0x0000006a24a00000) (1024K)]
  0x00000185d62882c0 JavaThread "Thread-3"                   daemon [_thread_in_native, id=4844, stack(0x0000006a24a00000,0x0000006a24b00000) (1024K)]
  0x00000185d6286f10 JavaThread "Thread-4"                   daemon [_thread_in_native, id=13516, stack(0x0000006a24b00000,0x0000006a24c00000) (1024K)]
  0x00000185d62854d0 JavaThread "Thread-5"                   daemon [_thread_in_native, id=19676, stack(0x0000006a24c00000,0x0000006a24d00000) (1024K)]
  0x00000185d62861f0 JavaThread "Thread-6"                   daemon [_thread_in_native, id=14364, stack(0x0000006a24d00000,0x0000006a24e00000) (1024K)]
  0x00000185d6285b60 JavaThread "Thread-7"                   daemon [_thread_in_native, id=19592, stack(0x0000006a24e00000,0x0000006a24f00000) (1024K)]
  0x00000185d6286880 JavaThread "Thread-8"                   daemon [_thread_in_native, id=22460, stack(0x0000006a24f00000,0x0000006a25000000) (1024K)]
  0x00000185d62875a0 JavaThread "Thread-9"                   daemon [_thread_in_native, id=13572, stack(0x0000006a25000000,0x0000006a25100000) (1024K)]
  0x00000185d612ad20 JavaThread "Thread-10"                  daemon [_thread_in_native, id=3856, stack(0x0000006a25100000,0x0000006a25200000) (1024K)]
  0x00000185d612e1a0 JavaThread "Thread-11"                  daemon [_thread_in_native, id=19100, stack(0x0000006a25200000,0x0000006a25300000) (1024K)]
  0x00000185d612d480 JavaThread "Thread-12"                  daemon [_thread_in_native, id=19768, stack(0x0000006a25300000,0x0000006a25400000) (1024K)]
  0x00000185d61292e0 JavaThread "Thread-13"                  daemon [_thread_in_native, id=5980, stack(0x0000006a25400000,0x0000006a25500000) (1024K)]
  0x00000185d612db10 JavaThread "Thread-14"                  daemon [_thread_in_native, id=15176, stack(0x0000006a25500000,0x0000006a25600000) (1024K)]
  0x00000185d612a000 JavaThread "Worker-2"                          [_thread_blocked, id=21752, stack(0x0000006a25600000,0x0000006a25700000) (1024K)]
  0x00000185d612e830 JavaThread "pool-2-thread-1"                   [_thread_blocked, id=11428, stack(0x0000006a25700000,0x0000006a25800000) (1024K)]
  0x00000185d6128c50 JavaThread "WorkspaceEventsHandler"            [_thread_blocked, id=3444, stack(0x0000006a25800000,0x0000006a25900000) (1024K)]
  0x00000185d612b3b0 JavaThread "pool-1-thread-1"                   [_thread_blocked, id=8600, stack(0x0000006a25900000,0x0000006a25a00000) (1024K)]
  0x00000185d612eec0 JavaThread "ForkJoinPool.commonPool-worker-1" daemon [_thread_blocked, id=2068, stack(0x0000006a22400000,0x0000006a22500000) (1024K)]
  0x00000185d612a690 JavaThread "pool-3-thread-1"                   [_thread_blocked, id=20348, stack(0x0000006a22500000,0x0000006a22600000) (1024K)]
Total: 38

Other Threads:
  0x00000185fe474990 VMThread "VM Thread"                           [id=20424, stack(0x0000006a22a00000,0x0000006a22b00000) (1024K)]
  0x00000185fe36ca10 WatcherThread "VM Periodic Task Thread"        [id=17040, stack(0x0000006a22900000,0x0000006a22a00000) (1024K)]
  0x00000185f90bcfe0 WorkerThread "GC Thread#0"                     [id=18292, stack(0x0000006a22800000,0x0000006a22900000) (1024K)]
  0x00000185d5061e00 WorkerThread "GC Thread#1"                     [id=9208, stack(0x0000006a23600000,0x0000006a23700000) (1024K)]
  0x00000185d5060be0 WorkerThread "GC Thread#2"                     [id=5604, stack(0x0000006a23700000,0x0000006a23800000) (1024K)]
  0x00000185d50621a0 WorkerThread "GC Thread#3"                     [id=4888, stack(0x0000006a23800000,0x0000006a23900000) (1024K)]
  0x00000185d5062540 WorkerThread "GC Thread#4"                     [id=18340, stack(0x0000006a23900000,0x0000006a23a00000) (1024K)]
  0x00000185d5060f80 WorkerThread "GC Thread#5"                     [id=17284, stack(0x0000006a23a00000,0x0000006a23b00000) (1024K)]
  0x00000185d5061320 WorkerThread "GC Thread#6"                     [id=5152, stack(0x0000006a23b00000,0x0000006a23c00000) (1024K)]
  0x00000185d50616c0 WorkerThread "GC Thread#7"                     [id=5868, stack(0x0000006a23f00000,0x0000006a24000000) (1024K)]
  0x00000185d50b83a0 WorkerThread "GC Thread#8"                     [id=7012, stack(0x0000006a24200000,0x0000006a24300000) (1024K)]
  0x00000185d50b8000 WorkerThread "GC Thread#9"                     [id=552, stack(0x0000006a24300000,0x0000006a24400000) (1024K)]
Total: 12

Threads with active compile tasks:
C2 CompilerThread0  61390 3481       4       jdk.internal.org.objectweb.asm.SymbolTable::addConstantUtf8Reference (101 bytes)
Total: 1

VM state: not at safepoint (normal execution)

VM Mutex/Monitor currently owned by a thread: None

Heap address: 0x00000000c0000000, size: 1024 MB, Compressed Oops mode: 32-bit

CDS archive(s) mapped at: [0x000001858f000000-0x000001858fba0000-0x000001858fba0000), size 12189696, SharedBaseAddress: 0x000001858f000000, ArchiveRelocationMode: 1.
Compressed class space mapped at: 0x0000018590000000-0x00000185d0000000, reserved size: 1073741824
Narrow klass base: 0x000001858f000000, Narrow klass shift: 0, Narrow klass range: 0x100000000

GC Precious Log:
 CardTable entry size: 512
 CPUs: 12 total, 12 available
 Memory: 6005M
 Large Page Support: Disabled
 NUMA Support: Disabled
 Compressed Oops: Enabled (32-bit)
 Alignments: Space 512K, Generation 512K, Heap 2M
 Heap Min Capacity: 100M
 Heap Initial Capacity: 100M
 Heap Max Capacity: 1G
 Pre-touch: Disabled
 Parallel Workers: 10

Heap:
 PSYoungGen      total 27648K, used 8965K [0x00000000eab00000, 0x00000000eca80000, 0x0000000100000000)
  eden space 24064K, 22% used [0x00000000eab00000,0x00000000eb048de0,0x00000000ec280000)
  from space 3584K, 99% used [0x00000000ec680000,0x00000000ec9f8948,0x00000000eca00000)
  to   space 4096K, 0% used [0x00000000ec280000,0x00000000ec280000,0x00000000ec680000)
 ParOldGen       total 68608K, used 10080K [0x00000000c0000000, 0x00000000c4300000, 0x00000000eab00000)
  object space 68608K, 14% used [0x00000000c0000000,0x00000000c09d8018,0x00000000c4300000)
 Metaspace       used 28776K, committed 29632K, reserved 1114112K
  class space    used 2833K, committed 3200K, reserved 1048576K

Card table byte_map: [0x00000185f8a40000,0x00000185f8c50000] _byte_map_base: 0x00000185f8440000

Marking Bits: (ParMarkBitMap*) 0x00007ffbafe131f0
 Begin Bits: [0x00000185fc290000, 0x00000185fd290000)
 End Bits:   [0x00000185fd290000, 0x00000185fe290000)

Polling page: 0x00000185f6f20000

Metaspace:

Usage:
  Non-class:     25.33 MB used.
      Class:      2.77 MB used.
       Both:     28.10 MB used.

Virtual space:
  Non-class space:       64.00 MB reserved,      25.81 MB ( 40%) committed,  1 nodes.
      Class space:        1.00 GB reserved,       3.12 MB ( <1%) committed,  1 nodes.
             Both:        1.06 GB reserved,      28.94 MB (  3%) committed. 

Chunk freelists:
   Non-Class:  6.22 MB
       Class:  12.88 MB
        Both:  19.10 MB

MaxMetaspaceSize: unlimited
CompressedClassSpaceSize: 1.00 GB
Initial GC threshold: 21.00 MB
Current GC threshold: 35.00 MB
CDS: on
 - commit_granule_bytes: 65536.
 - commit_granule_words: 8192.
 - virtual_space_node_default_size: 8388608.
 - enlarge_chunks_in_place: 1.
 - use_allocation_guard: 0.


Internal statistics:

num_allocs_failed_limit: 3.
num_arena_births: 576.
num_arena_deaths: 14.
num_vsnodes_births: 2.
num_vsnodes_deaths: 0.
num_space_committed: 463.
num_space_uncommitted: 0.
num_chunks_returned_to_freelist: 17.
num_chunks_taken_from_freelist: 1650.
num_chunk_merges: 9.
num_chunk_splits: 1088.
num_chunks_enlarged: 711.
num_inconsistent_stats: 0.

CodeHeap 'non-profiled nmethods': size=120000Kb used=1508Kb max_used=1508Kb free=118491Kb
 bounds [0x0000018587ad0000, 0x0000018587d40000, 0x000001858f000000]
CodeHeap 'profiled nmethods': size=120000Kb used=6820Kb max_used=6820Kb free=113179Kb
 bounds [0x0000018580000000, 0x00000185806b0000, 0x0000018587530000]
CodeHeap 'non-nmethods': size=5760Kb used=1341Kb max_used=1373Kb free=4418Kb
 bounds [0x0000018587530000, 0x00000185877a0000, 0x0000018587ad0000]
 total_blobs=4113 nmethods=3479 adapters=539
 compilation: enabled
              stopped_count=0, restarted_count=0
 full_count=0

Compilation events (20 events):
Event: 18.287 Thread 0x00000185d057d240 nmethod 3472 0x0000018587c48590 code [0x0000018587c48720, 0x0000018587c487f0]
Event: 61.022 Thread 0x00000185d057d240 3473       3       jdk.internal.misc.Unsafe::copyMemory (33 bytes)
Event: 61.043 Thread 0x00000185d057d240 nmethod 3473 0x00000185806a3390 code [0x00000185806a3660, 0x00000185806a4320]
Event: 61.043 Thread 0x00000185d057d240 3474       3       jdk.internal.misc.Unsafe::copyMemoryChecks (21 bytes)
Event: 61.044 Thread 0x00000185d057d240 nmethod 3474 0x00000185806a4910 code [0x00000185806a4be0, 0x00000185806a5898]
Event: 61.055 Thread 0x00000185d057d240 3475       3       jdk.internal.misc.Unsafe::checkOffset (32 bytes)
Event: 61.055 Thread 0x00000185d057d240 nmethod 3475 0x00000185806a5e10 code [0x00000185806a5fc0, 0x00000185806a6230]
Event: 61.168 Thread 0x00000185d057d240 3476       3       java.lang.invoke.Invokers$Holder::invokeExact_MT (32 bytes)
Event: 61.172 Thread 0x00000185d057d240 nmethod 3476 0x00000185806a6310 code [0x00000185806a6520, 0x00000185806a6e20]
Event: 61.172 Thread 0x00000185d057d240 3477       3       java.lang.invoke.LambdaMetafactory::metafactory (71 bytes)
Event: 61.173 Thread 0x00000185d057d240 nmethod 3477 0x00000185806a7090 code [0x00000185806a7320, 0x00000185806a7e18]
Event: 61.283 Thread 0x00000185d057d240 3478       3       org.eclipse.core.internal.jobs.JobListeners::getJobListenerTimeout (4 bytes)
Event: 61.284 Thread 0x00000185d057d240 nmethod 3478 0x00000185806a8310 code [0x00000185806a84a0, 0x00000185806a8598]
Event: 61.289 Thread 0x00000185d057d240 3479       1       sun.nio.ch.Iocp$CompletionStatus::completionKey (5 bytes)
Event: 61.289 Thread 0x00000185d057d240 nmethod 3479 0x0000018587c48890 code [0x0000018587c48a20, 0x0000018587c48ae8]
Event: 61.315 Thread 0x00000185d0577390 3481       4       jdk.internal.org.objectweb.asm.SymbolTable::addConstantUtf8Reference (101 bytes)
Event: 61.324 Thread 0x00000185d057d240 3482       3       java.util.HashMap::keysToArray (81 bytes)
Event: 61.325 Thread 0x00000185d057d240 nmethod 3482 0x00000185806a8610 code [0x00000185806a87e0, 0x00000185806a8c30]
Event: 61.344 Thread 0x00000185d057d240 3484       3       java.lang.invoke.LambdaForm::<init> (53 bytes)
Event: 61.345 Thread 0x00000185d057d240 nmethod 3484 0x00000185806a8e10 code [0x00000185806a8fc0, 0x00000185806a91a0]

GC Heap History (18 events):
Event: 1.744 GC heap before
{Heap before GC invocations=1 (full 0):
 PSYoungGen      total 29696K, used 25600K [0x00000000eab00000, 0x00000000ecc00000, 0x0000000100000000)
  eden space 25600K, 100% used [0x00000000eab00000,0x00000000ec400000,0x00000000ec400000)
  from space 4096K, 0% used [0x00000000ec800000,0x00000000ec800000,0x00000000ecc00000)
  to   space 4096K, 0% used [0x00000000ec400000,0x00000000ec400000,0x00000000ec800000)
 ParOldGen       total 68608K, used 0K [0x00000000c0000000, 0x00000000c4300000, 0x00000000eab00000)
  object space 68608K, 0% used [0x00000000c0000000,0x00000000c0000000,0x00000000c4300000)
 Metaspace       used 4330K, committed 4544K, reserved 1114112K
  class space    used 458K, committed 576K, reserved 1048576K
}
Event: 1.755 GC heap after
{Heap after GC invocations=1 (full 0):
 PSYoungGen      total 29696K, used 3270K [0x00000000eab00000, 0x00000000ecc00000, 0x0000000100000000)
  eden space 25600K, 0% used [0x00000000eab00000,0x00000000eab00000,0x00000000ec400000)
  from space 4096K, 79% used [0x00000000ec400000,0x00000000ec731870,0x00000000ec800000)
  to   space 4096K, 0% used [0x00000000ec800000,0x00000000ec800000,0x00000000ecc00000)
 ParOldGen       total 68608K, used 16K [0x00000000c0000000, 0x00000000c4300000, 0x00000000eab00000)
  object space 68608K, 0% used [0x00000000c0000000,0x00000000c0004000,0x00000000c4300000)
 Metaspace       used 4330K, committed 4544K, reserved 1114112K
  class space    used 458K, committed 576K, reserved 1048576K
}
Event: 11.950 GC heap before
{Heap before GC invocations=2 (full 0):
 PSYoungGen      total 29696K, used 28870K [0x00000000eab00000, 0x00000000ecc00000, 0x0000000100000000)
  eden space 25600K, 100% used [0x00000000eab00000,0x00000000ec400000,0x00000000ec400000)
  from space 4096K, 79% used [0x00000000ec400000,0x00000000ec731870,0x00000000ec800000)
  to   space 4096K, 0% used [0x00000000ec800000,0x00000000ec800000,0x00000000ecc00000)
 ParOldGen       total 68608K, used 16K [0x00000000c0000000, 0x00000000c4300000, 0x00000000eab00000)
  object space 68608K, 0% used [0x00000000c0000000,0x00000000c0004000,0x00000000c4300000)
 Metaspace       used 8284K, committed 8576K, reserved 1114112K
  class space    used 850K, committed 1024K, reserved 1048576K
}
Event: 11.957 GC heap after
{Heap after GC invocations=2 (full 0):
 PSYoungGen      total 29696K, used 4084K [0x00000000eab00000, 0x00000000ecc00000, 0x0000000100000000)
  eden space 25600K, 0% used [0x00000000eab00000,0x00000000eab00000,0x00000000ec400000)
  from space 4096K, 99% used [0x00000000ec800000,0x00000000ecbfd2f0,0x00000000ecc00000)
  to   space 4096K, 0% used [0x00000000ec400000,0x00000000ec400000,0x00000000ec800000)
 ParOldGen       total 68608K, used 902K [0x00000000c0000000, 0x00000000c4300000, 0x00000000eab00000)
  object space 68608K, 1% used [0x00000000c0000000,0x00000000c00e1830,0x00000000c4300000)
 Metaspace       used 8284K, committed 8576K, reserved 1114112K
  class space    used 850K, committed 1024K, reserved 1048576K
}
Event: 12.938 GC heap before
{Heap before GC invocations=3 (full 0):
 PSYoungGen      total 29696K, used 29684K [0x00000000eab00000, 0x00000000ecc00000, 0x0000000100000000)
  eden space 25600K, 100% used [0x00000000eab00000,0x00000000ec400000,0x00000000ec400000)
  from space 4096K, 99% used [0x00000000ec800000,0x00000000ecbfd2f0,0x00000000ecc00000)
  to   space 4096K, 0% used [0x00000000ec400000,0x00000000ec400000,0x00000000ec800000)
 ParOldGen       total 68608K, used 902K [0x00000000c0000000, 0x00000000c4300000, 0x00000000eab00000)
  object space 68608K, 1% used [0x00000000c0000000,0x00000000c00e1830,0x00000000c4300000)
 Metaspace       used 13036K, committed 13504K, reserved 1114112K
  class space    used 1336K, committed 1536K, reserved 1048576K
}
Event: 12.944 GC heap after
{Heap after GC invocations=3 (full 0):
 PSYoungGen      total 29696K, used 4083K [0x00000000eab00000, 0x00000000ecc00000, 0x0000000100000000)
  eden space 25600K, 0% used [0x00000000eab00000,0x00000000eab00000,0x00000000ec400000)
  from space 4096K, 99% used [0x00000000ec400000,0x00000000ec7fcf28,0x00000000ec800000)
  to   space 4096K, 0% used [0x00000000ec800000,0x00000000ec800000,0x00000000ecc00000)
 ParOldGen       total 68608K, used 2817K [0x00000000c0000000, 0x00000000c4300000, 0x00000000eab00000)
  object space 68608K, 4% used [0x00000000c0000000,0x00000000c02c0610,0x00000000c4300000)
 Metaspace       used 13036K, committed 13504K, reserved 1114112K
  class space    used 1336K, committed 1536K, reserved 1048576K
}
Event: 13.523 GC heap before
{Heap before GC invocations=4 (full 0):
 PSYoungGen      total 29696K, used 29683K [0x00000000eab00000, 0x00000000ecc00000, 0x0000000100000000)
  eden space 25600K, 100% used [0x00000000eab00000,0x00000000ec400000,0x00000000ec400000)
  from space 4096K, 99% used [0x00000000ec400000,0x00000000ec7fcf28,0x00000000ec800000)
  to   space 4096K, 0% used [0x00000000ec800000,0x00000000ec800000,0x00000000ecc00000)
 ParOldGen       total 68608K, used 2817K [0x00000000c0000000, 0x00000000c4300000, 0x00000000eab00000)
  object space 68608K, 4% used [0x00000000c0000000,0x00000000c02c0610,0x00000000c4300000)
 Metaspace       used 16017K, committed 16640K, reserved 1114112K
  class space    used 1614K, committed 1856K, reserved 1048576K
}
Event: 13.529 GC heap after
{Heap after GC invocations=4 (full 0):
 PSYoungGen      total 29696K, used 4087K [0x00000000eab00000, 0x00000000ecc00000, 0x0000000100000000)
  eden space 25600K, 0% used [0x00000000eab00000,0x00000000eab00000,0x00000000ec400000)
  from space 4096K, 99% used [0x00000000ec800000,0x00000000ecbfdc20,0x00000000ecc00000)
  to   space 4096K, 0% used [0x00000000ec400000,0x00000000ec400000,0x00000000ec800000)
 ParOldGen       total 68608K, used 5244K [0x00000000c0000000, 0x00000000c4300000, 0x00000000eab00000)
  object space 68608K, 7% used [0x00000000c0000000,0x00000000c051f2c8,0x00000000c4300000)
 Metaspace       used 16017K, committed 16640K, reserved 1114112K
  class space    used 1614K, committed 1856K, reserved 1048576K
}
Event: 13.975 GC heap before
{Heap before GC invocations=5 (full 0):
 PSYoungGen      total 29696K, used 29361K [0x00000000eab00000, 0x00000000ecc00000, 0x0000000100000000)
  eden space 25600K, 98% used [0x00000000eab00000,0x00000000ec3aeaf8,0x00000000ec400000)
  from space 4096K, 99% used [0x00000000ec800000,0x00000000ecbfdc20,0x00000000ecc00000)
  to   space 4096K, 0% used [0x00000000ec400000,0x00000000ec400000,0x00000000ec800000)
 ParOldGen       total 68608K, used 5244K [0x00000000c0000000, 0x00000000c4300000, 0x00000000eab00000)
  object space 68608K, 7% used [0x00000000c0000000,0x00000000c051f2c8,0x00000000c4300000)
 Metaspace       used 20180K, committed 20800K, reserved 1114112K
  class space    used 1915K, committed 2176K, reserved 1048576K
}
Event: 13.978 GC heap after
{Heap after GC invocations=5 (full 0):
 PSYoungGen      total 29184K, used 4069K [0x00000000eab00000, 0x00000000ece80000, 0x0000000100000000)
  eden space 25088K, 0% used [0x00000000eab00000,0x00000000eab00000,0x00000000ec380000)
  from space 4096K, 99% used [0x00000000ec400000,0x00000000ec7f95c0,0x00000000ec800000)
  to   space 5632K, 0% used [0x00000000ec900000,0x00000000ec900000,0x00000000ece80000)
 ParOldGen       total 68608K, used 5734K [0x00000000c0000000, 0x00000000c4300000, 0x00000000eab00000)
  object space 68608K, 8% used [0x00000000c0000000,0x00000000c05999f8,0x00000000c4300000)
 Metaspace       used 20180K, committed 20800K, reserved 1114112K
  class space    used 1915K, committed 2176K, reserved 1048576K
}
Event: 14.540 GC heap before
{Heap before GC invocations=6 (full 0):
 PSYoungGen      total 29184K, used 23355K [0x00000000eab00000, 0x00000000ece80000, 0x0000000100000000)
  eden space 25088K, 76% used [0x00000000eab00000,0x00000000ebdd5988,0x00000000ec380000)
  from space 4096K, 99% used [0x00000000ec400000,0x00000000ec7f95c0,0x00000000ec800000)
  to   space 5632K, 0% used [0x00000000ec900000,0x00000000ec900000,0x00000000ece80000)
 ParOldGen       total 68608K, used 5734K [0x00000000c0000000, 0x00000000c4300000, 0x00000000eab00000)
  object space 68608K, 8% used [0x00000000c0000000,0x00000000c05999f8,0x00000000c4300000)
 Metaspace       used 20911K, committed 21504K, reserved 1114112K
  class space    used 1950K, committed 2240K, reserved 1048576K
}
Event: 14.545 GC heap after
{Heap after GC invocations=6 (full 0):
 PSYoungGen      total 30720K, used 5387K [0x00000000eab00000, 0x00000000ece80000, 0x0000000100000000)
  eden space 25088K, 0% used [0x00000000eab00000,0x00000000eab00000,0x00000000ec380000)
  from space 5632K, 95% used [0x00000000ec900000,0x00000000ece42c60,0x00000000ece80000)
  to   space 5632K, 0% used [0x00000000ec380000,0x00000000ec380000,0x00000000ec900000)
 ParOldGen       total 68608K, used 6523K [0x00000000c0000000, 0x00000000c4300000, 0x00000000eab00000)
  object space 68608K, 9% used [0x00000000c0000000,0x00000000c065ef08,0x00000000c4300000)
 Metaspace       used 20911K, committed 21504K, reserved 1114112K
  class space    used 1950K, committed 2240K, reserved 1048576K
}
Event: 14.545 GC heap before
{Heap before GC invocations=7 (full 1):
 PSYoungGen      total 30720K, used 5387K [0x00000000eab00000, 0x00000000ece80000, 0x0000000100000000)
  eden space 25088K, 0% used [0x00000000eab00000,0x00000000eab00000,0x00000000ec380000)
  from space 5632K, 95% used [0x00000000ec900000,0x00000000ece42c60,0x00000000ece80000)
  to   space 5632K, 0% used [0x00000000ec380000,0x00000000ec380000,0x00000000ec900000)
 ParOldGen       total 68608K, used 6523K [0x00000000c0000000, 0x00000000c4300000, 0x00000000eab00000)
  object space 68608K, 9% used [0x00000000c0000000,0x00000000c065ef08,0x00000000c4300000)
 Metaspace       used 20911K, committed 21504K, reserved 1114112K
  class space    used 1950K, committed 2240K, reserved 1048576K
}
Event: 14.575 GC heap after
{Heap after GC invocations=7 (full 1):
 PSYoungGen      total 30720K, used 0K [0x00000000eab00000, 0x00000000ece80000, 0x0000000100000000)
  eden space 25088K, 0% used [0x00000000eab00000,0x00000000eab00000,0x00000000ec380000)
  from space 5632K, 0% used [0x00000000ec900000,0x00000000ec900000,0x00000000ece80000)
  to   space 5632K, 0% used [0x00000000ec380000,0x00000000ec380000,0x00000000ec900000)
 ParOldGen       total 68608K, used 10040K [0x00000000c0000000, 0x00000000c4300000, 0x00000000eab00000)
  object space 68608K, 14% used [0x00000000c0000000,0x00000000c09ce018,0x00000000c4300000)
 Metaspace       used 20898K, committed 21504K, reserved 1114112K
  class space    used 1947K, committed 2240K, reserved 1048576K
}
Event: 16.998 GC heap before
{Heap before GC invocations=8 (full 1):
 PSYoungGen      total 30720K, used 25088K [0x00000000eab00000, 0x00000000ece80000, 0x0000000100000000)
  eden space 25088K, 100% used [0x00000000eab00000,0x00000000ec380000,0x00000000ec380000)
  from space 5632K, 0% used [0x00000000ec900000,0x00000000ec900000,0x00000000ece80000)
  to   space 5632K, 0% used [0x00000000ec380000,0x00000000ec380000,0x00000000ec900000)
 ParOldGen       total 68608K, used 10040K [0x00000000c0000000, 0x00000000c4300000, 0x00000000eab00000)
  object space 68608K, 14% used [0x00000000c0000000,0x00000000c09ce018,0x00000000c4300000)
 Metaspace       used 25185K, committed 25984K, reserved 1114112K
  class space    used 2393K, committed 2688K, reserved 1048576K
}
Event: 17.002 GC heap after
{Heap after GC invocations=8 (full 1):
 PSYoungGen      total 27136K, used 2263K [0x00000000eab00000, 0x00000000eca00000, 0x0000000100000000)
  eden space 24576K, 0% used [0x00000000eab00000,0x00000000eab00000,0x00000000ec300000)
  from space 2560K, 88% used [0x00000000ec380000,0x00000000ec5b5d60,0x00000000ec600000)
  to   space 3584K, 0% used [0x00000000ec680000,0x00000000ec680000,0x00000000eca00000)
 ParOldGen       total 68608K, used 10048K [0x00000000c0000000, 0x00000000c4300000, 0x00000000eab00000)
  object space 68608K, 14% used [0x00000000c0000000,0x00000000c09d0018,0x00000000c4300000)
 Metaspace       used 25185K, committed 25984K, reserved 1114112K
  class space    used 2393K, committed 2688K, reserved 1048576K
}
Event: 17.796 GC heap before
{Heap before GC invocations=9 (full 1):
 PSYoungGen      total 27136K, used 26839K [0x00000000eab00000, 0x00000000eca00000, 0x0000000100000000)
  eden space 24576K, 100% used [0x00000000eab00000,0x00000000ec300000,0x00000000ec300000)
  from space 2560K, 88% used [0x00000000ec380000,0x00000000ec5b5d60,0x00000000ec600000)
  to   space 3584K, 0% used [0x00000000ec680000,0x00000000ec680000,0x00000000eca00000)
 ParOldGen       total 68608K, used 10048K [0x00000000c0000000, 0x00000000c4300000, 0x00000000eab00000)
  object space 68608K, 14% used [0x00000000c0000000,0x00000000c09d0018,0x00000000c4300000)
 Metaspace       used 28167K, committed 29056K, reserved 1114112K
  class space    used 2759K, committed 3136K, reserved 1048576K
}
Event: 17.800 GC heap after
{Heap after GC invocations=9 (full 1):
 PSYoungGen      total 27648K, used 3554K [0x00000000eab00000, 0x00000000eca80000, 0x0000000100000000)
  eden space 24064K, 0% used [0x00000000eab00000,0x00000000eab00000,0x00000000ec280000)
  from space 3584K, 99% used [0x00000000ec680000,0x00000000ec9f8948,0x00000000eca00000)
  to   space 4096K, 0% used [0x00000000ec280000,0x00000000ec280000,0x00000000ec680000)
 ParOldGen       total 68608K, used 10080K [0x00000000c0000000, 0x00000000c4300000, 0x00000000eab00000)
  object space 68608K, 14% used [0x00000000c0000000,0x00000000c09d8018,0x00000000c4300000)
 Metaspace       used 28167K, committed 29056K, reserved 1114112K
  class space    used 2759K, committed 3136K, reserved 1048576K
}

Dll operation events (10 events):
Event: 0.070 Loaded shared library c:\Users\Administrator\.vscode\extensions\redhat.java-1.42.0-win32-x64\jre\21.0.7-win32-x86_64\bin\java.dll
Event: 0.255 Loaded shared library c:\Users\Administrator\.vscode\extensions\redhat.java-1.42.0-win32-x64\jre\21.0.7-win32-x86_64\bin\zip.dll
Event: 0.319 Loaded shared library C:\Users\Administrator\.vscode\extensions\redhat.java-1.42.0-win32-x64\jre\21.0.7-win32-x86_64\bin\instrument.dll
Event: 0.330 Loaded shared library C:\Users\Administrator\.vscode\extensions\redhat.java-1.42.0-win32-x64\jre\21.0.7-win32-x86_64\bin\net.dll
Event: 0.337 Loaded shared library C:\Users\Administrator\.vscode\extensions\redhat.java-1.42.0-win32-x64\jre\21.0.7-win32-x86_64\bin\nio.dll
Event: 0.346 Loaded shared library C:\Users\Administrator\.vscode\extensions\redhat.java-1.42.0-win32-x64\jre\21.0.7-win32-x86_64\bin\zip.dll
Event: 0.388 Loaded shared library C:\Users\Administrator\.vscode\extensions\redhat.java-1.42.0-win32-x64\jre\21.0.7-win32-x86_64\bin\jimage.dll
Event: 0.522 Loaded shared library c:\Users\Administrator\.vscode\extensions\redhat.java-1.42.0-win32-x64\jre\21.0.7-win32-x86_64\bin\verify.dll
Event: 11.909 Loaded shared library C:\Users\Administrator\AppData\Roaming\Code\User\globalStorage\redhat.java\1.42.0\config_ss_win\org.eclipse.equinox.launcher\org.eclipse.equinox.launcher.win32.win32.x86_64_1.2.1300.v20250331-1702\eclipse_11911.dll
Event: 16.624 Loaded shared library C:\Users\Administrator\AppData\Local\Temp\jna-146731693\jna8625981452795149241.dll

Deoptimization events (20 events):
Event: 17.722 Thread 0x00000185d612b3b0 Uncommon trap: trap_request=0xffffff45 fr.pc=0x0000018587c15c04 relative=0x0000000000000c04
Event: 17.722 Thread 0x00000185d612b3b0 Uncommon trap: reason=unstable_if action=reinterpret pc=0x0000018587c15c04 method=java.util.concurrent.ConcurrentHashMap.transfer([Ljava/util/concurrent/ConcurrentHashMap$Node;[Ljava/util/concurrent/ConcurrentHashMap$Node;)V @ 26 c2
Event: 17.722 Thread 0x00000185d612b3b0 DEOPT PACKING pc=0x0000018587c15c04 sp=0x0000006a259fd8b0
Event: 17.722 Thread 0x00000185d612b3b0 DEOPT UNPACKING pc=0x0000018587583aa2 sp=0x0000006a259fd820 mode 2
Event: 17.732 Thread 0x00000185d612b3b0 Uncommon trap: trap_request=0xffffffde fr.pc=0x0000018587bceff0 relative=0x0000000000000050
Event: 17.732 Thread 0x00000185d612b3b0 Uncommon trap: reason=class_check action=maybe_recompile pc=0x0000018587bceff0 method=java.lang.invoke.DirectMethodHandle.internalMemberName(Ljava/lang/Object;)Ljava/lang/Object; @ 1 c2
Event: 17.732 Thread 0x00000185d612b3b0 DEOPT PACKING pc=0x0000018587bceff0 sp=0x0000006a259fe7a0
Event: 17.732 Thread 0x00000185d612b3b0 DEOPT UNPACKING pc=0x0000018587583aa2 sp=0x0000006a259fe730 mode 2
Event: 17.766 Thread 0x00000185d612b3b0 Uncommon trap: trap_request=0xffffff45 fr.pc=0x0000018587c0f680 relative=0x0000000000001220
Event: 17.766 Thread 0x00000185d612b3b0 Uncommon trap: reason=unstable_if action=reinterpret pc=0x0000018587c0f680 method=java.util.zip.ZipCoder$UTF8ZipCoder.hasTrailingSlash([BI)Z @ 11 c2
Event: 17.766 Thread 0x00000185d612b3b0 DEOPT PACKING pc=0x0000018587c0f680 sp=0x0000006a259fc6c0
Event: 17.766 Thread 0x00000185d612b3b0 DEOPT UNPACKING pc=0x0000018587583aa2 sp=0x0000006a259fc628 mode 2
Event: 17.804 Thread 0x00000185d612b3b0 Uncommon trap: trap_request=0xffffff76 fr.pc=0x0000018587bfb264 relative=0x00000000000009a4
Event: 17.804 Thread 0x00000185d612b3b0 Uncommon trap: reason=predicate action=maybe_recompile pc=0x0000018587bfb264 method=java.util.TreeMap.put(Ljava/lang/Object;Ljava/lang/Object;Z)Ljava/lang/Object; @ 27 c2
Event: 17.804 Thread 0x00000185d612b3b0 DEOPT PACKING pc=0x0000018587bfb264 sp=0x0000006a259fdcd0
Event: 17.804 Thread 0x00000185d612b3b0 DEOPT UNPACKING pc=0x0000018587583aa2 sp=0x0000006a259fdc70 mode 2
Event: 17.876 Thread 0x00000185d612b3b0 Uncommon trap: trap_request=0xffffff45 fr.pc=0x0000018587b14fc0 relative=0x00000000000004c0
Event: 17.876 Thread 0x00000185d612b3b0 Uncommon trap: reason=unstable_if action=reinterpret pc=0x0000018587b14fc0 method=java.util.HashMap$HashIterator.<init>(Ljava/util/HashMap;)V @ 45 c2
Event: 17.876 Thread 0x00000185d612b3b0 DEOPT PACKING pc=0x0000018587b14fc0 sp=0x0000006a259fe540
Event: 17.876 Thread 0x00000185d612b3b0 DEOPT UNPACKING pc=0x0000018587583aa2 sp=0x0000006a259fe3b0 mode 2

Classes loaded (20 events):
Event: 17.830 Loading class java/util/concurrent/CompletableFuture$AsynchronousCompletionTask done
Event: 17.832 Loading class java/util/concurrent/CompletableFuture$Completion done
Event: 17.838 Loading class sun/nio/ch/WindowsAsynchronousFileChannelImpl$WriteTask
Event: 17.839 Loading class sun/nio/ch/WindowsAsynchronousFileChannelImpl$WriteTask done
Event: 61.216 Loading class java/util/concurrent/CompletableFuture$UniApply
Event: 61.222 Loading class java/util/concurrent/CompletableFuture$UniCompletion
Event: 61.223 Loading class java/util/concurrent/CompletableFuture$UniCompletion done
Event: 61.224 Loading class java/util/concurrent/CompletableFuture$UniApply done
Event: 61.257 Loading class java/util/concurrent/CancellationException
Event: 61.258 Loading class java/util/concurrent/CancellationException done
Event: 61.268 Loading class java/util/concurrent/CompletableFuture$UniAccept
Event: 61.269 Loading class java/util/concurrent/CompletableFuture$UniAccept done
Event: 61.270 Loading class java/util/concurrent/CompletableFuture$UniExceptionally
Event: 61.270 Loading class java/util/concurrent/CompletableFuture$UniExceptionally done
Event: 61.341 Loading class java/util/concurrent/Executors$DelegatedScheduledExecutorService
Event: 61.342 Loading class java/util/concurrent/Executors$DelegatedExecutorService
Event: 61.343 Loading class java/util/concurrent/Executors$DelegatedExecutorService done
Event: 61.343 Loading class java/util/concurrent/Executors$DelegatedScheduledExecutorService done
Event: 61.353 Loading class java/io/DataOutputStream
Event: 61.355 Loading class java/io/DataOutputStream done

Classes unloaded (7 events):
Event: 14.549 Thread 0x00000185fe474990 Unloading class 0x0000018590189400 'java/lang/invoke/LambdaForm$MH+0x0000018590189400'
Event: 14.549 Thread 0x00000185fe474990 Unloading class 0x0000018590189000 'java/lang/invoke/LambdaForm$MH+0x0000018590189000'
Event: 14.549 Thread 0x00000185fe474990 Unloading class 0x0000018590188c00 'java/lang/invoke/LambdaForm$MH+0x0000018590188c00'
Event: 14.549 Thread 0x00000185fe474990 Unloading class 0x0000018590188800 'java/lang/invoke/LambdaForm$MH+0x0000018590188800'
Event: 14.549 Thread 0x00000185fe474990 Unloading class 0x0000018590188400 'java/lang/invoke/LambdaForm$BMH+0x0000018590188400'
Event: 14.549 Thread 0x00000185fe474990 Unloading class 0x0000018590188000 'java/lang/invoke/LambdaForm$DMH+0x0000018590188000'
Event: 14.549 Thread 0x00000185fe474990 Unloading class 0x0000018590186c00 'java/lang/invoke/LambdaForm$DMH+0x0000018590186c00'

Classes redefined (0 events):
No events

Internal exceptions (20 events):
Event: 16.848 Thread 0x00000185d5f033b0 Exception <a 'java/lang/NoSuchMethodError'{0x00000000ebec39d8}: 'void java.lang.invoke.Invokers$Holder.invokeExact_MT(java.lang.Object, java.lang.Object, int, java.lang.Object)'> (0x00000000ebec39d8) 
thrown [s\src\hotspot\share\interpreter\linkResolver.cpp, line 773]
Event: 16.967 Thread 0x00000185f909f530 Exception <a 'java/lang/NoSuchMethodError'{0x00000000ec1f9838}: 'java.lang.Object java.lang.invoke.DirectMethodHandle$Holder.invokeStatic(java.lang.Object, long, java.lang.Object)'> (0x00000000ec1f9838) 
thrown [s\src\hotspot\share\interpreter\linkResolver.cpp, line 773]
Event: 16.971 Thread 0x00000185f909f530 Exception <a 'java/lang/NoSuchMethodError'{0x00000000ec1fced0}: 'java.lang.Object java.lang.invoke.DirectMethodHandle$Holder.invokeStaticInit(java.lang.Object, long, java.lang.Object)'> (0x00000000ec1fced0) 
thrown [s\src\hotspot\share\interpreter\linkResolver.cpp, line 773]
Event: 16.972 Thread 0x00000185f909f530 Exception <a 'java/lang/NoSuchMethodError'{0x00000000ec22f838}: 'java.lang.Object java.lang.invoke.DirectMethodHandle$Holder.newInvokeSpecial(java.lang.Object, long)'> (0x00000000ec22f838) 
thrown [s\src\hotspot\share\interpreter\linkResolver.cpp, line 773]
Event: 17.129 Thread 0x00000185d5880eb0 Exception <a 'java/io/FileNotFoundException'{0x00000000ead2a428}> (0x00000000ead2a428) 
thrown [s\src\hotspot\share\prims\jni.cpp, line 520]
Event: 17.130 Thread 0x00000185d5880eb0 Exception <a 'java/io/FileNotFoundException'{0x00000000ead2b6f0}> (0x00000000ead2b6f0) 
thrown [s\src\hotspot\share\prims\jni.cpp, line 520]
Event: 17.133 Thread 0x00000185d5880eb0 Exception <a 'java/lang/NoSuchMethodError'{0x00000000ead4aad8}: 'java.lang.Object java.lang.invoke.DirectMethodHandle$Holder.newInvokeSpecial(java.lang.Object, java.lang.Object, java.lang.Object, int)'> (0x00000000ead4aad8) 
thrown [s\src\hotspot\share\interpreter\linkResolver.cpp, line 773]
Event: 17.136 Thread 0x00000185d5880eb0 Exception <a 'java/lang/NoSuchMethodError'{0x00000000ead4e9d8}: 'java.lang.Object java.lang.invoke.DirectMethodHandle$Holder.invokeSpecial(java.lang.Object, java.lang.Object, java.lang.Object, java.lang.Object, int)'> (0x00000000ead4e9d8) 
thrown [s\src\hotspot\share\interpreter\linkResolver.cpp, line 773]
Event: 17.137 Thread 0x00000185d5880eb0 Exception <a 'java/lang/NoSuchMethodError'{0x00000000ead51e80}: 'java.lang.Object java.lang.invoke.Invokers$Holder.linkToTargetMethod(java.lang.Object, java.lang.Object, int, java.lang.Object)'> (0x00000000ead51e80) 
thrown [s\src\hotspot\share\interpreter\linkResolver.cpp, line 773]
Event: 17.141 Thread 0x00000185d5880eb0 Exception <a 'java/lang/NoSuchMethodError'{0x00000000ead6b1e0}: 'void java.lang.invoke.DirectMethodHandle$Holder.invokeStaticInit(java.lang.Object, java.lang.Object, java.lang.Object)'> (0x00000000ead6b1e0) 
thrown [s\src\hotspot\share\interpreter\linkResolver.cpp, line 773]
Event: 17.174 Thread 0x00000185d5880eb0 Exception <a 'java/io/FileNotFoundException'{0x00000000eade1e40}> (0x00000000eade1e40) 
thrown [s\src\hotspot\share\prims\jni.cpp, line 520]
Event: 17.174 Thread 0x00000185d5880eb0 Exception <a 'java/io/FileNotFoundException'{0x00000000eade2bd0}> (0x00000000eade2bd0) 
thrown [s\src\hotspot\share\prims\jni.cpp, line 520]
Event: 17.573 Thread 0x00000185f909f530 Exception <a 'java/lang/NoSuchMethodError'{0x00000000eb73b120}: 'void java.lang.invoke.DirectMethodHandle$Holder.invokeSpecial(java.lang.Object, java.lang.Object, java.lang.Object, java.lang.Object, java.lang.Object, java.lang.Object)'> (0x00000000eb73b120) 
thrown [s\src\hotspot\share\interpreter\linkResolver.cpp, line 773]
Event: 17.575 Thread 0x00000185f909f530 Exception <a 'java/lang/IncompatibleClassChangeError'{0x00000000eb743400}: Found class java.lang.Object, but interface was expected> (0x00000000eb743400) 
thrown [s\src\hotspot\share\interpreter\linkResolver.cpp, line 840]
Event: 17.576 Thread 0x00000185f909f530 Exception <a 'java/lang/IncompatibleClassChangeError'{0x00000000eb745300}: Found class java.lang.Object, but interface was expected> (0x00000000eb745300) 
thrown [s\src\hotspot\share\interpreter\linkResolver.cpp, line 840]
Event: 17.732 Thread 0x00000185d612b3b0 Exception <a 'java/lang/NoSuchMethodError'{0x00000000ebcb4680}: 'java.lang.Object java.lang.invoke.DirectMethodHandle$Holder.invokeInterface(java.lang.Object, java.lang.Object, java.lang.Object)'> (0x00000000ebcb4680) 
thrown [s\src\hotspot\share\interpreter\linkResolver.cpp, line 773]
Event: 17.759 Thread 0x00000185d612b3b0 Exception <a 'java/io/FileNotFoundException'{0x00000000ebd430d8}> (0x00000000ebd430d8) 
thrown [s\src\hotspot\share\prims\jni.cpp, line 520]
Event: 17.803 Thread 0x00000185d612b3b0 Exception <a 'sun/nio/fs/WindowsException'{0x00000000eab127f8}> (0x00000000eab127f8) 
thrown [s\src\hotspot\share\prims\jni.cpp, line 520]
Event: 17.874 Thread 0x00000185d612b3b0 Exception <a 'java/lang/IncompatibleClassChangeError'{0x00000000eae32548}: Found class java.lang.Object, but interface was expected> (0x00000000eae32548) 
thrown [s\src\hotspot\share\interpreter\linkResolver.cpp, line 840]
Event: 61.299 Thread 0x00000185d612b3b0 Exception <a 'java/lang/NoSuchMethodError'{0x00000000eafbb988}: 'void java.lang.invoke.DirectMethodHandle$Holder.invokeInterface(java.lang.Object, java.lang.Object)'> (0x00000000eafbb988) 
thrown [s\src\hotspot\share\interpreter\linkResolver.cpp, line 773]

ZGC Phase Switch (0 events):
No events

VM Operations (20 events):
Event: 15.024 Executing VM operation: HandshakeAllThreads (Deoptimize)
Event: 15.024 Executing VM operation: HandshakeAllThreads (Deoptimize) done
Event: 15.088 Executing VM operation: HandshakeAllThreads (Deoptimize)
Event: 15.088 Executing VM operation: HandshakeAllThreads (Deoptimize) done
Event: 16.088 Executing VM operation: Cleanup
Event: 16.088 Executing VM operation: Cleanup done
Event: 16.652 Executing VM operation: HandshakeAllThreads (Deoptimize)
Event: 16.652 Executing VM operation: HandshakeAllThreads (Deoptimize) done
Event: 16.991 Executing VM operation: ParallelGCFailedAllocation (Allocation Failure)
Event: 17.002 Executing VM operation: ParallelGCFailedAllocation (Allocation Failure) done
Event: 17.742 Executing VM operation: HandshakeAllThreads (Deoptimize)
Event: 17.742 Executing VM operation: HandshakeAllThreads (Deoptimize) done
Event: 17.796 Executing VM operation: ParallelGCFailedAllocation (Allocation Failure)
Event: 17.800 Executing VM operation: ParallelGCFailedAllocation (Allocation Failure) done
Event: 18.800 Executing VM operation: Cleanup
Event: 18.800 Executing VM operation: Cleanup done
Event: 60.080 Executing VM operation: HandshakeAllThreads (HandshakeForDeflation)
Event: 60.087 Executing VM operation: HandshakeAllThreads (HandshakeForDeflation) done
Event: 60.087 Executing VM operation: RendezvousGCThreads
Event: 60.087 Executing VM operation: RendezvousGCThreads done

Memory protections (0 events):
No events

Nmethod flushes (0 events):
No events

Events (20 events):
Event: 16.987 Thread 0x00000185f909f530 Thread added: 0x00000185d6287c30
Event: 16.987 Thread 0x00000185f909f530 Thread added: 0x00000185d62882c0
Event: 16.987 Thread 0x00000185f909f530 Thread added: 0x00000185d6286f10
Event: 16.987 Thread 0x00000185f909f530 Thread added: 0x00000185d62854d0
Event: 16.988 Thread 0x00000185f909f530 Thread added: 0x00000185d62861f0
Event: 16.988 Thread 0x00000185f909f530 Thread added: 0x00000185d6285b60
Event: 16.988 Thread 0x00000185f909f530 Thread added: 0x00000185d6286880
Event: 16.988 Thread 0x00000185f909f530 Thread added: 0x00000185d62875a0
Event: 16.990 Thread 0x00000185f909f530 Thread added: 0x00000185d612ad20
Event: 16.990 Thread 0x00000185f909f530 Thread added: 0x00000185d612e1a0
Event: 16.990 Thread 0x00000185f909f530 Thread added: 0x00000185d612d480
Event: 16.990 Thread 0x00000185f909f530 Thread added: 0x00000185d61292e0
Event: 16.990 Thread 0x00000185f909f530 Thread added: 0x00000185d612db10
Event: 17.014 Thread 0x00000185d5880850 Thread added: 0x00000185d612a000
Event: 17.046 Thread 0x00000185f909f530 Thread added: 0x00000185d612e830
Event: 17.606 Thread 0x00000185f909f530 Thread added: 0x00000185d6128c50
Event: 17.606 Thread 0x00000185f909f530 Thread added: 0x00000185d612b3b0
Event: 18.287 Thread 0x00000185d54f2bf0 Thread exited: 0x00000185d54f2bf0
Event: 61.267 Thread 0x00000185d612b3b0 Thread added: 0x00000185d612eec0
Event: 61.346 Thread 0x00000185d612b3b0 Thread added: 0x00000185d612a690


Dynamic libraries:
0x00007ff7ec0e0000 - 0x00007ff7ec0ee000 	c:\Users\Administrator\.vscode\extensions\redhat.java-1.42.0-win32-x64\jre\21.0.7-win32-x86_64\bin\java.exe
0x00007ffc77ff0000 - 0x00007ffc78207000 	C:\WINDOWS\SYSTEM32\ntdll.dll
0x00007ffc77010000 - 0x00007ffc770d4000 	C:\WINDOWS\System32\KERNEL32.DLL
0x00007ffc75340000 - 0x00007ffc75713000 	C:\WINDOWS\System32\KERNELBASE.dll
0x00007ffc75940000 - 0x00007ffc75a51000 	C:\WINDOWS\System32\ucrtbase.dll
0x00007ffc4d7c0000 - 0x00007ffc4d7d8000 	c:\Users\Administrator\.vscode\extensions\redhat.java-1.42.0-win32-x64\jre\21.0.7-win32-x86_64\bin\jli.dll
0x00007ffc779b0000 - 0x00007ffc77b61000 	C:\WINDOWS\System32\USER32.dll
0x00007ffc75720000 - 0x00007ffc75746000 	C:\WINDOWS\System32\win32u.dll
0x00007ffc778c0000 - 0x00007ffc778e9000 	C:\WINDOWS\System32\GDI32.dll
0x00007ffc75810000 - 0x00007ffc75932000 	C:\WINDOWS\System32\gdi32full.dll
0x00007ffc750e0000 - 0x00007ffc7517a000 	C:\WINDOWS\System32\msvcp_win.dll
0x00007ffc4d140000 - 0x00007ffc4d15e000 	c:\Users\Administrator\.vscode\extensions\redhat.java-1.42.0-win32-x64\jre\21.0.7-win32-x86_64\bin\VCRUNTIME140.dll
0x00007ffc56b00000 - 0x00007ffc56d9b000 	C:\WINDOWS\WinSxS\amd64_microsoft.windows.common-controls_6595b64144ccf1df_6.0.22621.5262_none_2712bde373830908\COMCTL32.dll
0x00007ffc75d50000 - 0x00007ffc75df7000 	C:\WINDOWS\System32\msvcrt.dll
0x00007ffc77970000 - 0x00007ffc779a1000 	C:\WINDOWS\System32\IMM32.DLL
0x00007ffc62a00000 - 0x00007ffc62a0c000 	c:\Users\Administrator\.vscode\extensions\redhat.java-1.42.0-win32-x64\jre\21.0.7-win32-x86_64\bin\vcruntime140_1.dll
0x00007ffc2e910000 - 0x00007ffc2e99d000 	c:\Users\Administrator\.vscode\extensions\redhat.java-1.42.0-win32-x64\jre\21.0.7-win32-x86_64\bin\msvcp140.dll
0x00007ffbaf160000 - 0x00007ffbafef0000 	c:\Users\Administrator\.vscode\extensions\redhat.java-1.42.0-win32-x64\jre\21.0.7-win32-x86_64\bin\server\jvm.dll
0x00007ffc76f50000 - 0x00007ffc77001000 	C:\WINDOWS\System32\ADVAPI32.dll
0x00007ffc76e80000 - 0x00007ffc76f27000 	C:\WINDOWS\System32\sechost.dll
0x00007ffc75a60000 - 0x00007ffc75a88000 	C:\WINDOWS\System32\bcrypt.dll
0x00007ffc766a0000 - 0x00007ffc767b4000 	C:\WINDOWS\System32\RPCRT4.dll
0x00007ffc75c80000 - 0x00007ffc75cf1000 	C:\WINDOWS\System32\WS2_32.dll
0x00007ffc74fb0000 - 0x00007ffc74ffd000 	C:\WINDOWS\SYSTEM32\POWRPROF.dll
0x00007ffc6ed90000 - 0x00007ffc6edc4000 	C:\WINDOWS\SYSTEM32\WINMM.dll
0x00007ffc6ae80000 - 0x00007ffc6ae8a000 	C:\WINDOWS\SYSTEM32\VERSION.dll
0x00007ffc74f90000 - 0x00007ffc74fa3000 	C:\WINDOWS\SYSTEM32\UMPDC.dll
0x00007ffc740e0000 - 0x00007ffc740f8000 	C:\WINDOWS\SYSTEM32\kernel.appcore.dll
0x00007ffc61ee0000 - 0x00007ffc61eea000 	c:\Users\Administrator\.vscode\extensions\redhat.java-1.42.0-win32-x64\jre\21.0.7-win32-x86_64\bin\jimage.dll
0x00007ffc72860000 - 0x00007ffc72a92000 	C:\WINDOWS\SYSTEM32\DBGHELP.DLL
0x00007ffc77520000 - 0x00007ffc778b3000 	C:\WINDOWS\System32\combase.dll
0x00007ffc77ec0000 - 0x00007ffc77f97000 	C:\WINDOWS\System32\OLEAUT32.dll
0x00007ffc67f50000 - 0x00007ffc67f82000 	C:\WINDOWS\SYSTEM32\dbgcore.DLL
0x00007ffc75180000 - 0x00007ffc751fb000 	C:\WINDOWS\System32\bcryptPrimitives.dll
0x00007ffc619b0000 - 0x00007ffc619bf000 	c:\Users\Administrator\.vscode\extensions\redhat.java-1.42.0-win32-x64\jre\21.0.7-win32-x86_64\bin\instrument.dll
0x00007ffc4c8c0000 - 0x00007ffc4c8df000 	c:\Users\Administrator\.vscode\extensions\redhat.java-1.42.0-win32-x64\jre\21.0.7-win32-x86_64\bin\java.dll
0x00007ffc75e00000 - 0x00007ffc7669d000 	C:\WINDOWS\System32\SHELL32.dll
0x00007ffc75200000 - 0x00007ffc7533f000 	C:\WINDOWS\System32\wintypes.dll
0x00007ffc72fd0000 - 0x00007ffc738ed000 	C:\WINDOWS\SYSTEM32\windows.storage.dll
0x00007ffc76cf0000 - 0x00007ffc76dfb000 	C:\WINDOWS\System32\SHCORE.dll
0x00007ffc77e50000 - 0x00007ffc77eb6000 	C:\WINDOWS\System32\shlwapi.dll
0x00007ffc75010000 - 0x00007ffc7503b000 	C:\WINDOWS\SYSTEM32\profapi.dll
0x00007ffc4c850000 - 0x00007ffc4c868000 	c:\Users\Administrator\.vscode\extensions\redhat.java-1.42.0-win32-x64\jre\21.0.7-win32-x86_64\bin\zip.dll
0x00007ffc61e60000 - 0x00007ffc61e70000 	C:\Users\Administrator\.vscode\extensions\redhat.java-1.42.0-win32-x64\jre\21.0.7-win32-x86_64\bin\net.dll
0x00007ffc6f680000 - 0x00007ffc6f7ac000 	C:\WINDOWS\SYSTEM32\WINHTTP.dll
0x00007ffc74550000 - 0x00007ffc745ba000 	C:\WINDOWS\system32\mswsock.dll
0x00007ffc4bd40000 - 0x00007ffc4bd56000 	C:\Users\Administrator\.vscode\extensions\redhat.java-1.42.0-win32-x64\jre\21.0.7-win32-x86_64\bin\nio.dll
0x00007ffc614f0000 - 0x00007ffc61500000 	c:\Users\Administrator\.vscode\extensions\redhat.java-1.42.0-win32-x64\jre\21.0.7-win32-x86_64\bin\verify.dll
0x00007ffc33cc0000 - 0x00007ffc33d05000 	C:\Users\Administrator\AppData\Roaming\Code\User\globalStorage\redhat.java\1.42.0\config_ss_win\org.eclipse.equinox.launcher\org.eclipse.equinox.launcher.win32.win32.x86_64_1.2.1300.v20250331-1702\eclipse_11911.dll
0x00007ffc770f0000 - 0x00007ffc77291000 	C:\WINDOWS\System32\ole32.dll
0x00007ffc748a0000 - 0x00007ffc748bb000 	C:\WINDOWS\SYSTEM32\CRYPTSP.dll
0x00007ffc74040000 - 0x00007ffc74077000 	C:\WINDOWS\system32\rsaenh.dll
0x00007ffc745f0000 - 0x00007ffc74618000 	C:\WINDOWS\SYSTEM32\USERENV.dll
0x00007ffc74880000 - 0x00007ffc7488c000 	C:\WINDOWS\SYSTEM32\CRYPTBASE.dll
0x00007ffc73b90000 - 0x00007ffc73bbd000 	C:\WINDOWS\SYSTEM32\IPHLPAPI.DLL
0x00007ffc772a0000 - 0x00007ffc772a9000 	C:\WINDOWS\System32\NSI.dll
0x00007ffc33c20000 - 0x00007ffc33c69000 	C:\Users\Administrator\AppData\Local\Temp\jna-146731693\jna8625981452795149241.dll
0x00007ffc770e0000 - 0x00007ffc770e8000 	C:\WINDOWS\System32\PSAPI.DLL
0x00007ffc6f980000 - 0x00007ffc6f999000 	C:\WINDOWS\SYSTEM32\dhcpcsvc6.DLL
0x00007ffc6f420000 - 0x00007ffc6f43f000 	C:\WINDOWS\SYSTEM32\dhcpcsvc.DLL

dbghelp: loaded successfully - version: 4.0.5 - missing functions: none
symbol engine: initialized successfully - sym options: 0x614 - pdb path: .;c:\Users\Administrator\.vscode\extensions\redhat.java-1.42.0-win32-x64\jre\21.0.7-win32-x86_64\bin;C:\WINDOWS\SYSTEM32;C:\WINDOWS\WinSxS\amd64_microsoft.windows.common-controls_6595b64144ccf1df_6.0.22621.5262_none_2712bde373830908;c:\Users\Administrator\.vscode\extensions\redhat.java-1.42.0-win32-x64\jre\21.0.7-win32-x86_64\bin\server;C:\Users\Administrator\AppData\Roaming\Code\User\globalStorage\redhat.java\1.42.0\config_ss_win\org.eclipse.equinox.launcher\org.eclipse.equinox.launcher.win32.win32.x86_64_1.2.1300.v20250331-1702;C:\Users\Administrator\AppData\Local\Temp\jna-146731693

VM Arguments:
jvm_args: --add-modules=ALL-SYSTEM --add-opens=java.base/java.util=ALL-UNNAMED --add-opens=java.base/java.lang=ALL-UNNAMED --add-opens=java.base/sun.nio.fs=ALL-UNNAMED -Declipse.application=org.eclipse.jdt.ls.core.id1 -Dosgi.bundles.defaultStartLevel=4 -Declipse.product=org.eclipse.jdt.ls.core.product -Djava.import.generatesMetadataFilesAtProjectRoot=false -DDetectVMInstallationsJob.disabled=true -Dfile.encoding=utf8 -XX:+UseParallelGC -XX:GCTimeRatio=4 -XX:AdaptiveSizePolicyWeight=90 -Dsun.zip.disableMemoryMapping=true -Xmx1G -Xms100m -Xlog:disable -javaagent:c:\Users\Administrator\.vscode\extensions\redhat.java-1.42.0-win32-x64\lombok\lombok-1.18.36.jar 
java_command: c:\Users\Administrator\.vscode\extensions\redhat.java-1.42.0-win32-x64\server\plugins\org.eclipse.equinox.launcher_1.7.0.v20250424-1814.jar -configuration c:\Users\Administrator\AppData\Roaming\Code\User\globalStorage\redhat.java\1.42.0\config_ss_win -data c:\Users\Administrator\AppData\Roaming\Code\User\workspaceStorage\321f4ca2a7b99939e1520ab77cd8a172\redhat.java\ss_ws --pipe=\\.\pipe\lsp-66a257025eed2d94d405d46d0fdcbf1b-sock
java_class_path (initial): c:\Users\Administrator\.vscode\extensions\redhat.java-1.42.0-win32-x64\server\plugins\org.eclipse.equinox.launcher_1.7.0.v20250424-1814.jar
Launcher Type: SUN_STANDARD

[Global flags]
    uintx AdaptiveSizePolicyWeight                 = 90                                        {product} {command line}
     intx CICompilerCount                          = 4                                         {product} {ergonomic}
    uintx GCTimeRatio                              = 4                                         {product} {command line}
   size_t InitialHeapSize                          = 104857600                                 {product} {command line}
   size_t MaxHeapSize                              = 1073741824                                {product} {command line}
   size_t MaxNewSize                               = 357564416                                 {product} {ergonomic}
   size_t MinHeapDeltaBytes                        = 524288                                    {product} {ergonomic}
   size_t MinHeapSize                              = 104857600                                 {product} {command line}
   size_t NewSize                                  = 34603008                                  {product} {ergonomic}
    uintx NonNMethodCodeHeapSize                   = 5839372                                {pd product} {ergonomic}
    uintx NonProfiledCodeHeapSize                  = 122909434                              {pd product} {ergonomic}
   size_t OldSize                                  = 70254592                                  {product} {ergonomic}
    uintx ProfiledCodeHeapSize                     = 122909434                              {pd product} {ergonomic}
    uintx ReservedCodeCacheSize                    = 251658240                              {pd product} {ergonomic}
     bool SegmentedCodeCache                       = true                                      {product} {ergonomic}
   size_t SoftMaxHeapSize                          = 1073741824                             {manageable} {ergonomic}
     bool UseCompressedOops                        = true                           {product lp64_product} {ergonomic}
     bool UseLargePagesIndividualAllocation        = false                                  {pd product} {ergonomic}
     bool UseParallelGC                            = true                                      {product} {command line}

Logging:
Log output configuration:
 #0: stdout all=off uptime,level,tags foldmultilines=false
 #1: stderr all=off uptime,level,tags foldmultilines=false

Environment Variables:
PATH=C:\Program Files\NVIDIA GPU Computing Toolkit\CUDA\v12.8\bin;C:\Program Files\NVIDIA GPU Computing Toolkit\CUDA\v12.8\libnvvp;C:\Program Files\Common Files\Oracle\Java\javapath;C:\Python312\Scripts\;C:\Python312\;C:\WINDOWS\system32;C:\WINDOWS;C:\WINDOWS\System32\Wbem;C:\WINDOWS\System32\WindowsPowerShell\v1.0\;C:\WINDOWS\System32\OpenSSH\;C:\Program Files\Git\cmd;C:\Program Files\Java\jdk-20\bin;C:\ProgramData\chocolatey\bin;C:\Program Files\Docker\Docker\resources\bin;C:\Program Files\Go\bin;C:\Program Files\dotnet\;C:\Program Files\PostgreSQL\17\bin;C:\Users\Administrator\AppData\Roaming\nvm;C:\Program Files\nodejs;C:\Program Files\NVIDIA Corporation\Nsight Compute 2025.1.1\;C:\Program Files (x86)\NVIDIA Corporation\PhysX\Common;C:\Program Files\nodejs\;C:\Users\Administrator\AppData\Local\Microsoft\WindowsApps;C:\Users\Administrator\AppData\Local\Programs\Microsoft VS Code\bin;C:\Users\Administrator\AppData\Local\GitHubDesktop\bin;C:\MinGW\bin;C:\Users\Administrator\go\bin;E:\Intellije\IntelliJ IDEA 2024.1.1\bin;;C:\Users\Administrator\AppData\Roaming\nvm;C:\Program Files\nodejs;C:\Users\Administrator\AppData\Roaming\npm
USERNAME=Administrator
OS=Windows_NT
PROCESSOR_IDENTIFIER=AMD64 Family 23 Model 104 Stepping 1, AuthenticAMD
TMP=C:\Users\ADMINI~1\AppData\Local\Temp
TEMP=C:\Users\ADMINI~1\AppData\Local\Temp




Periodic native trim disabled

---------------  S Y S T E M  ---------------

OS:
 Windows 11 , 64 bit Build 22621 (10.0.22621.5262)
OS uptime: 0 days 8:56 hours
Hyper-V role detected

CPU: total 12 (initial active 12) (12 cores per cpu, 2 threads per core) family 23 model 104 stepping 1 microcode 0x0, cx8, cmov, fxsr, ht, mmx, 3dnowpref, sse, sse2, sse3, ssse3, sse4a, sse4.1, sse4.2, popcnt, lzcnt, tsc, tscinvbit, avx, avx2, aes, clmul, bmi1, bmi2, adx, sha, fma, vzeroupper, clflush, clflushopt, hv, rdtscp, rdpid, f16c
Processor Information for processor 0
  Max Mhz: 2100, Current Mhz: 1988, Mhz Limit: 2100
Processor Information for processor 1
  Max Mhz: 2100, Current Mhz: 2100, Mhz Limit: 2100
Processor Information for processor 2
  Max Mhz: 2100, Current Mhz: 2100, Mhz Limit: 2100
Processor Information for processor 3
  Max Mhz: 2100, Current Mhz: 1988, Mhz Limit: 2100
Processor Information for processor 4
  Max Mhz: 2100, Current Mhz: 2100, Mhz Limit: 2100
Processor Information for processor 5
  Max Mhz: 2100, Current Mhz: 2100, Mhz Limit: 2100
Processor Information for processor 6
  Max Mhz: 2100, Current Mhz: 1988, Mhz Limit: 2100
Processor Information for processor 7
  Max Mhz: 2100, Current Mhz: 2100, Mhz Limit: 2100
Processor Information for processor 8
  Max Mhz: 2100, Current Mhz: 1988, Mhz Limit: 2100
Processor Information for processor 9
  Max Mhz: 2100, Current Mhz: 2100, Mhz Limit: 2100
Processor Information for processor 10
  Max Mhz: 2100, Current Mhz: 2100, Mhz Limit: 2100
Processor Information for processor 11
  Max Mhz: 2100, Current Mhz: 1988, Mhz Limit: 2100

Memory: 4k page, system-wide physical 6005M (294M free)
TotalPageFile size 24437M (AvailPageFile size 120M)
current process WorkingSet (physical memory assigned to process): 41M, peak: 161M
current process commit charge ("private bytes"): 248M, peak: 268M

vm_info: OpenJDK 64-Bit Server VM (21.0.7+6-LTS) for windows-amd64 JRE (21.0.7+6-LTS), built on 2025-04-15T00:00:00Z by "admin" with MS VC++ 17.7 (VS2022)

END.
