#
# There is insufficient memory for the Java Runtime Environment to continue.
# Native memory allocation (mmap) failed to map 1048576 bytes. Error detail: G1 virtual space
# Possible reasons:
#   The system is out of physical RAM or swap space
#   This process is running with CompressedOops enabled, and the Java Heap may be blocking the growth of the native heap
# Possible solutions:
#   Reduce memory load on the system
#   Increase physical memory or swap space
#   Check if swap backing store is full
#   Decrease Java heap size (-Xmx/-Xms)
#   Decrease number of Java threads
#   Decrease Java thread stack sizes (-Xss)
#   Set larger code cache with -XX:ReservedCodeCacheSize=
#   JVM is running with Unscaled Compressed Oops mode in which the Java heap is
#     placed in the first 4GB address space. The Java Heap base address is the
#     maximum limit for the native heap growth. Please use -XX:HeapBaseMinAddress
#     to set the Java Heap base and to place the Java Heap above 4GB virtual address.
# This output file may be truncated or incomplete.
#
#  Out of Memory Error (os_windows.cpp:3828), pid=21204, tid=22620
#
# JRE version: OpenJDK Runtime Environment (21.0.5) (build 21.0.5+-12932927-b750.29)
# Java VM: OpenJDK 64-Bit Server VM (21.0.5+-12932927-b750.29, mixed mode, tiered, compressed oops, compressed class ptrs, g1 gc, windows-amd64)
# No core dump will be written. Minidumps are not enabled by default on client versions of Windows
#

---------------  S U M M A R Y ------------

Command Line: --add-opens=java.base/java.util=ALL-UNNAMED --add-opens=java.base/java.lang=ALL-UNNAMED --add-opens=java.base/java.lang.invoke=ALL-UNNAMED --add-opens=java.prefs/java.util.prefs=ALL-UNNAMED --add-exports=jdk.compiler/com.sun.tools.javac.api=ALL-UNNAMED --add-exports=jdk.compiler/com.sun.tools.javac.util=ALL-UNNAMED --add-opens=java.base/java.nio.charset=ALL-UNNAMED --add-opens=java.base/java.net=ALL-UNNAMED --add-opens=java.base/java.util.concurrent.atomic=ALL-UNNAMED -Xmx2048m -Dfile.encoding=UTF-8 -Duser.country=US -Duser.language=en -Duser.variant -javaagent:C:\Users\Administrator\.gradle\wrapper\dists\gradle-8.10.2-bin\a04bxjujx95o3nb99gddekhwo\gradle-8.10.2\lib\agents\gradle-instrumentation-agent-8.10.2.jar org.gradle.launcher.daemon.bootstrap.GradleDaemon 8.10.2

Host: AMD Ryzen 5 5500U with Radeon Graphics         , 12 cores, 5G,  Windows 11 , 64 bit Build 22621 (10.0.22621.5262)
Time: Mon May 19 13:00:26 2025 SE Asia Standard Time elapsed time: 24.145192 seconds (0d 0h 0m 24s)

---------------  T H R E A D  ---------------

Current thread (0x000001f75b44c5a0):  WorkerThread "GC Thread#1"    [id=22620, stack(0x00000073b0000000,0x00000073b0100000) (1024K)]

Stack: [0x00000073b0000000,0x00000073b0100000]
Native frames: (J=compiled Java code, j=interpreted, Vv=VM code, C=native code)
V  [jvm.dll+0x6cfb29]
V  [jvm.dll+0x85ded3]
V  [jvm.dll+0x86042e]
V  [jvm.dll+0x860b13]
V  [jvm.dll+0x27e6b6]
V  [jvm.dll+0x6cc385]
V  [jvm.dll+0x6c078a]
V  [jvm.dll+0x35525b]
V  [jvm.dll+0x35ceb6]
V  [jvm.dll+0x3aeadb]
V  [jvm.dll+0x3af194]
V  [jvm.dll+0x3af25d]
V  [jvm.dll+0x3290ec]
V  [jvm.dll+0x328e48]
V  [jvm.dll+0x317a26]
V  [jvm.dll+0x3188ba]
V  [jvm.dll+0x318de8]
V  [jvm.dll+0x31871e]
V  [jvm.dll+0x3570ea]
V  [jvm.dll+0x357466]
V  [jvm.dll+0x3585aa]
V  [jvm.dll+0x358224]
V  [jvm.dll+0x36c7a9]
V  [jvm.dll+0x36ce6a]
V  [jvm.dll+0x36cf67]
V  [jvm.dll+0x36de4b]
V  [jvm.dll+0x88bbb4]
V  [jvm.dll+0x806368]
V  [jvm.dll+0x6ce3fd]
C  [ucrtbase.dll+0x29333]
C  [KERNEL32.DLL+0x1259d]
C  [ntdll.dll+0x5af58]


---------------  P R O C E S S  ---------------

Threads class SMR info:
_java_thread_list=0x000001f75cba7c00, length=72, elements={
0x000001f73ea7c610, 0x000001f756778090, 0x000001f75677aeb0, 0x000001f756784750,
0x000001f756757da0, 0x000001f75675c9b0, 0x000001f75675d400, 0x000001f756789720,
0x000001f75678a1b0, 0x000001f75688cce0, 0x000001f756a69aa0, 0x000001f75cab41e0,
0x000001f75b99eea0, 0x000001f75bc16de0, 0x000001f75c7b2c80, 0x000001f75c7b32e0,
0x000001f75cab2ce0, 0x000001f75ca2a680, 0x000001f75bcf1c90, 0x000001f75c82ba00,
0x000001f75c82a650, 0x000001f75c82ace0, 0x000001f75c82b370, 0x000001f75c82c090,
0x000001f75b2d8dc0, 0x000001f75b2dbbb0, 0x000001f75b2dc8d0, 0x000001f75b2dae90,
0x000001f75b2d80a0, 0x000001f75b2dcf60, 0x000001f75b2de9a0, 0x000001f75b2db520,
0x000001f75b2dd5f0, 0x000001f75b2df6c0, 0x000001f75b2da800, 0x000001f75cf9a7e0,
0x000001f75b2df030, 0x000001f75b2d8730, 0x000001f75d5d3df0, 0x000001f75d5d0970,
0x000001f75d5d23b0, 0x000001f75d5d1000, 0x000001f75d5cf5c0, 0x000001f75d5cd4f0,
0x000001f75d5d1690, 0x000001f75d5cdb80, 0x000001f75d5cce60, 0x000001f75d5d30d0,
0x000001f75d5ce8a0, 0x000001f75d5cfc50, 0x000001f75d5d02e0, 0x000001f75d5d4480,
0x000001f75d5ce210, 0x000001f75d5d1d20, 0x000001f75d5d2a40, 0x000001f75d5d3760,
0x000001f75d5cef30, 0x000001f75dfbf4c0, 0x000001f75b87ecb0, 0x000001f75dfc2940,
0x000001f75dfc22b0, 0x000001f75dfbc040, 0x000001f75dfbe7a0, 0x000001f75dfc2fd0,
0x000001f75dfbfb50, 0x000001f75dfc3660, 0x000001f75dfc01e0, 0x000001f75dfc0870,
0x000001f75dfbc6d0, 0x000001f75dfc1590, 0x000001f75dfc0f00, 0x000001f75dfc1c20
}

Java Threads: ( => current thread )
  0x000001f73ea7c610 JavaThread "main"                              [_thread_blocked, id=21540, stack(0x00000073aee00000,0x00000073aef00000) (1024K)]
  0x000001f756778090 JavaThread "Reference Handler"          daemon [_thread_blocked, id=18388, stack(0x00000073af600000,0x00000073af700000) (1024K)]
  0x000001f75677aeb0 JavaThread "Finalizer"                  daemon [_thread_blocked, id=18004, stack(0x00000073af700000,0x00000073af800000) (1024K)]
  0x000001f756784750 JavaThread "Signal Dispatcher"          daemon [_thread_blocked, id=24000, stack(0x00000073af800000,0x00000073af900000) (1024K)]
  0x000001f756757da0 JavaThread "Attach Listener"            daemon [_thread_blocked, id=21352, stack(0x00000073af900000,0x00000073afa00000) (1024K)]
  0x000001f75675c9b0 JavaThread "Service Thread"             daemon [_thread_blocked, id=8320, stack(0x00000073afa00000,0x00000073afb00000) (1024K)]
  0x000001f75675d400 JavaThread "Monitor Deflation Thread"   daemon [_thread_blocked, id=16304, stack(0x00000073afb00000,0x00000073afc00000) (1024K)]
  0x000001f756789720 JavaThread "C2 CompilerThread0"         daemon [_thread_blocked, id=12444, stack(0x00000073afc00000,0x00000073afd00000) (1024K)]
  0x000001f75678a1b0 JavaThread "C1 CompilerThread0"         daemon [_thread_blocked, id=21304, stack(0x00000073afd00000,0x00000073afe00000) (1024K)]
  0x000001f75688cce0 JavaThread "Common-Cleaner"             daemon [_thread_blocked, id=24088, stack(0x00000073afe00000,0x00000073aff00000) (1024K)]
  0x000001f756a69aa0 JavaThread "Notification Thread"        daemon [_thread_blocked, id=20276, stack(0x00000073aff00000,0x00000073b0000000) (1024K)]
  0x000001f75cab41e0 JavaThread "Daemon health stats"               [_thread_blocked, id=7424, stack(0x00000073b0400000,0x00000073b0500000) (1024K)]
  0x000001f75b99eea0 JavaThread "Incoming local TCP Connector on port 64239"        [_thread_in_native, id=3588, stack(0x00000073b0500000,0x00000073b0600000) (1024K)]
  0x000001f75bc16de0 JavaThread "Daemon periodic checks"            [_thread_blocked, id=1768, stack(0x00000073b0600000,0x00000073b0700000) (1024K)]
  0x000001f75c7b2c80 JavaThread "Daemon"                            [_thread_blocked, id=19740, stack(0x00000073b0700000,0x00000073b0800000) (1024K)]
  0x000001f75c7b32e0 JavaThread "Handler for socket connection from /127.0.0.1:64239 to /127.0.0.1:64240"        [_thread_in_native, id=18724, stack(0x00000073b0800000,0x00000073b0900000) (1024K)]
  0x000001f75cab2ce0 JavaThread "Cancel handler"                    [_thread_blocked, id=23432, stack(0x00000073b0900000,0x00000073b0a00000) (1024K)]
  0x000001f75ca2a680 JavaThread "Daemon worker"                     [_thread_blocked, id=17160, stack(0x00000073b0a00000,0x00000073b0b00000) (1024K)]
  0x000001f75bcf1c90 JavaThread "Asynchronous log dispatcher for DefaultDaemonConnection: socket connection from /127.0.0.1:64239 to /127.0.0.1:64240"        [_thread_blocked, id=4876, stack(0x00000073b0b00000,0x00000073b0c00000) (1024K)]
  0x000001f75c82ba00 JavaThread "Stdin handler"                     [_thread_blocked, id=23976, stack(0x00000073b0c00000,0x00000073b0d00000) (1024K)]
  0x000001f75c82a650 JavaThread "Daemon client event forwarder"        [_thread_blocked, id=8636, stack(0x00000073b0d00000,0x00000073b0e00000) (1024K)]
  0x000001f75c82ace0 JavaThread "Cache worker for journal cache (C:\Users\Administrator\.gradle\caches\journal-1)"        [_thread_blocked, id=12200, stack(0x00000073b1500000,0x00000073b1600000) (1024K)]
  0x000001f75c82b370 JavaThread "File lock request listener"        [_thread_in_native, id=24312, stack(0x00000073b1600000,0x00000073b1700000) (1024K)]
  0x000001f75c82c090 JavaThread "Cache worker for file hash cache (C:\Users\Administrator\.gradle\caches\8.10.2\fileHashes)"        [_thread_blocked, id=23684, stack(0x00000073b1700000,0x00000073b1800000) (1024K)]
  0x000001f75b2d8dc0 JavaThread "Cache worker for file hash cache (D:\suitmedia\technical-test\.gradle\8.10.2\fileHashes)"        [_thread_blocked, id=15584, stack(0x00000073b1900000,0x00000073b1a00000) (1024K)]
  0x000001f75b2dbbb0 JavaThread "Cache worker for Build Output Cleanup Cache (D:\suitmedia\technical-test\.gradle\buildOutputCleanup)"        [_thread_blocked, id=4424, stack(0x00000073b1a00000,0x00000073b1b00000) (1024K)]
  0x000001f75b2dc8d0 JavaThread "File watcher server"        daemon [_thread_in_native, id=22192, stack(0x00000073b1b00000,0x00000073b1c00000) (1024K)]
  0x000001f75b2dae90 JavaThread "File watcher consumer"      daemon [_thread_blocked, id=9748, stack(0x00000073b1c00000,0x00000073b1d00000) (1024K)]
  0x000001f75b2d80a0 JavaThread "Cache worker for checksums cache (D:\suitmedia\technical-test\.gradle\8.10.2\checksums)"        [_thread_blocked, id=20596, stack(0x00000073b1800000,0x00000073b1900000) (1024K)]
  0x000001f75b2dcf60 JavaThread "Cache worker for file content cache (C:\Users\Administrator\.gradle\caches\8.10.2\fileContent)"        [_thread_blocked, id=17600, stack(0x00000073b1d00000,0x00000073b1e00000) (1024K)]
  0x000001f75b2de9a0 JavaThread "Cache worker for cache directory md-rule (C:\Users\Administrator\.gradle\caches\8.10.2\md-rule)"        [_thread_blocked, id=17472, stack(0x00000073b1e00000,0x00000073b1f00000) (1024K)]
  0x000001f75b2db520 JavaThread "Cache worker for cache directory md-supplier (C:\Users\Administrator\.gradle\caches\8.10.2\md-supplier)"        [_thread_blocked, id=23932, stack(0x00000073b1f00000,0x00000073b2000000) (1024K)]
  0x000001f75b2dd5f0 JavaThread "jar transforms"                    [_thread_blocked, id=19192, stack(0x00000073b2200000,0x00000073b2300000) (1024K)]
  0x000001f75b2df6c0 JavaThread "jar transforms Thread 2"           [_thread_blocked, id=21820, stack(0x00000073b2300000,0x00000073b2400000) (1024K)]
  0x000001f75b2da800 JavaThread "jar transforms Thread 3"           [_thread_blocked, id=23016, stack(0x00000073b2100000,0x00000073b2200000) (1024K)]
  0x000001f75cf9a7e0 JavaThread "C2 CompilerThread1"         daemon [_thread_blocked, id=22628, stack(0x00000073b2000000,0x00000073b2100000) (1024K)]
  0x000001f75b2df030 JavaThread "Unconstrained build operations"        [_thread_blocked, id=21808, stack(0x00000073b2400000,0x00000073b2500000) (1024K)]
  0x000001f75b2d8730 JavaThread "Unconstrained build operations Thread 2"        [_thread_blocked, id=11440, stack(0x00000073b2500000,0x00000073b2600000) (1024K)]
  0x000001f75d5d3df0 JavaThread "Unconstrained build operations Thread 3"        [_thread_blocked, id=13612, stack(0x00000073b2600000,0x00000073b2700000) (1024K)]
  0x000001f75d5d0970 JavaThread "Unconstrained build operations Thread 4"        [_thread_blocked, id=21164, stack(0x00000073b2700000,0x00000073b2800000) (1024K)]
  0x000001f75d5d23b0 JavaThread "Unconstrained build operations Thread 5"        [_thread_blocked, id=3144, stack(0x00000073b2800000,0x00000073b2900000) (1024K)]
  0x000001f75d5d1000 JavaThread "Unconstrained build operations Thread 6"        [_thread_blocked, id=23524, stack(0x00000073b2900000,0x00000073b2a00000) (1024K)]
  0x000001f75d5cf5c0 JavaThread "Unconstrained build operations Thread 7"        [_thread_blocked, id=21604, stack(0x00000073b2a00000,0x00000073b2b00000) (1024K)]
  0x000001f75d5cd4f0 JavaThread "Unconstrained build operations Thread 8"        [_thread_blocked, id=8664, stack(0x00000073b2b00000,0x00000073b2c00000) (1024K)]
  0x000001f75d5d1690 JavaThread "Unconstrained build operations Thread 9"        [_thread_blocked, id=21252, stack(0x00000073b2c00000,0x00000073b2d00000) (1024K)]
  0x000001f75d5cdb80 JavaThread "Unconstrained build operations Thread 10"        [_thread_blocked, id=12764, stack(0x00000073b2d00000,0x00000073b2e00000) (1024K)]
  0x000001f75d5cce60 JavaThread "Unconstrained build operations Thread 11"        [_thread_blocked, id=19064, stack(0x00000073b2e00000,0x00000073b2f00000) (1024K)]
  0x000001f75d5d30d0 JavaThread "Unconstrained build operations Thread 12"        [_thread_blocked, id=3352, stack(0x00000073b2f00000,0x00000073b3000000) (1024K)]
  0x000001f75d5ce8a0 JavaThread "Unconstrained build operations Thread 13"        [_thread_blocked, id=15564, stack(0x00000073b3000000,0x00000073b3100000) (1024K)]
  0x000001f75d5cfc50 JavaThread "Unconstrained build operations Thread 14"        [_thread_blocked, id=17516, stack(0x00000073b3100000,0x00000073b3200000) (1024K)]
  0x000001f75d5d02e0 JavaThread "Unconstrained build operations Thread 15"        [_thread_blocked, id=22268, stack(0x00000073b3200000,0x00000073b3300000) (1024K)]
  0x000001f75d5d4480 JavaThread "Unconstrained build operations Thread 16"        [_thread_blocked, id=14372, stack(0x00000073b3300000,0x00000073b3400000) (1024K)]
  0x000001f75d5ce210 JavaThread "Unconstrained build operations Thread 17"        [_thread_blocked, id=19956, stack(0x00000073b3400000,0x00000073b3500000) (1024K)]
  0x000001f75d5d1d20 JavaThread "Unconstrained build operations Thread 18"        [_thread_blocked, id=23120, stack(0x00000073b3500000,0x00000073b3600000) (1024K)]
  0x000001f75d5d2a40 JavaThread "Unconstrained build operations Thread 19"        [_thread_blocked, id=17300, stack(0x00000073b3600000,0x00000073b3700000) (1024K)]
  0x000001f75d5d3760 JavaThread "Unconstrained build operations Thread 20"        [_thread_blocked, id=13124, stack(0x00000073b3700000,0x00000073b3800000) (1024K)]
  0x000001f75d5cef30 JavaThread "Unconstrained build operations Thread 21"        [_thread_blocked, id=11152, stack(0x00000073b3800000,0x00000073b3900000) (1024K)]
  0x000001f75dfbf4c0 JavaThread "Unconstrained build operations Thread 22"        [_thread_blocked, id=18244, stack(0x00000073b3900000,0x00000073b3a00000) (1024K)]
  0x000001f75b87ecb0 JavaThread "C2 CompilerThread2"         daemon [_thread_blocked, id=20420, stack(0x00000073b3a00000,0x00000073b3b00000) (1024K)]
  0x000001f75dfc2940 JavaThread "Unconstrained build operations Thread 23"        [_thread_blocked, id=22056, stack(0x00000073b3b00000,0x00000073b3c00000) (1024K)]
  0x000001f75dfc22b0 JavaThread "Unconstrained build operations Thread 24"        [_thread_blocked, id=12544, stack(0x00000073b3c00000,0x00000073b3d00000) (1024K)]
  0x000001f75dfbc040 JavaThread "Unconstrained build operations Thread 25"        [_thread_blocked, id=24544, stack(0x00000073b3d00000,0x00000073b3e00000) (1024K)]
  0x000001f75dfbe7a0 JavaThread "Unconstrained build operations Thread 26"        [_thread_blocked, id=20888, stack(0x00000073b3e00000,0x00000073b3f00000) (1024K)]
  0x000001f75dfc2fd0 JavaThread "Unconstrained build operations Thread 27"        [_thread_blocked, id=23516, stack(0x00000073b3f00000,0x00000073b4000000) (1024K)]
  0x000001f75dfbfb50 JavaThread "Unconstrained build operations Thread 28"        [_thread_blocked, id=20876, stack(0x00000073b4000000,0x00000073b4100000) (1024K)]
  0x000001f75dfc3660 JavaThread "Unconstrained build operations Thread 29"        [_thread_blocked, id=21128, stack(0x00000073b4100000,0x00000073b4200000) (1024K)]
  0x000001f75dfc01e0 JavaThread "Unconstrained build operations Thread 30"        [_thread_blocked, id=1420, stack(0x00000073b4200000,0x00000073b4300000) (1024K)]
  0x000001f75dfc0870 JavaThread "Unconstrained build operations Thread 31"        [_thread_blocked, id=22796, stack(0x00000073b4300000,0x00000073b4400000) (1024K)]
  0x000001f75dfbc6d0 JavaThread "Unconstrained build operations Thread 32"        [_thread_blocked, id=24380, stack(0x00000073b4400000,0x00000073b4500000) (1024K)]
  0x000001f75dfc1590 JavaThread "Unconstrained build operations Thread 33"        [_thread_blocked, id=7652, stack(0x00000073b4500000,0x00000073b4600000) (1024K)]
  0x000001f75dfc0f00 JavaThread "jar transforms Thread 4"           [_thread_blocked, id=21716, stack(0x00000073b4600000,0x00000073b4700000) (1024K)]
  0x000001f75dfc1c20 JavaThread "jar transforms Thread 5"           [_thread_blocked, id=15900, stack(0x00000073b4700000,0x00000073b4800000) (1024K)]
Total: 72

Other Threads:
  0x000001f756708be0 VMThread "VM Thread"                           [id=22348, stack(0x00000073af500000,0x00000073af600000) (1024K)]
  0x000001f756546590 WatcherThread "VM Periodic Task Thread"        [id=22008, stack(0x00000073af400000,0x00000073af500000) (1024K)]
  0x000001f73ead2ff0 WorkerThread "GC Thread#0"                     [id=21112, stack(0x00000073aef00000,0x00000073af000000) (1024K)]
=>0x000001f75b44c5a0 WorkerThread "GC Thread#1"                     [id=22620, stack(0x00000073b0000000,0x00000073b0100000) (1024K)]
  0x000001f75b5a5dd0 WorkerThread "GC Thread#2"                     [id=24332, stack(0x00000073b0100000,0x00000073b0200000) (1024K)]
  0x000001f75bba47d0 WorkerThread "GC Thread#3"                     [id=9084, stack(0x00000073b0200000,0x00000073b0300000) (1024K)]
  0x000001f75bba4b70 WorkerThread "GC Thread#4"                     [id=21396, stack(0x00000073b0300000,0x00000073b0400000) (1024K)]
  0x000001f75bae1e60 WorkerThread "GC Thread#5"                     [id=23628, stack(0x00000073b0e00000,0x00000073b0f00000) (1024K)]
  0x000001f75bae2200 WorkerThread "GC Thread#6"                     [id=19708, stack(0x00000073b0f00000,0x00000073b1000000) (1024K)]
  0x000001f75bae25a0 WorkerThread "GC Thread#7"                     [id=23396, stack(0x00000073b1000000,0x00000073b1100000) (1024K)]
  0x000001f75c111ff0 WorkerThread "GC Thread#8"                     [id=12484, stack(0x00000073b1100000,0x00000073b1200000) (1024K)]
  0x000001f75c113210 WorkerThread "GC Thread#9"                     [id=7480, stack(0x00000073b1200000,0x00000073b1300000) (1024K)]
  0x000001f73eae48e0 ConcurrentGCThread "G1 Main Marker"            [id=21792, stack(0x00000073af000000,0x00000073af100000) (1024K)]
  0x000001f73eae53e0 WorkerThread "G1 Conc#0"                       [id=23756, stack(0x00000073af100000,0x00000073af200000) (1024K)]
  0x000001f75c112e70 WorkerThread "G1 Conc#1"                       [id=11596, stack(0x00000073b1300000,0x00000073b1400000) (1024K)]
  0x000001f75c1135b0 WorkerThread "G1 Conc#2"                       [id=24276, stack(0x00000073b1400000,0x00000073b1500000) (1024K)]
  0x000001f756416470 ConcurrentGCThread "G1 Refine#0"               [id=3368, stack(0x00000073af200000,0x00000073af300000) (1024K)]
  0x000001f756416df0 ConcurrentGCThread "G1 Service"                [id=21652, stack(0x00000073af300000,0x00000073af400000) (1024K)]
Total: 18

Threads with active compile tasks:
C2 CompilerThread1  24192 8326   !   4       sun.nio.fs.WindowsFileAttributes::toFileTime (47 bytes)
Total: 1

VM state: at safepoint (normal execution)

VM Mutex/Monitor currently owned by a thread:  ([mutex/lock_event])
[0x00007ffb29c8ac60] FreeList_lock - owner thread: 0x000001f75b44c5a0
[0x00007ffb29c8d360] Threads_lock - owner thread: 0x000001f756708be0
[0x00007ffb29c8d460] Heap_lock - owner thread: 0x000001f75ca2a680

Heap address: 0x0000000080000000, size: 2048 MB, Compressed Oops mode: 32-bit

CDS archive(s) not mapped
Compressed class space mapped at: 0x0000000100000000-0x0000000140000000, reserved size: 1073741824
Narrow klass base: 0x0000000000000000, Narrow klass shift: 3, Narrow klass range: 0x140000000

GC Precious Log:
 CardTable entry size: 512
 Card Set container configuration: InlinePtr #cards 5 size 8 Array Of Cards #cards 12 size 40 Howl #buckets 4 coarsen threshold 1843 Howl Bitmap #cards 512 size 80 coarsen threshold 460 Card regions per heap region 1 cards per card region 2048
 CPUs: 12 total, 12 available
 Memory: 6005M
 Large Page Support: Disabled
 NUMA Support: Disabled
 Compressed Oops: Enabled (32-bit)
 Heap Region Size: 1M
 Heap Min Capacity: 8M
 Heap Initial Capacity: 94M
 Heap Max Capacity: 2G
 Pre-touch: Disabled
 Parallel Workers: 10
 Concurrent Workers: 3
 Concurrent Refinement Workers: 10
 Periodic GC: Disabled

Heap:
 garbage-first heap   total 105472K, used 98561K [0x0000000080000000, 0x0000000100000000)
  region size 1024K, 44 young (45056K), 5 survivors (5120K)
 Metaspace       used 62252K, committed 63936K, reserved 1114112K
  class space    used 8359K, committed 9216K, reserved 1048576K

Heap Regions: E=young(eden), S=young(survivor), O=old, HS=humongous(starts), HC=humongous(continues), CS=collection set, F=free, TAMS=top-at-mark-start, PB=parsable bottom
|   0|0x0000000080000000, 0x0000000080100000, 0x0000000080100000|100%| O|  |TAMS 0x0000000080000000| PB 0x0000000080000000| Untracked 
|   1|0x0000000080100000, 0x0000000080200000, 0x0000000080200000|100%| O|  |TAMS 0x0000000080100000| PB 0x0000000080100000| Untracked 
|   2|0x0000000080200000, 0x0000000080300000, 0x0000000080300000|100%|HS|  |TAMS 0x0000000080200000| PB 0x0000000080200000| Complete 
|   3|0x0000000080300000, 0x0000000080400000, 0x0000000080400000|100%|HC|  |TAMS 0x0000000080300000| PB 0x0000000080300000| Complete 
|   4|0x0000000080400000, 0x0000000080500000, 0x0000000080500000|100%|HC|  |TAMS 0x0000000080400000| PB 0x0000000080400000| Complete 
|   5|0x0000000080500000, 0x0000000080600000, 0x0000000080600000|100%|HC|  |TAMS 0x0000000080500000| PB 0x0000000080500000| Complete 
|   6|0x0000000080600000, 0x0000000080700000, 0x0000000080700000|100%| O|  |TAMS 0x0000000080600000| PB 0x0000000080600000| Untracked 
|   7|0x0000000080700000, 0x0000000080800000, 0x0000000080800000|100%| O|  |TAMS 0x0000000080700000| PB 0x0000000080700000| Untracked 
|   8|0x0000000080800000, 0x0000000080900000, 0x0000000080900000|100%| O|  |TAMS 0x0000000080800000| PB 0x0000000080800000| Untracked 
|   9|0x0000000080900000, 0x0000000080a00000, 0x0000000080a00000|100%|HS|  |TAMS 0x0000000080900000| PB 0x0000000080900000| Complete 
|  10|0x0000000080a00000, 0x0000000080b00000, 0x0000000080b00000|100%| O|  |TAMS 0x0000000080a00000| PB 0x0000000080a00000| Untracked 
|  11|0x0000000080b00000, 0x0000000080c00000, 0x0000000080c00000|100%| O|  |TAMS 0x0000000080b00000| PB 0x0000000080b00000| Untracked 
|  12|0x0000000080c00000, 0x0000000080d00000, 0x0000000080d00000|100%| O|  |TAMS 0x0000000080c00000| PB 0x0000000080c00000| Untracked 
|  13|0x0000000080d00000, 0x0000000080e00000, 0x0000000080e00000|100%| O|  |TAMS 0x0000000080d00000| PB 0x0000000080d00000| Untracked 
|  14|0x0000000080e00000, 0x0000000080f00000, 0x0000000080f00000|100%| O|  |TAMS 0x0000000080e00000| PB 0x0000000080e00000| Untracked 
|  15|0x0000000080f00000, 0x0000000081000000, 0x0000000081000000|100%| O|  |TAMS 0x0000000080f00000| PB 0x0000000080f00000| Untracked 
|  16|0x0000000081000000, 0x0000000081100000, 0x0000000081100000|100%| O|Cm|TAMS 0x0000000081000000| PB 0x0000000081000000| Complete 
|  17|0x0000000081100000, 0x0000000081200000, 0x0000000081200000|100%| O|  |TAMS 0x0000000081100000| PB 0x0000000081100000| Untracked 
|  18|0x0000000081200000, 0x0000000081300000, 0x0000000081300000|100%| O|  |TAMS 0x0000000081200000| PB 0x0000000081200000| Untracked 
|  19|0x0000000081300000, 0x0000000081400000, 0x0000000081400000|100%| O|  |TAMS 0x0000000081300000| PB 0x0000000081300000| Untracked 
|  20|0x0000000081400000, 0x0000000081500000, 0x0000000081500000|100%| O|  |TAMS 0x0000000081400000| PB 0x0000000081400000| Untracked 
|  21|0x0000000081500000, 0x0000000081600000, 0x0000000081600000|100%| O|  |TAMS 0x0000000081500000| PB 0x0000000081500000| Untracked 
|  22|0x0000000081600000, 0x0000000081700000, 0x0000000081700000|100%| O|  |TAMS 0x0000000081600000| PB 0x0000000081600000| Untracked 
|  23|0x0000000081700000, 0x0000000081800000, 0x0000000081800000|100%| O|  |TAMS 0x0000000081700000| PB 0x0000000081700000| Untracked 
|  24|0x0000000081800000, 0x0000000081900000, 0x0000000081900000|100%| O|  |TAMS 0x0000000081800000| PB 0x0000000081800000| Untracked 
|  25|0x0000000081900000, 0x0000000081a00000, 0x0000000081a00000|100%| O|  |TAMS 0x0000000081900000| PB 0x0000000081900000| Untracked 
|  26|0x0000000081a00000, 0x0000000081b00000, 0x0000000081b00000|100%| O|  |TAMS 0x0000000081a00000| PB 0x0000000081a00000| Untracked 
|  27|0x0000000081b00000, 0x0000000081c00000, 0x0000000081c00000|100%| O|  |TAMS 0x0000000081b00000| PB 0x0000000081b00000| Untracked 
|  28|0x0000000081c00000, 0x0000000081d00000, 0x0000000081d00000|100%| O|  |TAMS 0x0000000081c00000| PB 0x0000000081c00000| Untracked 
|  29|0x0000000081d00000, 0x0000000081e00000, 0x0000000081e00000|100%| O|  |TAMS 0x0000000081d00000| PB 0x0000000081d00000| Untracked 
|  30|0x0000000081e00000, 0x0000000081f00000, 0x0000000081f00000|100%| O|  |TAMS 0x0000000081e00000| PB 0x0000000081e00000| Untracked 
|  31|0x0000000081f00000, 0x0000000081f0beb0, 0x0000000082000000|  4%| O|  |TAMS 0x0000000081f00000| PB 0x0000000081f00000| Untracked 
|  32|0x0000000082000000, 0x0000000082100000, 0x0000000082100000|100%| O|  |TAMS 0x0000000082000000| PB 0x0000000082000000| Untracked 
|  33|0x0000000082100000, 0x0000000082200000, 0x0000000082200000|100%| O|  |TAMS 0x0000000082100000| PB 0x0000000082100000| Untracked 
|  34|0x0000000082200000, 0x0000000082300000, 0x0000000082300000|100%| O|  |TAMS 0x0000000082200000| PB 0x0000000082200000| Untracked 
|  35|0x0000000082300000, 0x0000000082400000, 0x0000000082400000|100%| O|  |TAMS 0x0000000082300000| PB 0x0000000082300000| Untracked 
|  36|0x0000000082400000, 0x0000000082500000, 0x0000000082500000|100%| O|  |TAMS 0x0000000082400000| PB 0x0000000082400000| Untracked 
|  37|0x0000000082500000, 0x0000000082600000, 0x0000000082600000|100%| O|  |TAMS 0x0000000082500000| PB 0x0000000082500000| Untracked 
|  38|0x0000000082600000, 0x0000000082700000, 0x0000000082700000|100%| O|  |TAMS 0x0000000082600000| PB 0x0000000082600000| Untracked 
|  39|0x0000000082700000, 0x0000000082800000, 0x0000000082800000|100%| O|  |TAMS 0x0000000082700000| PB 0x0000000082700000| Untracked 
|  40|0x0000000082800000, 0x0000000082900000, 0x0000000082900000|100%| O|  |TAMS 0x0000000082800000| PB 0x0000000082800000| Untracked 
|  41|0x0000000082900000, 0x0000000082a00000, 0x0000000082a00000|100%|HS|  |TAMS 0x0000000082900000| PB 0x0000000082900000| Complete 
|  42|0x0000000082a00000, 0x0000000082b00000, 0x0000000082b00000|100%|HS|  |TAMS 0x0000000082a00000| PB 0x0000000082a00000| Complete 
|  43|0x0000000082b00000, 0x0000000082c00000, 0x0000000082c00000|100%|HC|  |TAMS 0x0000000082b00000| PB 0x0000000082b00000| Complete 
|  44|0x0000000082c00000, 0x0000000082d00000, 0x0000000082d00000|100%|HS|  |TAMS 0x0000000082c00000| PB 0x0000000082c00000| Complete 
|  45|0x0000000082d00000, 0x0000000082e00000, 0x0000000082e00000|100%| O|  |TAMS 0x0000000082d00000| PB 0x0000000082d00000| Untracked 
|  46|0x0000000082e00000, 0x0000000082f00000, 0x0000000082f00000|100%| O|  |TAMS 0x0000000082e00000| PB 0x0000000082e00000| Untracked 
|  47|0x0000000082f00000, 0x0000000083000000, 0x0000000083000000|100%|HS|  |TAMS 0x0000000082f00000| PB 0x0000000082f00000| Complete 
|  48|0x0000000083000000, 0x0000000083100000, 0x0000000083100000|100%| O|Cm|TAMS 0x0000000083000000| PB 0x0000000083000000| Complete 
|  49|0x0000000083100000, 0x0000000083200000, 0x0000000083200000|100%| S|  |TAMS 0x0000000083100000| PB 0x0000000083100000| Complete 
|  50|0x0000000083200000, 0x000000008324b280, 0x0000000083300000| 29%| E|CS|TAMS 0x0000000083200000| PB 0x0000000083200000| Complete 
|  51|0x0000000083300000, 0x0000000083400000, 0x0000000083400000|100%| E|CS|TAMS 0x0000000083300000| PB 0x0000000083300000| Complete 
|  52|0x0000000083400000, 0x0000000083500000, 0x0000000083500000|100%| E|CS|TAMS 0x0000000083400000| PB 0x0000000083400000| Complete 
|  53|0x0000000083500000, 0x0000000083600000, 0x0000000083600000|100%|HS|  |TAMS 0x0000000083500000| PB 0x0000000083500000| Complete 
|  54|0x0000000083600000, 0x0000000083700000, 0x0000000083700000|100%|HC|  |TAMS 0x0000000083600000| PB 0x0000000083600000| Complete 
|  55|0x0000000083700000, 0x0000000083800000, 0x0000000083800000|100%| E|CS|TAMS 0x0000000083700000| PB 0x0000000083700000| Complete 
|  56|0x0000000083800000, 0x0000000083900000, 0x0000000083900000|100%| S|  |TAMS 0x0000000083800000| PB 0x0000000083800000| Complete 
|  57|0x0000000083900000, 0x0000000083a00000, 0x0000000083a00000|100%| S|  |TAMS 0x0000000083900000| PB 0x0000000083900000| Complete 
|  58|0x0000000083a00000, 0x0000000083b00000, 0x0000000083b00000|100%| S|  |TAMS 0x0000000083a00000| PB 0x0000000083a00000| Complete 
|  59|0x0000000083b00000, 0x0000000083be9658, 0x0000000083c00000| 91%| E|CS|TAMS 0x0000000083b00000| PB 0x0000000083b00000| Complete 
|  60|0x0000000083c00000, 0x0000000083d00000, 0x0000000083d00000|100%| E|CS|TAMS 0x0000000083c00000| PB 0x0000000083c00000| Complete 
|  61|0x0000000083d00000, 0x0000000083e00000, 0x0000000083e00000|100%| E|CS|TAMS 0x0000000083d00000| PB 0x0000000083d00000| Complete 
|  62|0x0000000083e00000, 0x0000000083f00000, 0x0000000083f00000|100%| E|CS|TAMS 0x0000000083e00000| PB 0x0000000083e00000| Complete 
|  63|0x0000000083f00000, 0x0000000084000000, 0x0000000084000000|100%| E|CS|TAMS 0x0000000083f00000| PB 0x0000000083f00000| Complete 
|  64|0x0000000084000000, 0x0000000084100000, 0x0000000084100000|100%| E|CS|TAMS 0x0000000084000000| PB 0x0000000084000000| Complete 
|  65|0x0000000084100000, 0x0000000084200000, 0x0000000084200000|100%| E|CS|TAMS 0x0000000084100000| PB 0x0000000084100000| Complete 
|  66|0x0000000084200000, 0x0000000084300000, 0x0000000084300000|100%| E|CS|TAMS 0x0000000084200000| PB 0x0000000084200000| Complete 
|  67|0x0000000084300000, 0x0000000084400000, 0x0000000084400000|100%| E|CS|TAMS 0x0000000084300000| PB 0x0000000084300000| Complete 
|  68|0x0000000084400000, 0x0000000084500000, 0x0000000084500000|100%| E|CS|TAMS 0x0000000084400000| PB 0x0000000084400000| Complete 
|  69|0x0000000084500000, 0x0000000084600000, 0x0000000084600000|100%| E|CS|TAMS 0x0000000084500000| PB 0x0000000084500000| Complete 
|  70|0x0000000084600000, 0x0000000084700000, 0x0000000084700000|100%| E|CS|TAMS 0x0000000084600000| PB 0x0000000084600000| Complete 
|  71|0x0000000084700000, 0x0000000084800000, 0x0000000084800000|100%| E|CS|TAMS 0x0000000084700000| PB 0x0000000084700000| Complete 
|  72|0x0000000084800000, 0x0000000084900000, 0x0000000084900000|100%| E|CS|TAMS 0x0000000084800000| PB 0x0000000084800000| Complete 
|  73|0x0000000084900000, 0x0000000084a00000, 0x0000000084a00000|100%| E|CS|TAMS 0x0000000084900000| PB 0x0000000084900000| Complete 
|  74|0x0000000084a00000, 0x0000000084b00000, 0x0000000084b00000|100%| E|CS|TAMS 0x0000000084a00000| PB 0x0000000084a00000| Complete 
|  75|0x0000000084b00000, 0x0000000084c00000, 0x0000000084c00000|100%| E|CS|TAMS 0x0000000084b00000| PB 0x0000000084b00000| Complete 
|  76|0x0000000084c00000, 0x0000000084d00000, 0x0000000084d00000|100%| E|CS|TAMS 0x0000000084c00000| PB 0x0000000084c00000| Complete 
|  77|0x0000000084d00000, 0x0000000084e00000, 0x0000000084e00000|100%| E|CS|TAMS 0x0000000084d00000| PB 0x0000000084d00000| Complete 
|  78|0x0000000084e00000, 0x0000000084f00000, 0x0000000084f00000|100%| E|CS|TAMS 0x0000000084e00000| PB 0x0000000084e00000| Complete 
|  79|0x0000000084f00000, 0x0000000085000000, 0x0000000085000000|100%| E|CS|TAMS 0x0000000084f00000| PB 0x0000000084f00000| Complete 
|  80|0x0000000085000000, 0x0000000085100000, 0x0000000085100000|100%| E|CS|TAMS 0x0000000085000000| PB 0x0000000085000000| Complete 
|  81|0x0000000085100000, 0x0000000085200000, 0x0000000085200000|100%| E|CS|TAMS 0x0000000085100000| PB 0x0000000085100000| Complete 
|  82|0x0000000085200000, 0x0000000085300000, 0x0000000085300000|100%| E|CS|TAMS 0x0000000085200000| PB 0x0000000085200000| Complete 
|  83|0x0000000085300000, 0x0000000085400000, 0x0000000085400000|100%| E|CS|TAMS 0x0000000085300000| PB 0x0000000085300000| Complete 
|  84|0x0000000085400000, 0x0000000085500000, 0x0000000085500000|100%| E|CS|TAMS 0x0000000085400000| PB 0x0000000085400000| Complete 
|  85|0x0000000085500000, 0x0000000085600000, 0x0000000085600000|100%| E|CS|TAMS 0x0000000085500000| PB 0x0000000085500000| Complete 
|  86|0x0000000085600000, 0x0000000085700000, 0x0000000085700000|100%| E|CS|TAMS 0x0000000085600000| PB 0x0000000085600000| Complete 
|  87|0x0000000085700000, 0x0000000085800000, 0x0000000085800000|100%| E|CS|TAMS 0x0000000085700000| PB 0x0000000085700000| Complete 
|  88|0x0000000085800000, 0x0000000085900000, 0x0000000085900000|100%| E|CS|TAMS 0x0000000085800000| PB 0x0000000085800000| Complete 
|  89|0x0000000085900000, 0x0000000085a00000, 0x0000000085a00000|100%| E|CS|TAMS 0x0000000085900000| PB 0x0000000085900000| Complete 
|  90|0x0000000085a00000, 0x0000000085b00000, 0x0000000085b00000|100%| E|CS|TAMS 0x0000000085a00000| PB 0x0000000085a00000| Complete 
|  91|0x0000000085b00000, 0x0000000085c00000, 0x0000000085c00000|100%| E|CS|TAMS 0x0000000085b00000| PB 0x0000000085b00000| Complete 
|  92|0x0000000085c00000, 0x0000000085d00000, 0x0000000085d00000|100%| E|CS|TAMS 0x0000000085c00000| PB 0x0000000085c00000| Complete 
|  93|0x0000000085d00000, 0x0000000085e00000, 0x0000000085e00000|100%| E|CS|TAMS 0x0000000085d00000| PB 0x0000000085d00000| Complete 
|  94|0x0000000085e00000, 0x0000000085f00000, 0x0000000085f00000|100%| E|CS|TAMS 0x0000000085e00000| PB 0x0000000085e00000| Complete 
|  95|0x0000000085f00000, 0x0000000086000000, 0x0000000086000000|100%| E|CS|TAMS 0x0000000085f00000| PB 0x0000000085f00000| Complete 
|  96|0x0000000086000000, 0x0000000086100000, 0x0000000086100000|100%| E|CS|TAMS 0x0000000086000000| PB 0x0000000086000000| Complete 
|  97|0x0000000086100000, 0x0000000086200000, 0x0000000086200000|100%| S|  |TAMS 0x0000000086100000| PB 0x0000000086100000| Complete 
|2043|0x00000000ffb00000, 0x00000000ffc00000, 0x00000000ffc00000|100%| O|  |TAMS 0x00000000ffb00000| PB 0x00000000ffb00000| Untracked 
|2044|0x00000000ffc00000, 0x00000000ffd00000, 0x00000000ffd00000|100%| O|  |TAMS 0x00000000ffc00000| PB 0x00000000ffc00000| Untracked 
|2045|0x00000000ffd00000, 0x00000000ffe00000, 0x00000000ffe00000|100%| E|CS|TAMS 0x00000000ffd00000| PB 0x00000000ffd00000| Complete 
|2046|0x00000000ffe00000, 0x00000000fff00000, 0x00000000fff00000|100%| O|  |TAMS 0x00000000ffe00000| PB 0x00000000ffe00000| Untracked 
|2047|0x00000000fff00000, 0x0000000100000000, 0x0000000100000000|100%| O|  |TAMS 0x00000000fff00000| PB 0x00000000fff00000| Untracked 

Card table byte_map: [0x000001f751520000,0x000001f751920000] _byte_map_base: 0x000001f751120000

Marking Bits: (CMBitMap*) 0x000001f73ead36f0
 Bits: [0x000001f751920000, 0x000001f753920000)

Polling page: 0x000001f73ca70000

Metaspace:

Usage:
  Non-class:     52.63 MB used.
      Class:      8.16 MB used.
       Both:     60.79 MB used.

Virtual space:
  Non-class space:       64.00 MB reserved,      53.44 MB ( 83%) committed,  1 nodes.
      Class space:        1.00 GB reserved,       9.00 MB ( <1%) committed,  1 nodes.
             Both:        1.06 GB reserved,      62.44 MB (  6%) committed. 

Chunk freelists:
   Non-Class:  10.20 MB
       Class:  6.98 MB
        Both:  17.18 MB

MaxMetaspaceSize: unlimited
CompressedClassSpaceSize: 1.00 GB
Initial GC threshold: 21.00 MB
Current GC threshold: 103.56 MB
CDS: off
 - commit_granule_bytes: 65536.
 - commit_granule_words: 8192.
 - virtual_space_node_default_size: 8388608.
 - enlarge_chunks_in_place: 1.
 - use_allocation_guard: 0.


Internal statistics:

num_allocs_failed_limit: 12.
num_arena_births: 2998.
num_arena_deaths: 0.
num_vsnodes_births: 2.
num_vsnodes_deaths: 0.
num_space_committed: 999.
num_space_uncommitted: 0.
num_chunks_returned_to_freelist: 12.
num_chunks_taken_from_freelist: 5541.
num_chunk_merges: 9.
num_chunk_splits: 3552.
num_chunks_enlarged: 2156.
num_inconsistent_stats: 0.

CodeHeap 'non-profiled nmethods': size=120000Kb used=3891Kb max_used=3891Kb free=116108Kb
 bounds [0x000001f7496a0000, 0x000001f749a70000, 0x000001f750bd0000]
CodeHeap 'profiled nmethods': size=120000Kb used=12899Kb max_used=13491Kb free=107100Kb
 bounds [0x000001f741bd0000, 0x000001f742900000, 0x000001f749100000]
CodeHeap 'non-nmethods': size=5760Kb used=2710Kb max_used=2756Kb free=3050Kb
 bounds [0x000001f749100000, 0x000001f7493c0000, 0x000001f7496a0000]
 total_blobs=8011 nmethods=7148 adapters=767
 compilation: enabled
              stopped_count=0, restarted_count=0
 full_count=0

Compilation events (20 events):
Event: 24.051 Thread 0x000001f75678a1b0 8317       3       jdk.internal.loader.URLClassPath$JarLoader::getJarFile (102 bytes)
Event: 24.052 Thread 0x000001f75678a1b0 nmethod 8317 0x000001f7422eca10 code [0x000001f7422ecd00, 0x000001f7422ed970]
Event: 24.080 Thread 0x000001f75678a1b0 8318       3       jdk.internal.loader.URLClassPath$JarLoader::getClassPath (63 bytes)
Event: 24.081 Thread 0x000001f75cf9a7e0 8321       4       java.io.WinNTFileSystem::isSlash (18 bytes)
Event: 24.081 Thread 0x000001f75cf9a7e0 nmethod 8321 0x000001f749963610 code [0x000001f7499637a0, 0x000001f749963840]
Event: 24.082 Thread 0x000001f75678a1b0 nmethod 8318 0x000001f741c37490 code [0x000001f741c37760, 0x000001f741c38368]
Event: 24.082 Thread 0x000001f75678a1b0 8319       3       java.util.jar.JavaUtilJarAccessImpl::jarFileHasClassPathAttribute (5 bytes)
Event: 24.082 Thread 0x000001f75678a1b0 nmethod 8319 0x000001f7420dda10 code [0x000001f7420ddbc0, 0x000001f7420dddf0]
Event: 24.082 Thread 0x000001f75678a1b0 8320       3       java.util.jar.JarFile::hasClassPathAttribute (9 bytes)
Event: 24.082 Thread 0x000001f75678a1b0 nmethod 8320 0x000001f741c37110 code [0x000001f741c372c0, 0x000001f741c37410]
Event: 24.086 Thread 0x000001f756789720 8322   !   4       jdk.internal.loader.URLClassPath$JarLoader::ensureOpen (36 bytes)
Event: 24.092 Thread 0x000001f756789720 nmethod 8322 0x000001f749a67610 code [0x000001f749a67800, 0x000001f749a67ad8]
Event: 24.113 Thread 0x000001f75b87ecb0 nmethod 8305% 0x000001f749a67d90 code [0x000001f749a68120, 0x000001f749a6a700]
Event: 24.114 Thread 0x000001f756789720 8323       4       java.nio.file.attribute.FileTime::from (18 bytes)
Event: 24.115 Thread 0x000001f756789720 nmethod 8323 0x000001f749a6bd10 code [0x000001f749a6bea0, 0x000001f749a6bf98]
Event: 24.121 Thread 0x000001f756789720 8324       4       java.util.jar.Attributes$Name::hash (148 bytes)
Event: 24.125 Thread 0x000001f756789720 nmethod 8324 0x000001f749a6c090 code [0x000001f749a6c240, 0x000001f749a6c538]
Event: 24.129 Thread 0x000001f756789720 8325       4       sun.nio.fs.WindowsFileAttributes::lastModifiedTime (8 bytes)
Event: 24.131 Thread 0x000001f75cf9a7e0 8326   !   4       sun.nio.fs.WindowsFileAttributes::toFileTime (47 bytes)
Event: 24.132 Thread 0x000001f756789720 nmethod 8325 0x000001f749a6c810 code [0x000001f749a6c9c0, 0x000001f749a6cb90]

GC Heap History (20 events):
Event: 15.401 GC heap after
{Heap after GC invocations=11 (full 0):
 garbage-first heap   total 82944K, used 34251K [0x0000000080000000, 0x0000000100000000)
  region size 1024K, 6 young (6144K), 6 survivors (6144K)
 Metaspace       used 46934K, committed 48128K, reserved 1114112K
  class space    used 6285K, committed 6848K, reserved 1048576K
}
Event: 16.539 GC heap before
{Heap before GC invocations=11 (full 0):
 garbage-first heap   total 82944K, used 76235K [0x0000000080000000, 0x0000000100000000)
  region size 1024K, 42 young (43008K), 6 survivors (6144K)
 Metaspace       used 50736K, committed 52096K, reserved 1114112K
  class space    used 6750K, committed 7424K, reserved 1048576K
}
Event: 16.549 GC heap after
{Heap after GC invocations=12 (full 0):
 garbage-first heap   total 87040K, used 38377K [0x0000000080000000, 0x0000000100000000)
  region size 1024K, 4 young (4096K), 4 survivors (4096K)
 Metaspace       used 50736K, committed 52096K, reserved 1114112K
  class space    used 6750K, committed 7424K, reserved 1048576K
}
Event: 18.124 GC heap before
{Heap before GC invocations=12 (full 0):
 garbage-first heap   total 87040K, used 76265K [0x0000000080000000, 0x0000000100000000)
  region size 1024K, 40 young (40960K), 4 survivors (4096K)
 Metaspace       used 55677K, committed 57152K, reserved 1114112K
  class space    used 7435K, committed 8192K, reserved 1048576K
}
Event: 18.129 GC heap after
{Heap after GC invocations=13 (full 0):
 garbage-first heap   total 87040K, used 41403K [0x0000000080000000, 0x0000000100000000)
  region size 1024K, 3 young (3072K), 3 survivors (3072K)
 Metaspace       used 55677K, committed 57152K, reserved 1114112K
  class space    used 7435K, committed 8192K, reserved 1048576K
}
Event: 19.263 GC heap before
{Heap before GC invocations=13 (full 0):
 garbage-first heap   total 87040K, used 70075K [0x0000000080000000, 0x0000000100000000)
  region size 1024K, 32 young (32768K), 3 survivors (3072K)
 Metaspace       used 59045K, committed 60608K, reserved 1114112K
  class space    used 7981K, committed 8768K, reserved 1048576K
}
Event: 19.268 GC heap after
{Heap after GC invocations=14 (full 0):
 garbage-first heap   total 87040K, used 42657K [0x0000000080000000, 0x0000000100000000)
  region size 1024K, 2 young (2048K), 2 survivors (2048K)
 Metaspace       used 59045K, committed 60608K, reserved 1114112K
  class space    used 7981K, committed 8768K, reserved 1048576K
}
Event: 21.379 GC heap before
{Heap before GC invocations=15 (full 0):
 garbage-first heap   total 87040K, used 77473K [0x0000000080000000, 0x0000000100000000)
  region size 1024K, 36 young (36864K), 2 survivors (2048K)
 Metaspace       used 61094K, committed 62720K, reserved 1114112K
  class space    used 8282K, committed 9088K, reserved 1048576K
}
Event: 21.387 GC heap after
{Heap after GC invocations=16 (full 0):
 garbage-first heap   total 87040K, used 48041K [0x0000000080000000, 0x0000000100000000)
  region size 1024K, 5 young (5120K), 5 survivors (5120K)
 Metaspace       used 61094K, committed 62720K, reserved 1114112K
  class space    used 8282K, committed 9088K, reserved 1048576K
}
Event: 21.908 GC heap before
{Heap before GC invocations=16 (full 0):
 garbage-first heap   total 87040K, used 76713K [0x0000000080000000, 0x0000000100000000)
  region size 1024K, 33 young (33792K), 5 survivors (5120K)
 Metaspace       used 61421K, committed 63040K, reserved 1114112K
  class space    used 8283K, committed 9088K, reserved 1048576K
}
Event: 21.916 GC heap after
{Heap after GC invocations=17 (full 0):
 garbage-first heap   total 87040K, used 49850K [0x0000000080000000, 0x0000000100000000)
  region size 1024K, 4 young (4096K), 4 survivors (4096K)
 Metaspace       used 61421K, committed 63040K, reserved 1114112K
  class space    used 8283K, committed 9088K, reserved 1048576K
}
Event: 22.476 GC heap before
{Heap before GC invocations=17 (full 0):
 garbage-first heap   total 87040K, used 75450K [0x0000000080000000, 0x0000000100000000)
  region size 1024K, 30 young (30720K), 4 survivors (4096K)
 Metaspace       used 61784K, committed 63424K, reserved 1114112K
  class space    used 8310K, committed 9152K, reserved 1048576K
}
Event: 22.481 GC heap after
{Heap after GC invocations=18 (full 0):
 garbage-first heap   total 87040K, used 50748K [0x0000000080000000, 0x0000000100000000)
  region size 1024K, 4 young (4096K), 4 survivors (4096K)
 Metaspace       used 61784K, committed 63424K, reserved 1114112K
  class space    used 8310K, committed 9152K, reserved 1048576K
}
Event: 22.818 GC heap before
{Heap before GC invocations=19 (full 0):
 garbage-first heap   total 87040K, used 75324K [0x0000000080000000, 0x0000000100000000)
  region size 1024K, 29 young (29696K), 4 survivors (4096K)
 Metaspace       used 61914K, committed 63552K, reserved 1114112K
  class space    used 8310K, committed 9152K, reserved 1048576K
}
Event: 22.822 GC heap after
{Heap after GC invocations=20 (full 0):
 garbage-first heap   total 87040K, used 51468K [0x0000000080000000, 0x0000000100000000)
  region size 1024K, 4 young (4096K), 4 survivors (4096K)
 Metaspace       used 61914K, committed 63552K, reserved 1114112K
  class space    used 8310K, committed 9152K, reserved 1048576K
}
Event: 23.091 GC heap before
{Heap before GC invocations=20 (full 0):
 garbage-first heap   total 87040K, used 77068K [0x0000000080000000, 0x0000000100000000)
  region size 1024K, 29 young (29696K), 4 survivors (4096K)
 Metaspace       used 61949K, committed 63616K, reserved 1114112K
  class space    used 8310K, committed 9152K, reserved 1048576K
}
Event: 23.096 GC heap after
{Heap after GC invocations=21 (full 0):
 garbage-first heap   total 87040K, used 50845K [0x0000000080000000, 0x0000000100000000)
  region size 1024K, 4 young (4096K), 4 survivors (4096K)
 Metaspace       used 61949K, committed 63616K, reserved 1114112K
  class space    used 8310K, committed 9152K, reserved 1048576K
}
Event: 23.420 GC heap before
{Heap before GC invocations=21 (full 0):
 garbage-first heap   total 87040K, used 75421K [0x0000000080000000, 0x0000000100000000)
  region size 1024K, 29 young (29696K), 4 survivors (4096K)
 Metaspace       used 61957K, committed 63616K, reserved 1114112K
  class space    used 8311K, committed 9152K, reserved 1048576K
}
Event: 23.424 GC heap after
{Heap after GC invocations=22 (full 0):
 garbage-first heap   total 104448K, used 51548K [0x0000000080000000, 0x0000000100000000)
  region size 1024K, 4 young (4096K), 4 survivors (4096K)
 Metaspace       used 61957K, committed 63616K, reserved 1114112K
  class space    used 8311K, committed 9152K, reserved 1048576K
}
Event: 24.133 GC heap before
{Heap before GC invocations=23 (full 0):
 garbage-first heap   total 104448K, used 97628K [0x0000000080000000, 0x0000000100000000)
  region size 1024K, 43 young (44032K), 4 survivors (4096K)
 Metaspace       used 62252K, committed 63936K, reserved 1114112K
  class space    used 8359K, committed 9216K, reserved 1048576K
}

Dll operation events (3 events):
Event: 0.068 Loaded shared library C:\Program Files\Android\Android Studio\jbr\bin\java.dll
Event: 0.098 Loaded shared library C:\Program Files\Android\Android Studio\jbr\bin\zip.dll
Event: 1.645 Loaded shared library C:\Program Files\Android\Android Studio\jbr\bin\verify.dll

Deoptimization events (20 events):
Event: 24.041 Thread 0x000001f75ca2a680 Uncommon trap: trap_request=0xffffffec fr.pc=0x000001f7496f984c relative=0x00000000000001cc
Event: 24.041 Thread 0x000001f75ca2a680 Uncommon trap: reason=null_assert_or_unreached0 action=make_not_entrant pc=0x000001f7496f984c method=java.security.AccessController.doPrivileged(Ljava/security/PrivilegedExceptionAction;Ljava/security/AccessControlContext;)Ljava/lang/Object; @ 25 c2
Event: 24.041 Thread 0x000001f75ca2a680 DEOPT PACKING pc=0x000001f7496f984c sp=0x00000073b0af8f90
Event: 24.041 Thread 0x000001f75ca2a680 DEOPT UNPACKING pc=0x000001f7491546a2 sp=0x00000073b0af8eb0 mode 2
Event: 24.041 Thread 0x000001f75ca2a680 Uncommon trap: trap_request=0x00000091 fr.pc=0x000001f74981861c relative=0x00000000000000dc
Event: 24.041 Thread 0x000001f75ca2a680 Uncommon trap: reason=unloaded action=reinterpret pc=0x000001f74981861c method=java.security.AccessController.wrapException(Ljava/lang/Exception;)Ljava/security/PrivilegedActionException; @ 0 c2
Event: 24.041 Thread 0x000001f75ca2a680 DEOPT PACKING pc=0x000001f74981861c sp=0x00000073b0af9130
Event: 24.041 Thread 0x000001f75ca2a680 DEOPT UNPACKING pc=0x000001f7491546a2 sp=0x00000073b0af9058 mode 2
Event: 24.041 Thread 0x000001f75ca2a680 Uncommon trap: trap_request=0xffffffde fr.pc=0x000001f749956734 relative=0x00000000000005d4
Event: 24.041 Thread 0x000001f75ca2a680 Uncommon trap: reason=class_check action=maybe_recompile pc=0x000001f749956734 method=java.lang.Throwable.<init>(Ljava/lang/String;Ljava/lang/Throwable;)V @ 24 c2
Event: 24.041 Thread 0x000001f75ca2a680 DEOPT PACKING pc=0x000001f749956734 sp=0x00000073b0af8f20
Event: 24.041 Thread 0x000001f75ca2a680 DEOPT UNPACKING pc=0x000001f7491546a2 sp=0x00000073b0af8f00 mode 2
Event: 24.042 Thread 0x000001f75ca2a680 Uncommon trap: trap_request=0xffffffde fr.pc=0x000001f749956734 relative=0x00000000000005d4
Event: 24.042 Thread 0x000001f75ca2a680 Uncommon trap: reason=class_check action=maybe_recompile pc=0x000001f749956734 method=java.lang.Throwable.<init>(Ljava/lang/String;Ljava/lang/Throwable;)V @ 24 c2
Event: 24.042 Thread 0x000001f75ca2a680 DEOPT PACKING pc=0x000001f749956734 sp=0x00000073b0af8c90
Event: 24.042 Thread 0x000001f75ca2a680 DEOPT UNPACKING pc=0x000001f7491546a2 sp=0x00000073b0af8c70 mode 2
Event: 24.042 Thread 0x000001f75ca2a680 Uncommon trap: trap_request=0xffffffde fr.pc=0x000001f749956734 relative=0x00000000000005d4
Event: 24.042 Thread 0x000001f75ca2a680 Uncommon trap: reason=class_check action=maybe_recompile pc=0x000001f749956734 method=java.lang.Throwable.<init>(Ljava/lang/String;Ljava/lang/Throwable;)V @ 24 c2
Event: 24.042 Thread 0x000001f75ca2a680 DEOPT PACKING pc=0x000001f749956734 sp=0x00000073b0af8f20
Event: 24.042 Thread 0x000001f75ca2a680 DEOPT UNPACKING pc=0x000001f7491546a2 sp=0x00000073b0af8f00 mode 2

Classes loaded (20 events):
Event: 21.322 Loading class java/nio/channels/Channels
Event: 21.323 Loading class java/nio/channels/Channels done
Event: 21.323 Loading class sun/nio/ch/Streams
Event: 21.323 Loading class sun/nio/ch/Streams done
Event: 21.323 Loading class sun/nio/ch/ChannelInputStream
Event: 21.324 Loading class sun/nio/ch/ChannelInputStream done
Event: 22.229 Loading class java/lang/foreign/MemorySegment
Event: 22.237 Loading class java/lang/foreign/MemorySegment done
Event: 23.764 Loading class java/util/stream/SortedOps
Event: 23.765 Loading class java/util/stream/SortedOps done
Event: 23.765 Loading class java/util/stream/SortedOps$OfRef
Event: 23.765 Loading class java/util/stream/SortedOps$OfRef done
Event: 23.766 Loading class java/util/stream/SortedOps$SizedRefSortingSink
Event: 23.767 Loading class java/util/stream/SortedOps$AbstractRefSortingSink
Event: 23.767 Loading class java/util/stream/SortedOps$AbstractRefSortingSink done
Event: 23.767 Loading class java/util/stream/SortedOps$SizedRefSortingSink done
Event: 23.882 Loading class java/util/stream/SortedOps$RefSortingSink
Event: 23.882 Loading class java/util/stream/SortedOps$RefSortingSink done
Event: 23.902 Loading class java/time/Ser
Event: 23.902 Loading class java/time/Ser done

Classes unloaded (0 events):
No events

Classes redefined (0 events):
No events

Internal exceptions (20 events):
Event: 22.087 Thread 0x000001f75ca2a680 Exception <a 'java/lang/NoSuchMethodError'{0x00000000849b1b58}: 'java.lang.Object java.lang.invoke.DirectMethodHandle$Holder.invokeSpecialIFC(java.lang.Object, java.lang.Object, java.lang.Object)'> (0x00000000849b1b58) 
thrown [s\src\hotspot\share\interpreter\linkResolver.cpp, line 784]
Event: 23.016 Thread 0x000001f75dfc22b0 Implicit null exception at 0x000001f7497ffd87 to 0x000001f749800728
Event: 23.019 Thread 0x000001f75dfc2940 Implicit null exception at 0x000001f7497ffd87 to 0x000001f749800728
Event: 23.026 Thread 0x000001f75dfc1590 Implicit null exception at 0x000001f7497ffd87 to 0x000001f749800728
Event: 23.039 Thread 0x000001f75dfc01e0 Implicit null exception at 0x000001f7497ffd87 to 0x000001f749800728
Event: 23.039 Thread 0x000001f75dfbc6d0 Implicit null exception at 0x000001f7497ffd87 to 0x000001f749800728
Event: 23.118 Thread 0x000001f75dfc01e0 Implicit null exception at 0x000001f7497a1a98 to 0x000001f7497a228c
Event: 23.189 Thread 0x000001f75dfc3660 Implicit null exception at 0x000001f7497ec053 to 0x000001f7497ec850
Event: 23.875 Thread 0x000001f75ca2a680 Exception <a 'java/lang/NoSuchMethodError'{0x0000000084079f30}: 'void java.lang.invoke.DirectMethodHandle$Holder.invokeInterface(java.lang.Object, java.lang.Object, java.lang.Object, java.lang.Object)'> (0x0000000084079f30) 
thrown [s\src\hotspot\share\interpreter\linkResolver.cpp, line 784]
Event: 23.880 Thread 0x000001f75ca2a680 Exception <a 'java/lang/NoSuchMethodError'{0x000000008409e888}: 'long java.lang.invoke.DirectMethodHandle$Holder.invokeVirtual(java.lang.Object, java.lang.Object)'> (0x000000008409e888) 
thrown [s\src\hotspot\share\interpreter\linkResolver.cpp, line 784]
Event: 23.886 Thread 0x000001f75c82a650 Exception <a 'java/lang/NoSuchMethodError'{0x00000000840d6068}: static Lorg/gradle/internal/build/event/types/DefaultOperationFinishedProgressEvent;.<clinit>()V> (0x00000000840d6068) 
thrown [s\src\hotspot\share\prims\jni.cpp, line 1135]
Event: 23.892 Thread 0x000001f75c82a650 Exception <a 'java/lang/NoSuchMethodError'{0x0000000083f05628}: static Lorg/gradle/internal/build/event/types/DefaultProjectConfigurationSuccessResult;.<clinit>()V> (0x0000000083f05628) 
thrown [s\src\hotspot\share\prims\jni.cpp, line 1135]
Event: 23.893 Thread 0x000001f75c82a650 Exception <a 'java/lang/NoSuchMethodError'{0x0000000083f06c48}: static Lorg/gradle/internal/build/event/types/AbstractProjectConfigurationResult;.<clinit>()V> (0x0000000083f06c48) 
thrown [s\src\hotspot\share\prims\jni.cpp, line 1135]
Event: 23.893 Thread 0x000001f75c82a650 Exception <a 'java/lang/NoSuchMethodError'{0x0000000083f084f8}: static Lorg/gradle/internal/build/event/types/AbstractOperationResult;.<clinit>()V> (0x0000000083f084f8) 
thrown [s\src\hotspot\share\prims\jni.cpp, line 1135]
Event: 23.893 Thread 0x000001f75c82a650 Exception <a 'java/lang/NoSuchMethodError'{0x0000000083f099b8}: static Lorg/gradle/internal/build/event/types/AbstractResult;.<clinit>()V> (0x0000000083f099b8) 
thrown [s\src\hotspot\share\prims\jni.cpp, line 1135]
Event: 23.898 Thread 0x000001f75c82a650 Exception <a 'java/lang/NoSuchMethodError'{0x0000000083f462c8}: static Lorg/gradle/internal/build/event/types/DefaultPluginApplicationResult;.<clinit>()V> (0x0000000083f462c8) 
thrown [s\src\hotspot\share\prims\jni.cpp, line 1135]
Event: 23.900 Thread 0x000001f75c82a650 Exception <a 'java/lang/NoSuchMethodError'{0x0000000083f53428}: static Lorg/gradle/internal/build/event/types/DefaultBinaryPluginIdentifier;.<clinit>()V> (0x0000000083f53428) 
thrown [s\src\hotspot\share\prims\jni.cpp, line 1135]
Event: 23.905 Thread 0x000001f75c82a650 Exception <a 'java/lang/NoSuchMethodError'{0x0000000083faa930}: static Lorg/gradle/internal/build/event/types/DefaultScriptPluginIdentifier;.<clinit>()V> (0x0000000083faa930) 
thrown [s\src\hotspot\share\prims\jni.cpp, line 1135]
Event: 23.927 Thread 0x000001f75ca2a680 Exception <a 'java/lang/ClassNotFoundException'{0x0000000083e2c838}: build_1m2bqgch40s1v0kw2vixg6sylBeanInfo> (0x0000000083e2c838) 
thrown [s\src\hotspot\share\classfile\systemDictionary.cpp, line 312]
Event: 23.928 Thread 0x000001f75ca2a680 Exception <a 'java/lang/ClassNotFoundException'{0x0000000083e331d0}: build_1m2bqgch40s1v0kw2vixg6sylCustomizer> (0x0000000083e331d0) 
thrown [s\src\hotspot\share\classfile\systemDictionary.cpp, line 312]

ZGC Phase Switch (0 events):
No events

VM Operations (20 events):
Event: 22.481 Executing VM operation: G1CollectForAllocation (G1 Evacuation Pause) done
Event: 22.525 Executing VM operation: G1PauseRemark
Event: 22.530 Executing VM operation: G1PauseRemark done
Event: 22.555 Executing VM operation: G1PauseCleanup
Event: 22.556 Executing VM operation: G1PauseCleanup done
Event: 22.818 Executing VM operation: G1CollectForAllocation (G1 Evacuation Pause)
Event: 22.822 Executing VM operation: G1CollectForAllocation (G1 Evacuation Pause) done
Event: 23.091 Executing VM operation: G1CollectForAllocation (G1 Evacuation Pause)
Event: 23.096 Executing VM operation: G1CollectForAllocation (G1 Evacuation Pause) done
Event: 23.420 Executing VM operation: G1CollectForAllocation (G1 Evacuation Pause)
Event: 23.424 Executing VM operation: G1CollectForAllocation (G1 Evacuation Pause) done
Event: 23.477 Executing VM operation: G1PauseRemark
Event: 23.482 Executing VM operation: G1PauseRemark done
Event: 23.507 Executing VM operation: G1PauseCleanup
Event: 23.508 Executing VM operation: G1PauseCleanup done
Event: 23.791 Executing VM operation: HandshakeAllThreads (Deoptimize)
Event: 23.791 Executing VM operation: HandshakeAllThreads (Deoptimize) done
Event: 24.041 Executing VM operation: HandshakeAllThreads (Deoptimize)
Event: 24.041 Executing VM operation: HandshakeAllThreads (Deoptimize) done
Event: 24.133 Executing VM operation: G1CollectForAllocation (G1 Evacuation Pause)

Memory protections (0 events):
No events

Nmethod flushes (20 events):
Event: 23.481 Thread 0x000001f756708be0 flushing  nmethod 0x000001f7426cce10
Event: 23.481 Thread 0x000001f756708be0 flushing  nmethod 0x000001f7426cdb10
Event: 23.481 Thread 0x000001f756708be0 flushing  nmethod 0x000001f7497afc90
Event: 23.481 Thread 0x000001f756708be0 flushing  nmethod 0x000001f749973b90
Event: 23.481 Thread 0x000001f756708be0 flushing  nmethod 0x000001f7499e2010
Event: 23.481 Thread 0x000001f756708be0 flushing  nmethod 0x000001f741c45190
Event: 23.481 Thread 0x000001f756708be0 flushing  nmethod 0x000001f741cc2110
Event: 23.481 Thread 0x000001f756708be0 flushing  nmethod 0x000001f741eb8410
Event: 23.481 Thread 0x000001f756708be0 flushing  nmethod 0x000001f741eb9e90
Event: 23.481 Thread 0x000001f756708be0 flushing  nmethod 0x000001f741eba710
Event: 23.481 Thread 0x000001f756708be0 flushing  nmethod 0x000001f742109210
Event: 23.481 Thread 0x000001f756708be0 flushing  nmethod 0x000001f742111b90
Event: 23.481 Thread 0x000001f756708be0 flushing  nmethod 0x000001f742163210
Event: 23.481 Thread 0x000001f756708be0 flushing  nmethod 0x000001f742278490
Event: 23.481 Thread 0x000001f756708be0 flushing  nmethod 0x000001f742518990
Event: 23.481 Thread 0x000001f756708be0 flushing  nmethod 0x000001f74251b810
Event: 23.481 Thread 0x000001f756708be0 flushing  nmethod 0x000001f74251bb90
Event: 23.481 Thread 0x000001f756708be0 flushing  nmethod 0x000001f742571d10
Event: 23.481 Thread 0x000001f756708be0 flushing  nmethod 0x000001f7425e3d10
Event: 23.481 Thread 0x000001f756708be0 flushing  nmethod 0x000001f742707e10

Events (20 events):
Event: 21.301 Thread 0x000001f75ca2a680 Thread added: 0x000001f75d5ce210
Event: 21.309 Thread 0x000001f75ca2a680 Thread added: 0x000001f75d5d1d20
Event: 21.318 Thread 0x000001f75ca2a680 Thread added: 0x000001f75d5d2a40
Event: 21.322 Thread 0x000001f75ca2a680 Thread added: 0x000001f75d5d3760
Event: 21.328 Thread 0x000001f75ca2a680 Thread added: 0x000001f75d5cef30
Event: 21.332 Thread 0x000001f75ca2a680 Thread added: 0x000001f75dfbf4c0
Event: 21.392 Thread 0x000001f75678a1b0 Thread added: 0x000001f75b87ecb0
Event: 22.088 Thread 0x000001f75ca2a680 Thread added: 0x000001f75dfc2940
Event: 22.089 Thread 0x000001f75ca2a680 Thread added: 0x000001f75dfc22b0
Event: 22.089 Thread 0x000001f75ca2a680 Thread added: 0x000001f75dfbc040
Event: 22.090 Thread 0x000001f75ca2a680 Thread added: 0x000001f75dfbe7a0
Event: 22.091 Thread 0x000001f75ca2a680 Thread added: 0x000001f75dfc2fd0
Event: 22.092 Thread 0x000001f75ca2a680 Thread added: 0x000001f75dfbfb50
Event: 22.093 Thread 0x000001f75ca2a680 Thread added: 0x000001f75dfc3660
Event: 22.094 Thread 0x000001f75ca2a680 Thread added: 0x000001f75dfc01e0
Event: 22.095 Thread 0x000001f75ca2a680 Thread added: 0x000001f75dfc0870
Event: 22.096 Thread 0x000001f75ca2a680 Thread added: 0x000001f75dfbc6d0
Event: 22.097 Thread 0x000001f75ca2a680 Thread added: 0x000001f75dfc1590
Event: 23.866 Thread 0x000001f75ca2a680 Thread added: 0x000001f75dfc0f00
Event: 23.911 Thread 0x000001f75ca2a680 Thread added: 0x000001f75dfc1c20


Dynamic libraries:
0x00007ff70bc90000 - 0x00007ff70bc9a000 	C:\Program Files\Android\Android Studio\jbr\bin\java.exe
0x00007ffbd3570000 - 0x00007ffbd3787000 	C:\WINDOWS\SYSTEM32\ntdll.dll
0x00007ffbd1340000 - 0x00007ffbd1404000 	C:\WINDOWS\System32\KERNEL32.DLL
0x00007ffbd0970000 - 0x00007ffbd0d43000 	C:\WINDOWS\System32\KERNELBASE.dll
0x00007ffbd10e0000 - 0x00007ffbd11f1000 	C:\WINDOWS\System32\ucrtbase.dll
0x00007ffb60d00000 - 0x00007ffb60d18000 	C:\Program Files\Android\Android Studio\jbr\bin\jli.dll
0x00007ffbca820000 - 0x00007ffbca83b000 	C:\Program Files\Android\Android Studio\jbr\bin\VCRUNTIME140.dll
0x00007ffbd16a0000 - 0x00007ffbd1851000 	C:\WINDOWS\System32\USER32.dll
0x00007ffbd0ec0000 - 0x00007ffbd0ee6000 	C:\WINDOWS\System32\win32u.dll
0x00007ffbd1310000 - 0x00007ffbd1339000 	C:\WINDOWS\System32\GDI32.dll
0x00007ffbb4f20000 - 0x00007ffbb51bb000 	C:\WINDOWS\WinSxS\amd64_microsoft.windows.common-controls_6595b64144ccf1df_6.0.22621.5262_none_2712bde373830908\COMCTL32.dll
0x00007ffbd0ef0000 - 0x00007ffbd1012000 	C:\WINDOWS\System32\gdi32full.dll
0x00007ffbd0690000 - 0x00007ffbd072a000 	C:\WINDOWS\System32\msvcp_win.dll
0x00007ffbd2bd0000 - 0x00007ffbd2c77000 	C:\WINDOWS\System32\msvcrt.dll
0x00007ffbd2730000 - 0x00007ffbd2761000 	C:\WINDOWS\System32\IMM32.DLL
0x00007ffbcb840000 - 0x00007ffbcb84c000 	C:\Program Files\Android\Android Studio\jbr\bin\vcruntime140_1.dll
0x00007ffb3de10000 - 0x00007ffb3de9d000 	C:\Program Files\Android\Android Studio\jbr\bin\msvcp140.dll
0x00007ffb290e0000 - 0x00007ffb29d6a000 	C:\Program Files\Android\Android Studio\jbr\bin\server\jvm.dll
0x00007ffbd2770000 - 0x00007ffbd2821000 	C:\WINDOWS\System32\ADVAPI32.dll
0x00007ffbd23b0000 - 0x00007ffbd2457000 	C:\WINDOWS\System32\sechost.dll
0x00007ffbd0660000 - 0x00007ffbd0688000 	C:\WINDOWS\System32\bcrypt.dll
0x00007ffbd2130000 - 0x00007ffbd2244000 	C:\WINDOWS\System32\RPCRT4.dll
0x00007ffbd2b50000 - 0x00007ffbd2bc1000 	C:\WINDOWS\System32\WS2_32.dll
0x00007ffbca5d0000 - 0x00007ffbca604000 	C:\WINDOWS\SYSTEM32\WINMM.dll
0x00007ffbd0530000 - 0x00007ffbd057d000 	C:\WINDOWS\SYSTEM32\POWRPROF.dll
0x00007ffbc6ad0000 - 0x00007ffbc6ada000 	C:\WINDOWS\SYSTEM32\VERSION.dll
0x00007ffbd0510000 - 0x00007ffbd0523000 	C:\WINDOWS\SYSTEM32\UMPDC.dll
0x00007ffbcf660000 - 0x00007ffbcf678000 	C:\WINDOWS\SYSTEM32\kernel.appcore.dll
0x00007ffbc9010000 - 0x00007ffbc901a000 	C:\Program Files\Android\Android Studio\jbr\bin\jimage.dll
0x00007ffbcdf80000 - 0x00007ffbce1b2000 	C:\WINDOWS\SYSTEM32\DBGHELP.DLL
0x00007ffbd2d10000 - 0x00007ffbd30a3000 	C:\WINDOWS\System32\combase.dll
0x00007ffbd2460000 - 0x00007ffbd2537000 	C:\WINDOWS\System32\OLEAUT32.dll
0x00007ffbc6b20000 - 0x00007ffbc6b52000 	C:\WINDOWS\SYSTEM32\dbgcore.DLL
0x00007ffbd08f0000 - 0x00007ffbd096b000 	C:\WINDOWS\System32\bcryptPrimitives.dll
0x00007ffba0f30000 - 0x00007ffba0f3e000 	C:\Program Files\Android\Android Studio\jbr\bin\instrument.dll
0x00007ffbc3180000 - 0x00007ffbc31a0000 	C:\Program Files\Android\Android Studio\jbr\bin\java.dll
0x00007ffbc3150000 - 0x00007ffbc3168000 	C:\Program Files\Android\Android Studio\jbr\bin\zip.dll
0x00007ffbd1860000 - 0x00007ffbd20fd000 	C:\WINDOWS\System32\SHELL32.dll
0x00007ffbd0730000 - 0x00007ffbd086f000 	C:\WINDOWS\System32\wintypes.dll
0x00007ffbce550000 - 0x00007ffbcee6d000 	C:\WINDOWS\SYSTEM32\windows.storage.dll
0x00007ffbd14e0000 - 0x00007ffbd15eb000 	C:\WINDOWS\System32\SHCORE.dll
0x00007ffbd1410000 - 0x00007ffbd1476000 	C:\WINDOWS\System32\shlwapi.dll
0x00007ffbd0590000 - 0x00007ffbd05bb000 	C:\WINDOWS\SYSTEM32\profapi.dll
0x00007ffbc5210000 - 0x00007ffbc5220000 	C:\Program Files\Android\Android Studio\jbr\bin\net.dll
0x00007ffbca2d0000 - 0x00007ffbca3fc000 	C:\WINDOWS\SYSTEM32\WINHTTP.dll
0x00007ffbcfad0000 - 0x00007ffbcfb3a000 	C:\WINDOWS\system32\mswsock.dll
0x00007ffbc1f50000 - 0x00007ffbc1f66000 	C:\Program Files\Android\Android Studio\jbr\bin\nio.dll
0x00007ffbac020000 - 0x00007ffbac030000 	C:\Program Files\Android\Android Studio\jbr\bin\verify.dll
0x00007ffb60c40000 - 0x00007ffb60c67000 	C:\Users\Administrator\.gradle\native\c067742578af261105cb4f569cf0c3c89f3d7b1fecec35dd04571415982c5e48\windows-amd64\native-platform.dll
0x00007ffb5ef40000 - 0x00007ffb5f084000 	C:\Users\Administrator\.gradle\native\100fb08df4bc3b14c8652ba06237920a3bd2aa13389f12d3474272988ae205f9\windows-amd64\native-platform-file-events.dll
0x00007ffba6120000 - 0x00007ffba6129000 	C:\Program Files\Android\Android Studio\jbr\bin\management.dll
0x00007ffba4c40000 - 0x00007ffba4c4b000 	C:\Program Files\Android\Android Studio\jbr\bin\management_ext.dll
0x00007ffbd2990000 - 0x00007ffbd2998000 	C:\WINDOWS\System32\PSAPI.DLL
0x00007ffbcfe20000 - 0x00007ffbcfe3b000 	C:\WINDOWS\SYSTEM32\CRYPTSP.dll
0x00007ffbcf5c0000 - 0x00007ffbcf5f7000 	C:\WINDOWS\system32\rsaenh.dll
0x00007ffbcfb70000 - 0x00007ffbcfb98000 	C:\WINDOWS\SYSTEM32\USERENV.dll
0x00007ffbcfe00000 - 0x00007ffbcfe0c000 	C:\WINDOWS\SYSTEM32\CRYPTBASE.dll
0x00007ffbcf110000 - 0x00007ffbcf13d000 	C:\WINDOWS\SYSTEM32\IPHLPAPI.DLL
0x00007ffbd2540000 - 0x00007ffbd2549000 	C:\WINDOWS\System32\NSI.dll
0x00007ffbc1e70000 - 0x00007ffbc1e79000 	C:\Program Files\Android\Android Studio\jbr\bin\extnet.dll
0x00007ffbae6e0000 - 0x00007ffbae6e8000 	C:\WINDOWS\system32\wshunix.dll

dbghelp: loaded successfully - version: 4.0.5 - missing functions: none
symbol engine: initialized successfully - sym options: 0x614 - pdb path: .;C:\Program Files\Android\Android Studio\jbr\bin;C:\WINDOWS\SYSTEM32;C:\WINDOWS\WinSxS\amd64_microsoft.windows.common-controls_6595b64144ccf1df_6.0.22621.5262_none_2712bde373830908;C:\Program Files\Android\Android Studio\jbr\bin\server;C:\Users\Administrator\.gradle\native\c067742578af261105cb4f569cf0c3c89f3d7b1fecec35dd04571415982c5e48\windows-amd64;C:\Users\Administrator\.gradle\native\100fb08df4bc3b14c8652ba06237920a3bd2aa13389f12d3474272988ae205f9\windows-amd64

VM Arguments:
jvm_args: --add-opens=java.base/java.util=ALL-UNNAMED --add-opens=java.base/java.lang=ALL-UNNAMED --add-opens=java.base/java.lang.invoke=ALL-UNNAMED --add-opens=java.prefs/java.util.prefs=ALL-UNNAMED --add-exports=jdk.compiler/com.sun.tools.javac.api=ALL-UNNAMED --add-exports=jdk.compiler/com.sun.tools.javac.util=ALL-UNNAMED --add-opens=java.base/java.nio.charset=ALL-UNNAMED --add-opens=java.base/java.net=ALL-UNNAMED --add-opens=java.base/java.util.concurrent.atomic=ALL-UNNAMED -Xmx2048m -Dfile.encoding=UTF-8 -Duser.country=US -Duser.language=en -Duser.variant -javaagent:C:\Users\Administrator\.gradle\wrapper\dists\gradle-8.10.2-bin\a04bxjujx95o3nb99gddekhwo\gradle-8.10.2\lib\agents\gradle-instrumentation-agent-8.10.2.jar 
java_command: org.gradle.launcher.daemon.bootstrap.GradleDaemon 8.10.2
java_class_path (initial): C:\Users\Administrator\.gradle\wrapper\dists\gradle-8.10.2-bin\a04bxjujx95o3nb99gddekhwo\gradle-8.10.2\lib\gradle-daemon-main-8.10.2.jar
Launcher Type: SUN_STANDARD

[Global flags]
     intx CICompilerCount                          = 4                                         {product} {ergonomic}
     uint ConcGCThreads                            = 3                                         {product} {ergonomic}
     uint G1ConcRefinementThreads                  = 10                                        {product} {ergonomic}
   size_t G1HeapRegionSize                         = 1048576                                   {product} {ergonomic}
    uintx GCDrainStackTargetSize                   = 64                                        {product} {ergonomic}
   size_t InitialHeapSize                          = 98566144                                  {product} {ergonomic}
   size_t MarkStackSize                            = 4194304                                   {product} {ergonomic}
   size_t MaxHeapSize                              = 2147483648                                {product} {command line}
   size_t MaxNewSize                               = 1287651328                                {product} {ergonomic}
   size_t MinHeapDeltaBytes                        = 1048576                                   {product} {ergonomic}
   size_t MinHeapSize                              = 8388608                                   {product} {ergonomic}
    uintx NonNMethodCodeHeapSize                   = 5839372                                {pd product} {ergonomic}
    uintx NonProfiledCodeHeapSize                  = 122909434                              {pd product} {ergonomic}
    uintx ProfiledCodeHeapSize                     = 122909434                              {pd product} {ergonomic}
    uintx ReservedCodeCacheSize                    = 251658240                              {pd product} {ergonomic}
     bool SegmentedCodeCache                       = true                                      {product} {ergonomic}
   size_t SoftMaxHeapSize                          = 2147483648                             {manageable} {ergonomic}
     bool UseCompressedOops                        = true                           {product lp64_product} {ergonomic}
     bool UseG1GC                                  = true                                      {product} {ergonomic}
     bool UseLargePagesIndividualAllocation        = false                                  {pd product} {ergonomic}

Logging:
Log output configuration:
 #0: stdout all=warning uptime,level,tags foldmultilines=false
 #1: stderr all=off uptime,level,tags foldmultilines=false

Environment Variables:
PATH=C:\Program Files\NVIDIA GPU Computing Toolkit\CUDA\v12.8\bin;C:\Program Files\NVIDIA GPU Computing Toolkit\CUDA\v12.8\libnvvp;C:\Program Files\Common Files\Oracle\Java\javapath;C:\Python312\Scripts\;C:\Python312\;C:\WINDOWS\system32;C:\WINDOWS;C:\WINDOWS\System32\Wbem;C:\WINDOWS\System32\WindowsPowerShell\v1.0\;C:\WINDOWS\System32\OpenSSH\;C:\Program Files\Git\cmd;C:\Program Files\Java\jdk-20\bin;C:\ProgramData\chocolatey\bin;C:\Program Files\Docker\Docker\resources\bin;C:\Program Files\Go\bin;C:\Program Files\dotnet\;C:\Program Files\PostgreSQL\17\bin;C:\Users\Administrator\AppData\Roaming\nvm;C:\Program Files\nodejs;C:\Program Files\NVIDIA Corporation\Nsight Compute 2025.1.1\;C:\Program Files (x86)\NVIDIA Corporation\PhysX\Common;C:\Program Files\nodejs\;C:\Users\Administrator\AppData\Local\Microsoft\WindowsApps;C:\Users\Administrator\AppData\Local\Programs\Microsoft VS Code\bin;C:\Users\Administrator\AppData\Local\GitHubDesktop\bin;C:\MinGW\bin;C:\Users\Administrator\go\bin;E:\Intellije\IntelliJ IDEA 2024.1.1\bin;;C:\Users\Administrator\AppData\Roaming\nvm;C:\Program Files\nodejs;C:\Users\Administrator\AppData\Roaming\npm
USERNAME=Administrator
OS=Windows_NT
PROCESSOR_IDENTIFIER=AMD64 Family 23 Model 104 Stepping 1, AuthenticAMD
TMP=C:\Users\ADMINI~1\AppData\Local\Temp
TEMP=C:\Users\ADMINI~1\AppData\Local\Temp




Periodic native trim disabled

JNI global refs:
JNI global refs: 27, weak refs: 0

JNI global refs memory usage: 835, weak refs: 833

Process memory usage:
Resident Set Size: 283044K (4% of 6149880K total physical memory with 834800K free physical memory)

OOME stack traces (most recent first):
Classloader memory used:
Loader org.gradle.internal.classloader.VisitableURLClassLoader                         : 29476K
Loader bootstrap                                                                       : 22737K
Loader org.gradle.initialization.MixInLegacyTypesClassLoader                           : 9100K
Loader jdk.internal.loader.ClassLoaders$PlatformClassLoader                            : 499K
Loader jdk.internal.loader.ClassLoaders$AppClassLoader                                 : 234K
Loader org.gradle.groovy.scripts.internal.DefaultScriptCompilationHandler$ScriptClassLoader: 91624B
Loader jdk.internal.reflect.DelegatingClassLoader                                      : 71856B
Loader org.gradle.internal.classloader.VisitableURLClassLoader$InstrumentingVisitableURLClassLoader: 28184B
Loader org.codehaus.groovy.runtime.callsite.CallSiteClassLoader                        : 16816B

Classes loaded by more than one classloader:
Class org.gradle.internal.classloader.FilteringClassLoader                            : loaded 2 times (x 101B)
Class org.gradle.internal.classloader.ClassLoaderHierarchy                            : loaded 2 times (x 66B)
Class org.gradle.api.internal.classpath.ManifestUtil                                  : loaded 2 times (x 67B)
Class org.gradle.internal.classloader.DefaultClassLoaderFactory                       : loaded 2 times (x 78B)
Class org.gradle.internal.classloader.ClassLoaderVisitor                              : loaded 2 times (x 72B)
Class org.gradle.api.internal.classpath.EffectiveClassPath                            : loaded 2 times (x 86B)
Class org.gradle.api.internal.DefaultClassPathProvider                                : loaded 2 times (x 72B)
Class [Lorg.gradle.api.internal.ClassPathProvider;                                    : loaded 2 times (x 65B)
Class org.gradle.api.internal.ClassPathProvider                                       : loaded 2 times (x 66B)
Class org.gradle.internal.service.UnknownServiceException                             : loaded 2 times (x 79B)
Class settings_qpu5d38bndiyew96hst8sflx$_run_closure1                                 : loaded 2 times (x 135B)
Class org.gradle.internal.classpath.TransformedClassPath                              : loaded 2 times (x 92B)
Class org.gradle.internal.classloader.InstrumentingClassLoader                        : loaded 2 times (x 66B)
Class org.gradle.internal.service.ServiceLocator                                      : loaded 2 times (x 66B)
Class org.gradle.internal.InternalTransformer                                         : loaded 2 times (x 66B)
Class org.gradle.internal.classloader.ClasspathUtil$1                                 : loaded 2 times (x 72B)
Class org.gradle.api.internal.classpath.DefaultModuleRegistry$DefaultModule           : loaded 2 times (x 82B)
Class org.gradle.api.internal.classpath.Module                                        : loaded 2 times (x 66B)
Class org.gradle.api.internal.classpath.UnknownModuleException                        : loaded 2 times (x 78B)
Class org.gradle.api.internal.DefaultClassPathRegistry                                : loaded 2 times (x 72B)
Class org.gradle.api.internal.ClassPathRegistry                                       : loaded 2 times (x 66B)
Class org.gradle.internal.classpath.DefaultClassPath$ImmutableUniqueList              : loaded 2 times (x 195B)
Class org.gradle.internal.classpath.ClassPath                                         : loaded 2 times (x 66B)
Class org.gradle.api.UncheckedIOException                                             : loaded 2 times (x 78B)
Class org.gradle.internal.installation.GradleInstallation$1                           : loaded 2 times (x 71B)
Class org.gradle.api.internal.classpath.ModuleRegistry                                : loaded 2 times (x 66B)
Class org.gradle.api.internal.classpath.DefaultModuleRegistry                         : loaded 2 times (x 82B)
Class org.gradle.internal.service.ServiceLookupException                              : loaded 2 times (x 78B)
Class org.gradle.internal.classloader.ClassLoaderFactory                              : loaded 2 times (x 66B)
Class org.gradle.internal.service.CachingServiceLocator                               : loaded 2 times (x 78B)
Class org.gradle.internal.classloader.ClasspathUtil                                   : loaded 2 times (x 67B)
Class org.gradle.api.specs.Spec                                                       : loaded 2 times (x 66B)
Class org.gradle.internal.classloader.VisitableURLClassLoader$InstrumentingVisitableURLClassLoader: loaded 2 times (x 119B)
Class org.gradle.internal.classloader.VisitableURLClassLoader$Spec                    : loaded 2 times (x 70B)
Class org.gradle.internal.classpath.DefaultClassPath                                  : loaded 2 times (x 86B)
Class org.gradle.internal.classloader.ClassLoaderSpec                                 : loaded 2 times (x 67B)
Class org.gradle.internal.classloader.VisitableURLClassLoader                         : loaded 2 times (x 113B)
Class org.gradle.internal.Cast                                                        : loaded 2 times (x 67B)
Class org.gradle.api.Action                                                           : loaded 2 times (x 66B)
Class org.gradle.internal.classpath.DefaultClassPath$ImmutableUniqueList$Builder      : loaded 2 times (x 71B)
Class org.gradle.api.GradleException                                                  : loaded 2 times (x 78B)
Class settings_qpu5d38bndiyew96hst8sflx$_run_closure1$_closure2                       : loaded 2 times (x 135B)
Class org.gradle.internal.IoActions                                                   : loaded 2 times (x 67B)
Class org.gradle.internal.classloader.SystemClassLoaderSpec                           : loaded 2 times (x 67B)
Class settings_qpu5d38bndiyew96hst8sflx                                               : loaded 2 times (x 175B)
Class org.gradle.api.internal.classpath.GlobalCacheRootsProvider                      : loaded 2 times (x 66B)
Class org.gradle.internal.installation.CurrentGradleInstallationLocator               : loaded 2 times (x 67B)
Class org.gradle.internal.service.DefaultServiceLocator                               : loaded 2 times (x 79B)
Class org.gradle.internal.installation.CurrentGradleInstallation                      : loaded 2 times (x 69B)
Class org.gradle.util.internal.GUtil                                                  : loaded 2 times (x 67B)
Class org.gradle.internal.installation.GradleInstallation                             : loaded 2 times (x 71B)

---------------  S Y S T E M  ---------------

OS:
 Windows 11 , 64 bit Build 22621 (10.0.22621.5262)
OS uptime: 3 days 1:55 hours
Hyper-V role detected

CPU: total 12 (initial active 12) (12 cores per cpu, 2 threads per core) family 23 model 104 stepping 1 microcode 0x0, cx8, cmov, fxsr, ht, mmx, 3dnowpref, sse, sse2, sse3, ssse3, sse4a, sse4.1, sse4.2, popcnt, lzcnt, tsc, tscinvbit, avx, avx2, aes, clmul, bmi1, bmi2, adx, sha, fma, vzeroupper, clflush, clflushopt, hv, rdtscp, rdpid, f16c
Processor Information for processor 0
  Max Mhz: 2100, Current Mhz: 1893, Mhz Limit: 2100
Processor Information for processor 1
  Max Mhz: 2100, Current Mhz: 1813, Mhz Limit: 2100
Processor Information for processor 2
  Max Mhz: 2100, Current Mhz: 1893, Mhz Limit: 2100
Processor Information for processor 3
  Max Mhz: 2100, Current Mhz: 1813, Mhz Limit: 2100
Processor Information for processor 4
  Max Mhz: 2100, Current Mhz: 1893, Mhz Limit: 2100
Processor Information for processor 5
  Max Mhz: 2100, Current Mhz: 1813, Mhz Limit: 2100
Processor Information for processor 6
  Max Mhz: 2100, Current Mhz: 1893, Mhz Limit: 2100
Processor Information for processor 7
  Max Mhz: 2100, Current Mhz: 1813, Mhz Limit: 2100
Processor Information for processor 8
  Max Mhz: 2100, Current Mhz: 1813, Mhz Limit: 2100
Processor Information for processor 9
  Max Mhz: 2100, Current Mhz: 1813, Mhz Limit: 2100
Processor Information for processor 10
  Max Mhz: 2100, Current Mhz: 1893, Mhz Limit: 2100
Processor Information for processor 11
  Max Mhz: 2100, Current Mhz: 1893, Mhz Limit: 2100

Memory: 4k page, system-wide physical 6005M (816M free)
TotalPageFile size 24437M (AvailPageFile size 6M)
current process WorkingSet (physical memory assigned to process): 276M, peak: 276M
current process commit charge ("private bytes"): 332M, peak: 334M

vm_info: OpenJDK 64-Bit Server VM (21.0.5+-12932927-b750.29) for windows-amd64 JRE (21.0.5+-12932927-b750.29), built on 2025-01-17T02:01:10Z by "builder" with MS VC++ 16.10 / 16.11 (VS2019)

END.
